[compile server] /home/abilene/.opam/4.07.1+flambda/lib/probnetkat/../../bin/probnetkat.rpc_compile_branch -order (F1 F0 Meta4 Meta0 Meta1 Meta2 Meta3 Meta9 Meta5 Meta6 Meta7 Meta8 F2 F3 F4 F5 F6 F7 F8 F9 F10 F11 F12 F13 F14 F15 F16 F17 F18 F19 Meta10 Meta11 Meta12 Meta13 Meta14 Meta15 Meta16 Meta17 Meta18 Meta19) -cps false -j 32 -rj 32
[compile server] read: input 1 ... received.
[compile server] read: input 2 ... received.
[compile server] read: input 3 ... received.
[compile server] read: input 4 ... received.
[compile server] read: input 5 ... received.
[compile server] read: input 6 ... received.
[compile server] read: input 7 ... received.
[compile server] read: input 8 ... received.
[compile server] read: input 9 ... received.
[compile server] read: input 10 ... received.
[compile server] read: input 11 ... received.
[compile server] read: input 12 ... received.
[compile server] read: input 13 ... received.
[compile server] read: input 14 ... received.
[compile server] read: input 15 ... received.
[compile server] read: input 16 ... received.
[compile server] read: input 17 ... received.
[compile server] read: input 18 ... received.
[compile server] read: input 19 ... received.
[compile server] read: input 20 ... received.
[compile server] read: input 21 ... received.
[compile server] read: input 22 ... received.
[compile server] read: input 23 ... received.
[compile server] read: input 24 ... received.
[compile server] read: input 25 ... received.
[compile server] read: input 26 ... received.
[compile server] read: input 27 ... received.
[compile server] read: input 28 ... received.
[compile server] read: input 29 ... received.
[compile server] read: input 30 ... received.
[compile server] read: input 31 ... received.
[compile server] read: input 32 ... received.
[compile server] read: input 33 ... received.
[compile server] read: input 34 ... received.
[compile server] read: input 35 ... received.
[compile server] read: input 36 ... received.
[compile server] read: input 37 ... received.
[compile server] read: input 38 ... received.
[compile server] read: input 39 ... received.
[compile server] read: input 40 ... received.
[compile server] read: input 41 ... received.
[compile server] read: input 42 ... received.
[compile server] read: input 43 ... received.
[compile server] read: input 44 ... received.
[compile server] read: input 45 ... received.
[compile server] read: input 46 ... received.
[compile server] read: input 47 ... received.
[compile server] read: input 48 ... received.
[compile server] read: input 49 ... received.
[compile server] read: input 50 ... received.
[compile server] read: input 51 ... received.
[compile server] read: input 52 ... received.
[compile server] read: input 53 ... received.
[compile server] read: input 54 ... received.
[compile server] read: input 55 ... received.
[compile server] read: input 56 ... received.
[compile server] read: input 57 ... received.
[compile server] read: input 58 ... received.
[compile server] read: input 59 ... received.
[compile server] read: input 60 ... received.
[compile server] read: input 61 ... received.
[compile server] read: input 62 ... received.
[compile server] read: input 63 ... received.
[compile server] read: input 64 ... received.
[compile server] read: input 65 ... received.
[compile server] read: input 66 ... received.
[compile server] read: input 67 ... received.
[compile server] read: input 68 ... received.
[compile server] read: input 69 ... received.
[compile server] read: input 70 ... received.
[compile server] read: input 71 ... received.
[compile server] read: input 72 ... received.
[compile server] read: input 73 ... received.
[compile server] read: input 74 ... received.
[compile server] read: input 75 ... received.
[compile server] read: input 76 ... received.
[compile server] read: input 77 ... received.
[compile server] read: input 78 ... received.
[compile server] read: input 79 ... received.
[compile server] read: input 80 ... received.
[compile server] read: input 81 ... received.
[compile server] read: input 82 ... received.
[compile server] read: input 83 ... received.
[compile server] read: input 84 ... received.
[compile server] read: input 85 ... received.
[compile server] read: input 86 ... received.
[compile server] read: input 87 ... received.
[compile server] read: input 88 ... received.
[compile server] read: input 89 ... received.
[compile server] read: input 90 ... received.
[compile server] read: input 91 ... received.
[compile server] read: input 92 ... received.
[compile server] read: input 93 ... received.
[compile server] read: input 94 ... received.
[compile server] read: input 95 ... received.
[compile server] read: input 96 ... received.
[compile server] read: input 97 ... received.
[compile server] read: input 98 ... received.
[compile server] read: input 99 ... received.
[compile server] read: input 100 ... received.
[compile server] read: input 101 ... received.
[compile server] read: input 102 ... received.
[compile server] read: input 103 ... received.
[compile server] read: input 104 ... received.
[compile server] read: input 105 ... received.
[compile server] read: input 106 ... received.
[compile server] read: input 107 ... received.
[compile server] read: input 108 ... received.
[compile server] read: input 109 ... received.
[compile server] read: input 110 ... received.
[compile server] read: input 111 ... received.
[compile server] read: input 112 ... received.
[compile server] read: input 113 ... received.
[compile server] read: input 114 ... received.
[compile server] read: input 115 ... received.
[compile server] read: input 116 ... received.
[compile server] read: input 117 ... received.
[compile server] read: input 118 ... received.
[compile server] read: input 119 ... received.
[compile server] read: input 120 ... received.
[compile server] read: input 121 ... received.
[compile server] read: input 122 ... received.
[compile server] read: input 123 ... received.
[compile server] read: input 124 ... received.
[compile server] read: input 125 ... eof.
[compile server] -> all inputs received!
[compile server] sending back result...
[compile server] -> done.
[compile server] Shutting down. Bye.
start while loop...
start sending fdds as matrices to python...
start sending ap...
start naive fixpoint...
--> sending ap done! 0.023302 seconds
start sending not_a...
--> sending not_a done! 0.005392 seconds
--> sending fdds as matrices to python done! 0.028796 seconds
--> naive fixpoint done! 0.342552 seconds
start serializing & sending Fdd...
--> serializing & sending Fdd done! 0.000749 seconds
*** ocaml won race!
start deserializing & receiving Fdd...
--> deserializing & receiving Fdd done! 0.005558 seconds
--> while loop done! 0.925474 seconds
E[delivered] = 942944409/980000000
E[delivered] ≈ 0.962188
probnetkat.with_topo ../../examples/output/fattree_10_sw_125.dot -scheme SPF -fail-with 1/100TIME: 4.078721.
