PRISM
=====

Version: 4.4
Date: Thu Nov 15 08:29:19 EST 2018
Hostname: atlas-17
Memory limits: cudd=1g, java(heap)=964.5m
Command line: prism cps=False_dont_iterate=False_parallelize=True_prism=True_k=4_scheme=RW.pm prism.pctl -maxiters 1000000

Parsing model file "cps=False_dont_iterate=False_parallelize=True_prism=True_k=4_scheme=RW.pm"...

Parsing properties file "prism.pctl"...

1 property:
(1) P=? [ F (__state__=0) ]

Type:        DTMC
Modules:     ProbNetKAT 
Variables:   __state__ pt sw up_0 up_1 up_2 up_3 

---------------------------------------------------------------------

Model checking: P=? [ F (__state__=0) ]

Building model...

Computing reachable states...

Reachability (BFS): 30 iterations in 0.01 seconds (average 0.000267, setup 0.00)

Time for model construction: 0.087 seconds.

Warning: Deadlocks detected and fixed in 412 states

Type:        DTMC
States:      2951 (1 initial)
Transitions: 6058

Transition matrix: 3314 nodes (7 terminal), 6058 minterms, vars: 18r/18c

Prob0: 37 iterations in 0.01 seconds (average 0.000297, setup 0.00)

Prob1: 9 iterations in 0.01 seconds (average 0.000556, setup 0.00)

yes = 36, no = 486, maybe = 2429

Computing remaining probabilities...
Engine: Hybrid

Building hybrid MTBDD matrix... [levels=18, nodes=3046] [142.8 KB]
Adding explicit sparse matrices... [levels=18, num=1, compact] [23.9 KB]
Creating vector for diagonals... [dist=1, compact] [5.8 KB]
Creating vector for RHS... [dist=2, compact] [5.8 KB]
Allocating iteration vectors... [2 x 23.1 KB]
TOTAL: [224.3 KB]

Starting iterations...

Jacobi: 2116 iterations in 0.06 seconds (average 0.000027, setup 0.00)

Value in the initial state: 0.6818427718019655

Time for model checking: 0.087 seconds.

Result: 0.6818427718019655 (value in the initial state)

---------------------------------------------------------------------

Note: There was 1 warning during computation.

probnetkat.with_topo ../../examples/output/fattree_4_sw_20.dot -scheme RW -fail-with 1/100 -prismprism cps=False_dont_iterate=False_parallelize=True_prism=True_k=4_scheme=RW.pm prism.pctl -maxiters 1000000TIME: 4.692922.
