PRISM
=====

Version: 4.4
Date: Thu Nov 15 08:29:28 EST 2018
Hostname: atlas-17
Memory limits: cudd=1g, java(heap)=964.5m
Command line: prism cps=False_dont_iterate=False_parallelize=True_prism=True_k=6_scheme=RW.pm prism.pctl -maxiters 1000000

Parsing model file "cps=False_dont_iterate=False_parallelize=True_prism=True_k=6_scheme=RW.pm"...

Parsing properties file "prism.pctl"...

1 property:
(1) P=? [ F (__state__=0) ]

Type:        DTMC
Modules:     ProbNetKAT 
Variables:   __state__ pt sw up_0 up_1 up_2 up_3 up_4 up_5 

---------------------------------------------------------------------

Model checking: P=? [ F (__state__=0) ]

Building model...

Computing reachable states...

Reachability (BFS): 37 iterations in 0.04 seconds (average 0.001108, setup 0.00)

Time for model construction: 1.001 seconds.

Warning: Deadlocks detected and fixed in 5388 states

Type:        DTMC
States:      38206 (1 initial)
Transitions: 101499

Transition matrix: 12476 nodes (7 terminal), 101499 minterms, vars: 24r/24c

Prob0: 45 iterations in 0.06 seconds (average 0.001222, setup 0.00)

Prob1: 11 iterations in 0.03 seconds (average 0.002273, setup 0.00)

yes = 198, no = 5649, maybe = 32359

Computing remaining probabilities...
Engine: Hybrid

Building hybrid MTBDD matrix... [levels=24, nodes=11389] [533.9 KB]
Adding explicit sparse matrices... [levels=24, num=1, compact] [407.1 KB]
Creating vector for diagonals... [dist=1, compact] [74.6 KB]
Creating vector for RHS... [dist=2, compact] [74.6 KB]
Allocating iteration vectors... [2 x 298.5 KB]
TOTAL: [1.6 MB]

Starting iterations...

Jacobi: 3506 iterations in 1.51 seconds (average 0.000418, setup 0.04)

Value in the initial state: 0.5130447727598311

Time for model checking: 1.611 seconds.

Result: 0.5130447727598311 (value in the initial state)

---------------------------------------------------------------------

Note: There was 1 warning during computation.

probnetkat.with_topo ../../examples/output/fattree_6_sw_45.dot -scheme RW -fail-with 1/100 -prismprism cps=False_dont_iterate=False_parallelize=True_prism=True_k=6_scheme=RW.pm prism.pctl -maxiters 1000000TIME: 6.448850.
