PRISM
=====

Version: 4.4
Date: Thu Nov 15 05:51:40 EST 2018
Hostname: atlas-17
Memory limits: cudd=1g, java(heap)=964.5m
Command line: prism cps=False_dont_iterate=False_parallelize=True_prism=True_k=4_scheme=SPF.pm prism.pctl -maxiters 1000000

Parsing model file "cps=False_dont_iterate=False_parallelize=True_prism=True_k=4_scheme=SPF.pm"...

Parsing properties file "prism.pctl"...

1 property:
(1) P=? [ F (__state__=0) ]

Type:        DTMC
Modules:     ProbNetKAT 
Variables:   __state__ pt sw up_0 up_1 up_2 up_3 

---------------------------------------------------------------------

Model checking: P=? [ F (__state__=0) ]

Building model...

Computing reachable states...

Reachability (BFS): 30 iterations in 0.01 seconds (average 0.000433, setup 0.00)

Time for model construction: 0.193 seconds.

Warning: Deadlocks detected and fixed in 54 states

Type:        DTMC
States:      643 (1 initial)
Transitions: 863

Transition matrix: 1678 nodes (5 terminal), 863 minterms, vars: 18r/18c

Prob0: 33 iterations in 0.01 seconds (average 0.000364, setup 0.00)

Prob1: 10 iterations in 0.01 seconds (average 0.000700, setup 0.00)

yes = 48, no = 238, maybe = 357

Computing remaining probabilities...
Engine: Hybrid

Building hybrid MTBDD matrix... [levels=18, nodes=1567] [73.5 KB]
Adding explicit sparse matrices... [levels=18, num=1, compact] [2.6 KB]
Creating vector for diagonals... [dist=1, compact] [1.3 KB]
Creating vector for RHS... [dist=2, compact] [1.3 KB]
Allocating iteration vectors... [2 x 5.0 KB]
TOTAL: [88.6 KB]

Starting iterations...

Jacobi: 27 iterations in 0.00 seconds (average 0.000000, setup 0.00)

Value in the initial state: 0.963382294285714

Time for model checking: 0.033 seconds.

Result: 0.963382294285714 (value in the initial state)

---------------------------------------------------------------------

Note: There was 1 warning during computation.

probnetkat.with_topo ../../examples/output/fattree_4_sw_20.dot -scheme SPF -fail-with 1/100 -prismprism cps=False_dont_iterate=False_parallelize=True_prism=True_k=4_scheme=SPF.pm prism.pctl -maxiters 1000000TIME: 2.538508.
