PRISM
=====

Version: 4.4
Date: Thu Nov 15 07:00:36 EST 2018
Hostname: atlas-17
Memory limits: cudd=1g, java(heap)=964.5m
Command line: prism cps=True_dont_iterate=False_parallelize=True_prism=True_k=14_scheme=ECMP.pm prism.pctl -maxiters 1000000

Parsing model file "cps=True_dont_iterate=False_parallelize=True_prism=True_k=14_scheme=ECMP.pm"...

Parsing properties file "prism.pctl"...

1 property:
(1) P=? [ F (__state__=0) ]

Type:        DTMC
Modules:     ProbNetKAT 
Variables:   __state__ pt sw up_0 up_1 up_10 up_11 up_12 up_13 up_2 up_3 up_4 up_5 up_6 up_7 up_8 up_9 

---------------------------------------------------------------------

Model checking: P=? [ F (__state__=0) ]

Building model...

Computing reachable states...

Reachability (BFS): 68 iterations in 0.97 seconds (average 0.014235, setup 0.00)

Time for model construction: 101.292 seconds.

Type:        DTMC
States:      67784886 (1 initial)
Transitions: 184946272

Transition matrix: 158201 nodes (6 terminal), 184946272 minterms, vars: 38r/38c

Prob0: 72 iterations in 1.42 seconds (average 0.019694, setup 0.00)

Prob1: 32 iterations in 1.20 seconds (average 0.037344, setup 0.00)

yes = 917518, no = 11623731, maybe = 55243637

Computing remaining probabilities...
Engine: Hybrid

Building hybrid MTBDD matrix... [levels=38, nodes=172253] [7.9 MB]
Adding explicit sparse matrices... [levels=11, num=508, compact] [752.1 KB]
Creating vector for diagonals... [dist=2, compact] [129.3 MB]
Creating vector for RHS... [dist=2, compact] [129.3 MB]
Allocating iteration vectors... [2 x 517.2 MB]
TOTAL: [1.3 GB]

Starting iterations...
Iteration 6: max relative diff=1.000000, 5.89 sec so far
Iteration 12: max relative diff=1.000000, 11.37 sec so far
Iteration 18: max relative diff=1.000000, 16.86 sec so far
Iteration 24: max relative diff=1.000000, 22.36 sec so far
Iteration 30: max relative diff=1.000000, 27.87 sec so far
Iteration 36: max relative diff=1.000000, 33.39 sec so far
Iteration 42: max relative diff=1.000000, 39.01 sec so far
Iteration 48: max relative diff=1.000000, 44.66 sec so far
Iteration 54: max relative diff=1.000000, 50.24 sec so far
Iteration 60: max relative diff=1.000000, 55.77 sec so far
Iteration 66: max relative diff=1.000000, 61.14 sec so far
Iteration 72: max relative diff=0.014338, 66.52 sec so far
Iteration 78: max relative diff=0.004583, 71.77 sec so far
Iteration 84: max relative diff=0.001512, 76.98 sec so far
Iteration 90: max relative diff=0.000504, 82.20 sec so far
Iteration 96: max relative diff=0.000168, 87.36 sec so far
Iteration 102: max relative diff=0.000056, 92.83 sec so far
Iteration 108: max relative diff=0.000019, 97.98 sec so far
Iteration 114: max relative diff=0.000006, 103.13 sec so far
Iteration 120: max relative diff=0.000002, 108.30 sec so far

Jacobi: 125 iterations in 124.30 seconds (average 0.900696, setup 11.71)

Value in the initial state: 0.9807123711339919

Time for model checking: 128.245 seconds.

Result: 0.9807123711339919 (value in the initial state)

probnetkat.with_topo ../../examples/output/fattree_14_sw_245.dot -scheme ECMP -fail-with 1/100 -cps -prismprism cps=True_dont_iterate=False_parallelize=True_prism=True_k=14_scheme=ECMP.pm prism.pctl -maxiters 1000000TIME: 232.162185.
