PRISM
=====

Version: 4.4
Date: Thu Nov 15 05:56:46 EST 2018
Hostname: atlas-17
Memory limits: cudd=1g, java(heap)=964.5m
Command line: prism cps=True_dont_iterate=False_parallelize=True_prism=True_k=16_scheme=SPF.pm prism.pctl -maxiters 1000000

Parsing model file "cps=True_dont_iterate=False_parallelize=True_prism=True_k=16_scheme=SPF.pm"...

Parsing properties file "prism.pctl"...

1 property:
(1) P=? [ F (__state__=0) ]

Type:        DTMC
Modules:     ProbNetKAT 
Variables:   __state__ pt sw up_0 up_1 up_10 up_11 up_12 up_13 up_14 up_15 up_2 up_3 up_4 up_5 up_6 up_7 up_8 up_9 

---------------------------------------------------------------------

Model checking: P=? [ F (__state__=0) ]

Building model...

Computing reachable states...

Reachability (BFS): 72 iterations in 0.45 seconds (average 0.006222, setup 0.00)

Time for model construction: 148.054 seconds.

Warning: Deadlocks detected and fixed in 573312 states

Type:        DTMC
States:      20984443 (1 initial)
Transitions: 30616043

Transition matrix: 51962 nodes (5 terminal), 30616043 minterms, vars: 42r/42c

Prob0: 75 iterations in 0.20 seconds (average 0.002627, setup 0.00)

Prob1: 32 iterations in 0.19 seconds (average 0.005844, setup 0.00)

yes = 327682, no = 9939416, maybe = 10717345

Computing remaining probabilities...
Engine: Hybrid

Building hybrid MTBDD matrix... [levels=42, nodes=52758] [2.4 MB]
Adding explicit sparse matrices... [levels=13, num=260, compact] [896.6 KB]
Creating vector for diagonals... [dist=1, compact] [40.0 MB]
Creating vector for RHS... [dist=2, compact] [40.0 MB]
Allocating iteration vectors... [2 x 160.1 MB]
TOTAL: [403.5 MB]

Starting iterations...
Iteration 31: max relative diff=1.000000, 5.02 sec so far
Iteration 62: max relative diff=1.000000, 10.05 sec so far

Jacobi: 72 iterations in 12.62 seconds (average 0.162153, setup 0.95)

Value in the initial state: 0.9616710330708625

Time for model checking: 13.259 seconds.

Result: 0.9616710330708625 (value in the initial state)

---------------------------------------------------------------------

Note: There was 1 warning during computation.

probnetkat.with_topo ../../examples/output/fattree_16_sw_320.dot -scheme SPF -fail-with 1/100 -cps -prismprism cps=True_dont_iterate=False_parallelize=True_prism=True_k=16_scheme=SPF.pm prism.pctl -maxiters 1000000TIME: 164.546400.
