PRISM
=====

Version: 4.4
Date: Thu Nov 15 05:52:50 EST 2018
Hostname: atlas-17
Memory limits: cudd=1g, java(heap)=964.5m
Command line: prism cps=True_dont_iterate=False_parallelize=True_prism=True_k=12_scheme=SPF.pm prism.pctl -maxiters 1000000

Parsing model file "cps=True_dont_iterate=False_parallelize=True_prism=True_k=12_scheme=SPF.pm"...

Parsing properties file "prism.pctl"...

1 property:
(1) P=? [ F (__state__=0) ]

Type:        DTMC
Modules:     ProbNetKAT 
Variables:   __state__ pt sw up_0 up_1 up_10 up_11 up_2 up_3 up_4 up_5 up_6 up_7 up_8 up_9 

---------------------------------------------------------------------

Model checking: P=? [ F (__state__=0) ]

Building model...

Computing reachable states...

Reachability (BFS): 58 iterations in 0.20 seconds (average 0.003448, setup 0.00)

Time for model construction: 29.689 seconds.

Warning: Deadlocks detected and fixed in 28896 states

Type:        DTMC
States:      821581 (1 initial)
Transitions: 1188729

Transition matrix: 24666 nodes (5 terminal), 1188729 minterms, vars: 36r/36c

Prob0: 61 iterations in 0.08 seconds (average 0.001295, setup 0.00)

Prob1: 24 iterations in 0.07 seconds (average 0.002833, setup 0.00)

yes = 25602, no = 391122, maybe = 404857

Computing remaining probabilities...
Engine: Hybrid

Building hybrid MTBDD matrix... [levels=36, nodes=25346] [1.2 MB]
Adding explicit sparse matrices... [levels=20, num=867, compact] [657.0 KB]
Creating vector for diagonals... [dist=1, compact] [1.6 MB]
Creating vector for RHS... [dist=2, compact] [1.6 MB]
Allocating iteration vectors... [2 x 6.3 MB]
TOTAL: [17.5 MB]

Starting iterations...

Jacobi: 56 iterations in 0.49 seconds (average 0.005661, setup 0.17)

Value in the initial state: 0.9619695304225361

Time for model checking: 0.666 seconds.

Result: 0.9619695304225361 (value in the initial state)

---------------------------------------------------------------------

Note: There was 1 warning during computation.

probnetkat.with_topo ../../examples/output/fattree_12_sw_180.dot -scheme SPF -fail-with 1/100 -cps -prismprism cps=True_dont_iterate=False_parallelize=True_prism=True_k=12_scheme=SPF.pm prism.pctl -maxiters 1000000TIME: 32.801322.
