PRISM
=====

Version: 4.4
Date: Thu Nov 15 06:39:27 EST 2018
Hostname: atlas-17
Memory limits: cudd=1g, java(heap)=964.5m
Command line: prism cps=False_dont_iterate=False_parallelize=True_prism=True_k=20_scheme=SPF.pm prism.pctl -maxiters 1000000

Parsing model file "cps=False_dont_iterate=False_parallelize=True_prism=True_k=20_scheme=SPF.pm"...

Parsing properties file "prism.pctl"...

1 property:
(1) P=? [ F (__state__=0) ]

Type:        DTMC
Modules:     ProbNetKAT 
Variables:   __state__ pt sw up_0 up_1 up_10 up_11 up_12 up_13 up_14 up_15 up_16 up_17 up_18 up_19 up_2 up_3 up_4 up_5 up_6 up_7 up_8 up_9 

---------------------------------------------------------------------

Model checking: P=? [ F (__state__=0) ]

Building model...
probnetkat.with_topo ../../examples/output/fattree_20_sw_500.dot -scheme SPF -fail-with 1/100 -prismprism cps=False_dont_iterate=False_parallelize=True_prism=True_k=20_scheme=SPF.pm prism.pctl -maxiters 1000000TIMEOUT: 600 seconds.

Computing reachable states...

Reachability (BFS): 86 iterations in 2.94 seconds (average 0.034233, setup 0.00)

Time for model construction: 989.271 seconds.

Warning: Deadlocks detected and fixed in 11111936 states

Type:        DTMC
States:      496689609 (1 initial)
Transitions: 728365293

Transition matrix: 107015 nodes (5 terminal), 728365293 minterms, vars: 48r/48c

Prob0: 89 iterations in 0.89 seconds (average 0.009944, setup 0.00)

Prob1: 33 iterations in 0.68 seconds (average 0.020485, setup 0.00)

yes = 10223618, no = 240464564, maybe = 246001427

Computing remaining probabilities...
Engine: Hybrid

Building hybrid MTBDD matrix... [levels=48, nodes=109795] [5.0 MB]
Adding explicit sparse matrices... [levels=13, num=270, compact] [998.8 KB]
Creating vector for diagonals... [dist=1, compact] [947.4 MB]
Creating vector for RHS... [dist=2, compact] [947.4 MB]
Allocating iteration vectors... [2 x 3.7 GB]
TOTAL: [9.3 GB]

Starting iterations...
Iteration 2: max relative diff=1.000000, 9.14 sec so far
Iteration 4: max relative diff=1.000000, 17.45 sec so far
Iteration 6: max relative diff=1.000000, 26.13 sec so far
Iteration 8: max relative diff=1.000000, 34.13 sec so far
Iteration 10: max relative diff=1.000000, 42.34 sec so far
Iteration 12: max relative diff=1.000000, 50.05 sec so far
Iteration 14: max relative diff=1.000000, 58.13 sec so far
Iteration 16: max relative diff=1.000000, 66.39 sec so far
Iteration 18: max relative diff=1.000000, 74.02 sec so far
Iteration 20: max relative diff=1.000000, 81.67 sec so far
Iteration 22: max relative diff=1.000000, 91.36 sec so far
Iteration 24: max relative diff=1.000000, 99.26 sec so far
Iteration 26: max relative diff=1.000000, 106.85 sec so far
Iteration 28: max relative diff=1.000000, 114.42 sec so far
Iteration 30: max relative diff=1.000000, 122.00 sec so far
Iteration 32: max relative diff=1.000000, 129.57 sec so far
Iteration 34: max relative diff=1.000000, 137.14 sec so far
Iteration 36: max relative diff=1.000000, 144.71 sec so far
Iteration 38: max relative diff=1.000000, 153.54 sec so far
Iteration 39: max relative diff=1.000000, 159.99 sec so far
Iteration 41: max relative diff=1.000000, 167.71 sec so far
Iteration 43: max relative diff=1.000000, 175.27 sec so far
Iteration 45: max relative diff=1.000000, 182.86 sec so far
Iteration 47: max relative diff=1.000000, 190.63 sec so far
Iteration 49: max relative diff=1.000000, 198.24 sec so far
Iteration 51: max relative diff=1.000000, 205.80 sec so far
Iteration 53: max relative diff=1.000000, 213.36 sec so far
Iteration 55: max relative diff=1.000000, 220.94 sec so far
Iteration 56: max relative diff=1.000000, 226.22 sec so far
Iteration 57: max relative diff=1.000000, 234.30 sec so far
Iteration 58: max relative diff=1.000000, 241.62 sec so far
Iteration 59: max relative diff=1.000000, 249.54 sec so far
Iteration 61: max relative diff=1.000000, 257.92 sec so far
Iteration 63: max relative diff=1.000000, 265.77 sec so far
Iteration 65: max relative diff=1.000000, 273.57 sec so far
Iteration 67: max relative diff=1.000000, 281.15 sec so far
Iteration 69: max relative diff=1.000000, 288.73 sec so far
Iteration 71: max relative diff=1.000000, 296.31 sec so far
Iteration 73: max relative diff=1.000000, 303.88 sec so far
Iteration 75: max relative diff=1.000000, 311.45 sec so far
Iteration 77: max relative diff=1.000000, 319.05 sec so far
Iteration 79: max relative diff=1.000000, 326.62 sec so far
Iteration 81: max relative diff=1.000000, 334.19 sec so far
Iteration 83: max relative diff=0.953898, 341.77 sec so far

Jacobi: 84 iterations in 358.31 seconds (average 4.113714, setup 12.75)

Value in the initial state: 0.9614781000000365

Time for model checking: 367.235 seconds.

Result: 0.9614781000000365 (value in the initial state)

---------------------------------------------------------------------

Note: There was 1 warning during computation.

