PRISM
=====

Version: 4.4
Date: Thu Nov 15 06:19:26 EST 2018
Hostname: atlas-17
Memory limits: cudd=1g, java(heap)=964.5m
Command line: prism cps=True_dont_iterate=False_parallelize=True_prism=True_k=20_scheme=SPF.pm prism.pctl -maxiters 1000000

Parsing model file "cps=True_dont_iterate=False_parallelize=True_prism=True_k=20_scheme=SPF.pm"...

Parsing properties file "prism.pctl"...

1 property:
(1) P=? [ F (__state__=0) ]

Type:        DTMC
Modules:     ProbNetKAT 
Variables:   __state__ pt sw up_0 up_1 up_10 up_11 up_12 up_13 up_14 up_15 up_16 up_17 up_18 up_19 up_2 up_3 up_4 up_5 up_6 up_7 up_8 up_9 

---------------------------------------------------------------------

Model checking: P=? [ F (__state__=0) ]

Building model...
probnetkat.with_topo ../../examples/output/fattree_20_sw_500.dot -scheme SPF -fail-with 1/100 -cps -prismprism cps=True_dont_iterate=False_parallelize=True_prism=True_k=20_scheme=SPF.pm prism.pctl -maxiters 1000000TIMEOUT: 600 seconds.

Computing reachable states...

Reachability (BFS): 86 iterations in 5.46 seconds (average 0.063453, setup 0.00)

Time for model construction: 991.764 seconds.

Warning: Deadlocks detected and fixed in 11111936 states

Type:        DTMC
States:      496689609 (1 initial)
Transitions: 728365293

Transition matrix: 107015 nodes (5 terminal), 728365293 minterms, vars: 48r/48c

Prob0: 89 iterations in 3.67 seconds (average 0.041191, setup 0.00)

Prob1: 33 iterations in 3.21 seconds (average 0.097333, setup 0.00)

yes = 10223618, no = 240464564, maybe = 246001427

Computing remaining probabilities...
Engine: Hybrid

Building hybrid MTBDD matrix... [levels=48, nodes=109795] [5.0 MB]
Adding explicit sparse matrices... [levels=13, num=270, compact] [998.8 KB]
Creating vector for diagonals... [dist=1, compact] [947.4 MB]
Creating vector for RHS... [dist=2, compact] [947.4 MB]
Allocating iteration vectors... [2 x 3.7 GB]
TOTAL: [9.3 GB]

Starting iterations...
Iteration 1: max relative diff=1.000000, 9.48 sec so far
Iteration 2: max relative diff=1.000000, 19.73 sec so far
Iteration 3: max relative diff=1.000000, 30.50 sec so far
Iteration 4: max relative diff=1.000000, 41.15 sec so far
Iteration 5: max relative diff=1.000000, 50.61 sec so far
Iteration 6: max relative diff=1.000000, 60.96 sec so far
Iteration 7: max relative diff=1.000000, 70.86 sec so far
Iteration 8: max relative diff=1.000000, 79.99 sec so far
Iteration 9: max relative diff=1.000000, 87.19 sec so far
Iteration 11: max relative diff=1.000000, 96.19 sec so far
Iteration 13: max relative diff=1.000000, 104.59 sec so far
Iteration 15: max relative diff=1.000000, 112.49 sec so far
Iteration 17: max relative diff=1.000000, 120.10 sec so far
Iteration 19: max relative diff=1.000000, 127.69 sec so far
Iteration 21: max relative diff=1.000000, 135.29 sec so far
Iteration 23: max relative diff=1.000000, 142.93 sec so far
Iteration 25: max relative diff=1.000000, 150.55 sec so far
Iteration 27: max relative diff=1.000000, 158.31 sec so far
Iteration 29: max relative diff=1.000000, 165.91 sec so far
Iteration 31: max relative diff=1.000000, 173.54 sec so far
Iteration 33: max relative diff=1.000000, 181.15 sec so far
Iteration 35: max relative diff=1.000000, 188.81 sec so far
Iteration 37: max relative diff=1.000000, 196.39 sec so far
Iteration 39: max relative diff=1.000000, 204.18 sec so far
Iteration 41: max relative diff=1.000000, 211.75 sec so far
Iteration 43: max relative diff=1.000000, 219.34 sec so far
Iteration 45: max relative diff=1.000000, 226.95 sec so far
Iteration 47: max relative diff=1.000000, 234.75 sec so far
Iteration 49: max relative diff=1.000000, 242.67 sec so far
Iteration 51: max relative diff=1.000000, 250.27 sec so far
Iteration 53: max relative diff=1.000000, 257.85 sec so far
Iteration 55: max relative diff=1.000000, 265.45 sec so far
Iteration 57: max relative diff=1.000000, 273.14 sec so far
Iteration 59: max relative diff=1.000000, 280.71 sec so far
Iteration 61: max relative diff=1.000000, 288.29 sec so far
Iteration 63: max relative diff=1.000000, 295.87 sec so far
Iteration 65: max relative diff=1.000000, 303.44 sec so far
Iteration 67: max relative diff=1.000000, 311.03 sec so far
Iteration 69: max relative diff=1.000000, 318.64 sec so far
Iteration 71: max relative diff=1.000000, 326.23 sec so far
Iteration 73: max relative diff=1.000000, 333.80 sec so far
Iteration 75: max relative diff=1.000000, 341.38 sec so far
Iteration 77: max relative diff=1.000000, 348.96 sec so far
Iteration 79: max relative diff=1.000000, 356.54 sec so far
Iteration 81: max relative diff=1.000000, 364.12 sec so far
Iteration 83: max relative diff=0.953898, 371.69 sec so far

Jacobi: 84 iterations in 451.20 seconds (average 4.470060, setup 75.72)

Value in the initial state: 0.9614781000000365

Time for model checking: 490.118 seconds.

Result: 0.9614781000000365 (value in the initial state)

---------------------------------------------------------------------

Note: There was 1 warning during computation.

