PRISM
=====

Version: 4.4
Date: Thu Nov 15 07:05:34 EST 2018
Hostname: atlas-17
Memory limits: cudd=1g, java(heap)=964.5m
Command line: prism cps=False_dont_iterate=False_parallelize=True_prism=True_k=14_scheme=ECMP.pm prism.pctl -maxiters 1000000

Parsing model file "cps=False_dont_iterate=False_parallelize=True_prism=True_k=14_scheme=ECMP.pm"...

Parsing properties file "prism.pctl"...

1 property:
(1) P=? [ F (__state__=0) ]

Type:        DTMC
Modules:     ProbNetKAT 
Variables:   __state__ pt sw up_0 up_1 up_10 up_11 up_12 up_13 up_2 up_3 up_4 up_5 up_6 up_7 up_8 up_9 

---------------------------------------------------------------------

Model checking: P=? [ F (__state__=0) ]

Building model...

Computing reachable states...

Reachability (BFS): 68 iterations in 1.01 seconds (average 0.014824, setup 0.00)

Time for model construction: 98.805 seconds.

Type:        DTMC
States:      67784886 (1 initial)
Transitions: 184946272

Transition matrix: 158201 nodes (6 terminal), 184946272 minterms, vars: 38r/38c

Prob0: 72 iterations in 1.34 seconds (average 0.018583, setup 0.00)

Prob1: 32 iterations in 1.33 seconds (average 0.041656, setup 0.00)

yes = 917518, no = 11623731, maybe = 55243637

Computing remaining probabilities...
Engine: Hybrid

Building hybrid MTBDD matrix... [levels=38, nodes=172253] [7.9 MB]
Adding explicit sparse matrices... [levels=11, num=508, compact] [752.1 KB]
Creating vector for diagonals... [dist=2, compact] [129.3 MB]
Creating vector for RHS... [dist=2, compact] [129.3 MB]
Allocating iteration vectors... [2 x 517.2 MB]
TOTAL: [1.3 GB]

Starting iterations...
Iteration 6: max relative diff=1.000000, 5.07 sec so far
Iteration 12: max relative diff=1.000000, 10.16 sec so far
Iteration 17: max relative diff=1.000000, 15.43 sec so far
Iteration 23: max relative diff=1.000000, 21.15 sec so far
Iteration 29: max relative diff=1.000000, 26.77 sec so far
Iteration 35: max relative diff=1.000000, 32.31 sec so far
Iteration 41: max relative diff=1.000000, 37.81 sec so far
Iteration 47: max relative diff=1.000000, 43.30 sec so far
Iteration 53: max relative diff=1.000000, 48.79 sec so far
Iteration 59: max relative diff=1.000000, 54.28 sec so far
Iteration 65: max relative diff=1.000000, 59.73 sec so far
Iteration 71: max relative diff=0.017456, 65.18 sec so far
Iteration 77: max relative diff=0.005525, 70.58 sec so far
Iteration 83: max relative diff=0.001817, 75.89 sec so far
Iteration 89: max relative diff=0.000605, 81.19 sec so far
Iteration 95: max relative diff=0.000202, 86.43 sec so far
Iteration 101: max relative diff=0.000068, 91.66 sec so far
Iteration 107: max relative diff=0.000023, 96.89 sec so far
Iteration 112: max relative diff=0.000009, 102.66 sec so far
Iteration 118: max relative diff=0.000003, 107.94 sec so far
Iteration 124: max relative diff=0.000001, 113.22 sec so far

Jacobi: 125 iterations in 125.26 seconds (average 0.912896, setup 11.14)

Value in the initial state: 0.9807123711339919

Time for model checking: 129.456 seconds.

Result: 0.9807123711339919 (value in the initial state)

probnetkat.with_topo ../../examples/output/fattree_14_sw_245.dot -scheme ECMP -fail-with 1/100 -prismprism cps=False_dont_iterate=False_parallelize=True_prism=True_k=14_scheme=ECMP.pm prism.pctl -maxiters 1000000TIME: 231.188616.
