PRISM
=====

Version: 4.4
Date: Thu Nov 15 05:51:28 EST 2018
Hostname: atlas-17
Memory limits: cudd=1g, java(heap)=964.5m
Command line: prism cps=False_dont_iterate=False_parallelize=True_prism=True_k=2_scheme=SPF.pm prism.pctl -maxiters 1000000

Parsing model file "cps=False_dont_iterate=False_parallelize=True_prism=True_k=2_scheme=SPF.pm"...

Parsing properties file "prism.pctl"...

1 property:
(1) P=? [ F (__state__=0) ]

Type:        DTMC
Modules:     ProbNetKAT 
Variables:   __state__ pt sw up_0 up_1 

---------------------------------------------------------------------

Model checking: P=? [ F (__state__=0) ]

Building model...

Computing reachable states...

Reachability (BFS): 26 iterations in 0.00 seconds (average 0.000038, setup 0.00)

Time for model construction: 0.019 seconds.

Warning: Deadlocks detected and fixed in 7 states

Type:        DTMC
States:      52 (1 initial)
Transitions: 62

Transition matrix: 351 nodes (4 terminal), 62 minterms, vars: 11r/11c

Prob0: 26 iterations in 0.00 seconds (average 0.000077, setup 0.00)

Prob1: 7 iterations in 0.00 seconds (average 0.000000, setup 0.00)

yes = 9, no = 16, maybe = 27

Computing remaining probabilities...
Engine: Hybrid

Building hybrid MTBDD matrix... [levels=11, nodes=287] [13.5 KB]
Adding explicit sparse matrices... [levels=11, num=1, compact] [0.2 KB]
Creating vector for diagonals... [dist=1, compact] [0.1 KB]
Creating vector for RHS... [dist=2, compact] [0.1 KB]
Allocating iteration vectors... [2 x 0.4 KB]
TOTAL: [14.7 KB]

Starting iterations...

Jacobi: 21 iterations in 0.00 seconds (average 0.000000, setup 0.00)

Value in the initial state: 0.96059601

Time for model checking: 0.004 seconds.

Result: 0.96059601 (value in the initial state)

---------------------------------------------------------------------

Note: There was 1 warning during computation.

probnetkat.with_topo ../../examples/output/fattree_2_sw_5.dot -scheme SPF -fail-with 1/100 -prismprism cps=False_dont_iterate=False_parallelize=True_prism=True_k=2_scheme=SPF.pm prism.pctl -maxiters 1000000TIME: 2.005102.
