[compile server] /home/abilene/.opam/4.07.1+flambda/lib/probnetkat/../../bin/probnetkat.rpc_compile_branch -order (F1 F0 Meta1 Meta0 F2 F3 F4 F5 F6 F7 F8 F9 F10 F11 F12 F13 F14 F15 F16 F17 F18 F19 Meta2 Meta3 Meta4 Meta5 Meta6 Meta7 Meta8 Meta9 Meta10 Meta11 Meta12 Meta13 Meta14 Meta15 Meta16 Meta17 Meta18 Meta19) -cps false -j 32 -rj 32
[compile server] read: input 1 ... received.
[compile server] read: input 2 ... received.
[compile server] read: input 3 ... received.
[compile server] read: input 4 ... received.
[compile server] read: input 5 ... eof.
[compile server] -> all inputs received!
[compile server] sending back result...
[compile server] -> done.
[compile server] Shutting down. Bye.
start while loop...
start sending fdds as matrices to python...
start sending ap...
--> sending ap done! 0.000640 seconds
start sending not_a...
--> sending not_a done! 0.000116 seconds
--> sending fdds as matrices to python done! 0.000826 seconds
start naive fixpoint...
*** python won race!
start receive result from python...
--> receive result from python done! 0.000071 seconds
start matrix -> fdd conversion...
--> matrix -> fdd conversion done! 0.001342 seconds
--> while loop done! 209.404564 seconds
E[delivered] = 30906627950493124/36028797018963965
E[delivered] ≈ 0.857831
probnetkat.with_topo ../../examples/output/fattree_2_sw_5.dot -scheme RW -fail-with 1/100TIME: 212.195901.
