$ probnetkat.with_topo ../../examples/output/fattree_8_sw_80.dot -scheme RW -fail-with 1/100
[compile server] /home/steffen/.opam/4.07.1/lib/probnetkat/../../bin/probnetkat.rpc_compile_branch -order (F1 F0 Meta3 Meta0 Meta1 Meta2 Meta7 Meta4 Meta5 Meta6 F2 F3 F4 F5 F6 F7 F8 F9 F10 F11 F12 F13 F14 F15 F16 F17 F18 F19 Meta8 Meta9 Meta10 Meta11 Meta12 Meta13 Meta14 Meta15 Meta16 Meta17 Meta18 Meta19) -cps false -j 8 -rj 8
[compile server] read: input 1 ... received.
[compile server] read: input 2 ... received.
[compile server] read: input 3 ... received.
[compile server] read: input 4 ... received.
[compile server] read: input 5 ... received.
[compile server] read: input 6 ... received.
[compile server] read: input 7 ... received.
[compile server] read: input 8 ... received.
[compile server] read: input 9 ... received.
[compile server] read: input 10 ... received.
[compile server] read: input 11 ... received.
[compile server] read: input 12 ... received.


[compile server] read: input 13 ... received.
[compile server] read: input 14 ... received.
[compile server] read: input 15 ... received.
[compile server] read: input 16 ... received.
[compile server] read: input 17 ... received.
[compile server] read: input 18 ... received.
[compile server] read: input 19 ... received.
[compile server] read: input 20 ... received.
[compile server] read: input 21 ... received.
[compile server] read: input 22 ... received.
[compile server] read: input 23 ... received.
[compile server] read: input 24 ... received.
[compile server] read: input 25 ... received.
[compile server] read: input 26 ... received.
[compile server] read: input 27 ... received.
[compile server] read: input 28 ... received.
[compile server] read: input 29 ... received.
[compile server] read: input 30 ... received.
[compile server] read: input 31 ... received.
[compile server] read: input 32 ... received.
[compile server] read: input 33 ... received.
[compile server] read: input 34 ... received.
[compile server] read: input 35 ... received.
[compile server] read: input 36 ... received.
[compile server] read: input 37 ... received.
[compile server] read: input 38 ... received.
[compile server] read: input 39 ... received.
[compile server] read: input 40 ... received.
[compile server] read: input 41 ... received.
[compile server] read: input 42 ... received.
[compile server] read: input 43 ... received.
[compile server] read: input 44 ... received.
[compile server] read: input 45 ... received.
[compile server] read: input 46 ... received.
[compile server] read: input 47 ... received.
[compile server] read: input 48 ... received.
[compile server] read: input 49 ... received.
[compile server] read: input 50 ... received.
[compile server] read: input 51 ... received.
[compile server] read: input 52 ... received.
[compile server] read: input 53 ... received.
[compile server] read: input 54 ... received.
[compile server] read: input 55 ... received.
[compile server] read: input 56 ... received.
[compile server] read: input 57 ... received.
[compile server] read: input 58 ... received.
[compile server] read: input 59 ... received.
[compile server] read: input 60 ... received.
[compile server] read: input 61 ... received.
[compile server] read: input 62 ... received.
[compile server] read: input 63 ... received.
[compile server] read: input 64 ... received.
[compile server] read: input 65 ... received.
[compile server] read: input 66 ... received.
[compile server] read: input 67 ... received.
[compile server] read: input 68 ... received.
[compile server] read: input 69 ... received.
[compile server] read: input 70 ... received.
[compile server] read: input 71 ... received.
[compile server] read: input 72 ... received.
[compile server] read: input 73 ... received.
2018-11-15 19:03:56.746394-05:00 Error ("Exception raised to [Monitor.try_with] that already returned.""This error was captured by a default handler in [Async.Log]."(exn(monitor.ml.Error((rpc_error(Connection_closed("EOF or connection closed")))(connection_description("Client connected via TCP"(smolka 33911)))(rpc_tag rpc_parallel_plain_0)(rpc_version 0))("Raised at file \"src/error.ml\" (inlined), line 9, characters 14-30""Called from file \"src/or_error.ml\", line 74, characters 17-32""Called from file \"src/deferred1.ml\", line 20, characters 40-45""Called from file \"src/job_queue.ml\", line 159, characters 6-47"))))
(monitor.ml.Error
 ((rpc_error (Connection_closed ("EOF or connection closed")))
  (connection_description ("Client connected via TCP" (smolka 36617)))
  (rpc_tag rpc_parallel_plain_0) (rpc_version 0))
 ("Raised at file \"src/error.ml\" (inlined), line 9, characters 14-30"
  "Called from file \"src/or_error.ml\", line 74, characters 17-32"
  "Called from file \"src/deferred1.ml\", line 20, characters 40-45"
  "Called from file \"src/job_queue.ml\", line 159, characters 6-47"))
Uncaught exception:
  
  (src/bigstring.ml.IOError 0 End_of_file)

Raised by primitive operation at file "src/bigstring.ml", line 80, characters 2-40
Called from file "src/bigstring.ml", line 94, characters 9-46
Called from file "src/utils.ml", line 33, characters 2-41
Called from file "src/exn.ml", line 72, characters 8-11
Re-raised at file "src/exn.ml", line 75, characters 6-15
Called from file "src/Symbolic.ml", line 2081, characters 8-47
Called from file "src/Symbolic.ml", line 2210, characters 6-36
Called from file "exe/with_topo.ml", line 53, characters 14-67
Called from file "src/command.ml", line 2734, characters 6-97
Called from file "src/exn.ml", line 113, characters 6-10
