$ probnetkat.with_topo ../../examples/output/fattree_2_sw_5.dot -scheme SPF -fail-with 1/100
[compile server] /home/steffen/.opam/4.07.1/lib/probnetkat/../../bin/probnetkat.rpc_compile_branch -order (F1 F0 Meta1 Meta0 F2 F3 F4 F5 F6 F7 F8 F9 F10 F11 F12 F13 F14 F15 F16 F17 F18 F19 Meta2 Meta3 Meta4 Meta5 Meta6 Meta7 Meta8 Meta9 Meta10 Meta11 Meta12 Meta13 Meta14 Meta15 Meta16 Meta17 Meta18 Meta19) -cps false -j 8 -rj 8
[compile server] read: input 1 ... received.
[compile server] read: input 2 ... received.
[compile server] read: input 3 ... received.
[compile server] read: input 4 ... received.
[compile server] read: input 5 ... eof.
[compile server] -> all inputs received!
[compile server] sending back result...
[compile server] -> done.
[compile server] Shutting down. Bye.
start while loop...
start sending fdds as matrices to python...
start sending ap...
start naive fixpoint...
--> sending ap done! 0.000254 seconds
start sending not_a...
--> sending not_a done! 0.000066 seconds
--> sending fdds as matrices to python done! 0.000356 seconds
--> naive fixpoint done! 0.006689 seconds
start serializing & sending Fdd...
--> serializing & sending Fdd done! 0.000037 seconds
*** ocaml won race!
start deserializing & receiving Fdd...
--> deserializing & receiving Fdd done! 0.000057 seconds
Exception ignored in: <_io.TextIOWrapper name='<stdout>' mode='w' encoding='UTF-8'>
BrokenPipeError: [Errno 32] Broken pipe
--> while loop done! 0.338249 seconds
E[delivered] = 96059601/100000000
E[delivered] ≈ 0.960596

TIME: 0.954272.

