PRISM
=====

Version: 4.4
Date: Thu Nov 15 06:11:29 EST 2018
Hostname: atlas-17
Memory limits: cudd=1g, java(heap)=964.5m
Command line: prism cps=False_dont_iterate=False_parallelize=True_prism=True_k=18_scheme=SPF.pm prism.pctl -maxiters 1000000

Parsing model file "cps=False_dont_iterate=False_parallelize=True_prism=True_k=18_scheme=SPF.pm"...

Parsing properties file "prism.pctl"...

1 property:
(1) P=? [ F (__state__=0) ]

Type:        DTMC
Modules:     ProbNetKAT 
Variables:   __state__ pt sw up_0 up_1 up_10 up_11 up_12 up_13 up_14 up_15 up_16 up_17 up_2 up_3 up_4 up_5 up_6 up_7 up_8 up_9 

---------------------------------------------------------------------

Model checking: P=? [ F (__state__=0) ]

Building model...

Computing reachable states...

Reachability (BFS): 79 iterations in 0.87 seconds (average 0.011063, setup 0.00)

Time for model construction: 333.624 seconds.

Warning: Deadlocks detected and fixed in 2531584 states

Type:        DTMC
States:      102927532 (1 initial)
Transitions: 150593016

Transition matrix: 91741 nodes (5 terminal), 150593016 minterms, vars: 45r/45c

Prob0: 82 iterations in 0.83 seconds (average 0.010085, setup 0.00)

Prob1: 33 iterations in 0.48 seconds (average 0.014515, setup 0.00)

yes = 1441794, no = 48888502, maybe = 52597236

Computing remaining probabilities...
Engine: Hybrid

Building hybrid MTBDD matrix... [levels=45, nodes=94379] [4.3 MB]
Adding explicit sparse matrices... [levels=13, num=283, compact] [937.8 KB]
Creating vector for diagonals... [dist=1, compact] [196.3 MB]
Creating vector for RHS... [dist=2, compact] [196.3 MB]
Allocating iteration vectors... [2 x 785.3 MB]
TOTAL: [1.9 GB]

Starting iterations...
Iteration 7: max relative diff=1.000000, 5.47 sec so far
Iteration 14: max relative diff=1.000000, 10.96 sec so far
Iteration 21: max relative diff=1.000000, 16.46 sec so far
Iteration 28: max relative diff=1.000000, 21.96 sec so far
Iteration 35: max relative diff=1.000000, 27.45 sec so far
Iteration 42: max relative diff=1.000000, 32.95 sec so far
Iteration 49: max relative diff=1.000000, 38.49 sec so far
Iteration 56: max relative diff=1.000000, 43.99 sec so far
Iteration 63: max relative diff=1.000000, 49.49 sec so far
Iteration 70: max relative diff=1.000000, 54.98 sec so far
Iteration 77: max relative diff=1.000000, 60.48 sec so far

Jacobi: 79 iterations in 66.06 seconds (average 0.785392, setup 4.01)

Value in the initial state: 0.961565152360227

Time for model checking: 68.382 seconds.

Result: 0.961565152360227 (value in the initial state)

---------------------------------------------------------------------

Note: There was 1 warning during computation.

probnetkat.with_topo ../../examples/output/fattree_18_sw_405.dot -scheme SPF -fail-with 1/100 -prismprism cps=False_dont_iterate=False_parallelize=True_prism=True_k=18_scheme=SPF.pm prism.pctl -maxiters 1000000TIME: 405.367698.
