PRISM
=====

Version: 4.4
Date: Thu Nov 15 05:52:18 EST 2018
Hostname: atlas-17
Memory limits: cudd=1g, java(heap)=964.5m
Command line: prism cps=True_dont_iterate=False_parallelize=True_prism=True_k=10_scheme=SPF.pm prism.pctl -maxiters 1000000

Parsing model file "cps=True_dont_iterate=False_parallelize=True_prism=True_k=10_scheme=SPF.pm"...

Parsing properties file "prism.pctl"...

1 property:
(1) P=? [ F (__state__=0) ]

Type:        DTMC
Modules:     ProbNetKAT 
Variables:   __state__ pt sw up_0 up_1 up_2 up_3 up_4 up_5 up_6 up_7 up_8 up_9 

---------------------------------------------------------------------

Model checking: P=? [ F (__state__=0) ]

Building model...

Computing reachable states...

Reachability (BFS): 51 iterations in 0.09 seconds (average 0.001745, setup 0.00)

Time for model construction: 8.987 seconds.

Warning: Deadlocks detected and fixed in 6416 states

Type:        DTMC
States:      156008 (1 initial)
Transitions: 224204

Transition matrix: 16359 nodes (5 terminal), 224204 minterms, vars: 32r/32c

Prob0: 54 iterations in 0.05 seconds (average 0.000870, setup 0.00)

Prob1: 22 iterations in 0.04 seconds (average 0.001818, setup 0.00)

yes = 4866, no = 72639, maybe = 78503

Computing remaining probabilities...
Engine: Hybrid

Building hybrid MTBDD matrix... [levels=32, nodes=16767] [786.0 KB]
Adding explicit sparse matrices... [levels=32, num=1, compact] [595.1 KB]
Creating vector for diagonals... [dist=1, compact] [304.7 KB]
Creating vector for RHS... [dist=2, compact] [304.7 KB]
Allocating iteration vectors... [2 x 1.2 MB]
TOTAL: [4.3 MB]

Starting iterations...

Jacobi: 50 iterations in 0.13 seconds (average 0.001000, setup 0.08)

Value in the initial state: 0.9621881724489777

Time for model checking: 0.233 seconds.

Result: 0.9621881724489777 (value in the initial state)

---------------------------------------------------------------------

Note: There was 1 warning during computation.

probnetkat.with_topo ../../examples/output/fattree_10_sw_125.dot -scheme SPF -fail-with 1/100 -cps -prismprism cps=True_dont_iterate=False_parallelize=True_prism=True_k=10_scheme=SPF.pm prism.pctl -maxiters 1000000TIME: 11.411715.
