PRISM
=====

Version: 4.4
Date: Thu Nov 15 08:22:34 EST 2018
Hostname: atlas-17
Memory limits: cudd=1g, java(heap)=964.5m
Command line: prism cps=False_dont_iterate=False_parallelize=True_prism=True_k=2_scheme=RW.pm prism.pctl -maxiters 1000000

Parsing model file "cps=False_dont_iterate=False_parallelize=True_prism=True_k=2_scheme=RW.pm"...

Parsing properties file "prism.pctl"...

1 property:
(1) P=? [ F (__state__=0) ]

Type:        DTMC
Modules:     ProbNetKAT 
Variables:   __state__ pt sw up_0 up_1 

---------------------------------------------------------------------

Model checking: P=? [ F (__state__=0) ]

Building model...

Computing reachable states...

Reachability (BFS): 28 iterations in 0.00 seconds (average 0.000071, setup 0.00)

Time for model construction: 9.068 seconds.

Warning: Deadlocks detected and fixed in 13 states

Type:        DTMC
States:      90 (1 initial)
Transitions: 127

Transition matrix: 397 nodes (5 terminal), 127 minterms, vars: 11r/11c

Prob0: 27 iterations in 0.00 seconds (average 0.000074, setup 0.00)

Prob1: 7 iterations in 0.00 seconds (average 0.000143, setup 0.00)

yes = 6, no = 20, maybe = 64

Computing remaining probabilities...
Engine: Hybrid

Building hybrid MTBDD matrix... [levels=11, nodes=362] [17.0 KB]
Adding explicit sparse matrices... [levels=11, num=1, compact] [0.5 KB]
Creating vector for diagonals... [dist=1, compact] [0.2 KB]
Creating vector for RHS... [dist=2, compact] [0.2 KB]
Allocating iteration vectors... [2 x 0.7 KB]
TOTAL: [19.2 KB]

Starting iterations...

Jacobi: 660 iterations in 0.00 seconds (average 0.000002, setup 0.00)

Value in the initial state: 0.8578054334565223

Time for model checking: 9.222 seconds.

Result: 0.8578054334565223 (value in the initial state)

---------------------------------------------------------------------

Note: There was 1 warning during computation.

probnetkat.with_topo ../../examples/output/fattree_2_sw_5.dot -scheme RW -fail-with 1/100 -prismprism cps=False_dont_iterate=False_parallelize=True_prism=True_k=2_scheme=RW.pm prism.pctl -maxiters 1000000TIME: 191.529527.
