PRISM
=====

Version: 4.4
Date: Thu Nov 15 06:56:19 EST 2018
Hostname: atlas-17
Memory limits: cudd=1g, java(heap)=964.5m
Command line: prism cps=False_dont_iterate=False_parallelize=True_prism=True_k=4_scheme=ECMP.pm prism.pctl -maxiters 1000000

Parsing model file "cps=False_dont_iterate=False_parallelize=True_prism=True_k=4_scheme=ECMP.pm"...

Parsing properties file "prism.pctl"...

1 property:
(1) P=? [ F (__state__=0) ]

Type:        DTMC
Modules:     ProbNetKAT 
Variables:   __state__ pt sw up_0 up_1 up_2 up_3 

---------------------------------------------------------------------

Model checking: P=? [ F (__state__=0) ]

Building model...

Computing reachable states...

Reachability (BFS): 33 iterations in 0.04 seconds (average 0.001061, setup 0.00)

Time for model construction: 0.254 seconds.

Type:        DTMC
States:      1779 (1 initial)
Transitions: 2656

Transition matrix: 3172 nodes (6 terminal), 2656 minterms, vars: 18r/18c

Prob0: 37 iterations in 0.03 seconds (average 0.000892, setup 0.00)

Prob1: 12 iterations in 0.02 seconds (average 0.001333, setup 0.00)

yes = 142, no = 438, maybe = 1199

Computing remaining probabilities...
Engine: Hybrid

Building hybrid MTBDD matrix... [levels=18, nodes=3156] [147.9 KB]
Adding explicit sparse matrices... [levels=18, num=1, compact] [8.5 KB]
Creating vector for diagonals... [dist=2, compact] [3.5 KB]
Creating vector for RHS... [dist=2, compact] [3.5 KB]
Allocating iteration vectors... [2 x 13.9 KB]
TOTAL: [191.2 KB]

Starting iterations...

Jacobi: 32 iterations in 0.01 seconds (average 0.000031, setup 0.01)

Value in the initial state: 0.9813321341151424

Time for model checking: 0.061 seconds.

Result: 0.9813321341151424 (value in the initial state)

probnetkat.with_topo ../../examples/output/fattree_4_sw_20.dot -scheme ECMP -fail-with 1/100 -prismprism cps=False_dont_iterate=False_parallelize=True_prism=True_k=4_scheme=ECMP.pm prism.pctl -maxiters 1000000TIME: 1.986709.
