PRISM
=====

Version: 4.4
Date: Thu Nov 15 05:52:08 EST 2018
Hostname: atlas-17
Memory limits: cudd=1g, java(heap)=964.5m
Command line: prism cps=False_dont_iterate=False_parallelize=True_prism=True_k=8_scheme=SPF.pm prism.pctl -maxiters 1000000

Parsing model file "cps=False_dont_iterate=False_parallelize=True_prism=True_k=8_scheme=SPF.pm"...

Parsing properties file "prism.pctl"...

1 property:
(1) P=? [ F (__state__=0) ]

Type:        DTMC
Modules:     ProbNetKAT 
Variables:   __state__ pt sw up_0 up_1 up_2 up_3 up_4 up_5 up_6 up_7 

---------------------------------------------------------------------

Model checking: P=? [ F (__state__=0) ]

Building model...

Computing reachable states...

Reachability (BFS): 44 iterations in 0.03 seconds (average 0.000682, setup 0.00)

Time for model construction: 3.488 seconds.

Warning: Deadlocks detected and fixed in 1400 states

Type:        DTMC
States:      28263 (1 initial)
Transitions: 40191

Transition matrix: 7841 nodes (5 terminal), 40191 minterms, vars: 28r/28c

Prob0: 47 iterations in 0.02 seconds (average 0.000489, setup 0.00)

Prob1: 16 iterations in 0.02 seconds (average 0.001125, setup 0.00)

yes = 1250, no = 12017, maybe = 14996

Computing remaining probabilities...
Engine: Hybrid

Building hybrid MTBDD matrix... [levels=28, nodes=7816] [366.4 KB]
Adding explicit sparse matrices... [levels=28, num=1, compact] [112.8 KB]
Creating vector for diagonals... [dist=1, compact] [55.2 KB]
Creating vector for RHS... [dist=2, compact] [55.2 KB]
Allocating iteration vectors... [2 x 220.8 KB]
TOTAL: [1.0 MB]

Starting iterations...

Jacobi: 40 iterations in 0.02 seconds (average 0.000200, setup 0.01)

Value in the initial state: 0.9624834929032241

Time for model checking: 0.071 seconds.

Result: 0.9624834929032241 (value in the initial state)

---------------------------------------------------------------------

Note: There was 1 warning during computation.

probnetkat.with_topo ../../examples/output/fattree_8_sw_80.dot -scheme SPF -fail-with 1/100 -prismprism cps=False_dont_iterate=False_parallelize=True_prism=True_k=8_scheme=SPF.pm prism.pctl -maxiters 1000000TIME: 5.445558.
