PRISM
=====

Version: 4.4
Date: Thu Nov 15 06:58:59 EST 2018
Hostname: atlas-17
Memory limits: cudd=1g, java(heap)=964.5m
Command line: prism cps=False_dont_iterate=False_parallelize=True_prism=True_k=12_scheme=ECMP.pm prism.pctl -maxiters 1000000

Parsing model file "cps=False_dont_iterate=False_parallelize=True_prism=True_k=12_scheme=ECMP.pm"...

Parsing properties file "prism.pctl"...

1 property:
(1) P=? [ F (__state__=0) ]

Type:        DTMC
Modules:     ProbNetKAT 
Variables:   __state__ pt sw up_0 up_1 up_10 up_11 up_2 up_3 up_4 up_5 up_6 up_7 up_8 up_9 

---------------------------------------------------------------------

Model checking: P=? [ F (__state__=0) ]

Building model...

Computing reachable states...

Reachability (BFS): 61 iterations in 0.38 seconds (average 0.006148, setup 0.00)

Time for model construction: 38.883 seconds.

Type:        DTMC
States:      10726327 (1 initial)
Transitions: 26636700

Transition matrix: 94015 nodes (6 terminal), 26636700 minterms, vars: 36r/36c

Prob0: 65 iterations in 0.79 seconds (average 0.012077, setup 0.00)

Prob1: 25 iterations in 0.48 seconds (average 0.019280, setup 0.00)

yes = 278964, no = 2021478, maybe = 8425885

Computing remaining probabilities...
Engine: Hybrid

Building hybrid MTBDD matrix... [levels=36, nodes=100879] [4.6 MB]
Adding explicit sparse matrices... [levels=12, num=308, compact] [897.1 KB]
Creating vector for diagonals... [dist=2, compact] [20.5 MB]
Creating vector for RHS... [dist=2, compact] [20.5 MB]
Allocating iteration vectors... [2 x 81.8 MB]
TOTAL: [210.1 MB]

Starting iterations...
Iteration 39: max relative diff=1.000000, 5.10 sec so far
Iteration 77: max relative diff=0.000405, 10.18 sec so far

Jacobi: 104 iterations in 17.04 seconds (average 0.131913, setup 3.32)

Value in the initial state: 0.9807971830966751

Time for model checking: 18.616 seconds.

Result: 0.9807971830966751 (value in the initial state)

probnetkat.with_topo ../../examples/output/fattree_12_sw_180.dot -scheme ECMP -fail-with 1/100 -prismprism cps=False_dont_iterate=False_parallelize=True_prism=True_k=12_scheme=ECMP.pm prism.pctl -maxiters 1000000TIME: 59.248943.
