$ prism 3cycle.pm prism.pctl -maxiters 1000000
PRISM
=====

Version: 4.4
Date: Fri Nov 16 08:39:52 EST 2018
Hostname: atlas-18
Memory limits: cudd=1g, java(heap)=964.5m
Command line: prism 3cycle.pm prism.pctl -maxiters 1000000

Parsing model file "3cycle.pm"...

Parsing properties file "prism.pctl"...

1 property:
(1) P=? [ F (__state__=0) ]

Type:        DTMC
Modules:     ProbNetKAT 
Variables:   __state__ pt sw up_2 up_3 up_4 up_6 

---------------------------------------------------------------------

Model checking: P=? [ F (__state__=0) ]

Building model...

Computing reachable states...

Reachability (BFS): 11 iterations in 0.00 seconds (average 0.000091, setup 0.00)

Time for model construction: 0.043 seconds.

Type:        DTMC
States:      39 (1 initial)
Transitions: 46

Transition matrix: 382 nodes (5 terminal), 46 minterms, vars: 14r/14c

Prob0: 11 iterations in 0.00 seconds (average 0.000091, setup 0.00)

Prob1: 5 iterations in 0.00 seconds (average 0.000200, setup 0.00)

yes = 22, no = 10, maybe = 7

Computing remaining probabilities...
Engine: Hybrid

Building hybrid MTBDD matrix... [levels=14, nodes=131] [6.1 KB]
Adding explicit sparse matrices... [levels=14, num=1, compact] [0.1 KB]
Creating vector for diagonals... [dist=1, compact] [0.1 KB]
Creating vector for RHS... [dist=2, compact] [0.1 KB]
Allocating iteration vectors... [2 x 0.3 KB]
TOTAL: [7.0 KB]

Starting iterations...

Jacobi: 5 iterations in 0.00 seconds (average 0.000000, setup 0.00)

Value in the initial state: 0.999

Time for model checking: 0.008 seconds.

Result: 0.999 (value in the initial state)


real	0m1.876s
user	0m2.070s
sys	0m0.286s
