$ prism 4diag.pm prism.pctl -maxiters 1000000
PRISM
=====

Version: 4.4
Date: Fri Nov 16 08:45:57 EST 2018
Hostname: atlas-18
Memory limits: cudd=1g, java(heap)=964.5m
Command line: prism 4diag.pm prism.pctl -maxiters 1000000

Parsing model file "4diag.pm"...

Parsing properties file "prism.pctl"...

1 property:
(1) P=? [ F (__state__=0) ]

Type:        DTMC
Modules:     ProbNetKAT 
Variables:   __state__ pt sw up_2 up_3 up_4 up_5 up_6 up_7 up_9 

---------------------------------------------------------------------

Model checking: P=? [ F (__state__=0) ]

Building model...

Computing reachable states...

Reachability (BFS): 12 iterations in 0.00 seconds (average 0.000250, setup 0.00)

Time for model construction: 0.046 seconds.

Type:        DTMC
States:      74 (1 initial)
Transitions: 89

Transition matrix: 745 nodes (5 terminal), 89 minterms, vars: 19r/19c

Prob0: 11 iterations in 0.00 seconds (average 0.000182, setup 0.00)

Prob1: 5 iterations in 0.00 seconds (average 0.000200, setup 0.00)

yes = 43, no = 21, maybe = 10

Computing remaining probabilities...
Engine: Hybrid

Building hybrid MTBDD matrix... [levels=19, nodes=231] [10.8 KB]
Adding explicit sparse matrices... [levels=19, num=1, compact] [0.2 KB]
Creating vector for diagonals... [dist=1, compact] [0.2 KB]
Creating vector for RHS... [dist=2, compact] [0.2 KB]
Allocating iteration vectors... [2 x 0.6 KB]
TOTAL: [12.5 KB]

Starting iterations...

Jacobi: 5 iterations in 0.00 seconds (average 0.000000, setup 0.00)

Value in the initial state: 0.9989999999999999

Time for model checking: 0.01 seconds.

Result: 0.9989999999999999 (value in the initial state)


real	0m2.376s
user	0m3.127s
sys	0m0.443s
