$ prism Arn.pm prism.pctl -maxiters 1000000
PRISM
=====

Version: 4.4
Date: Fri Nov 16 08:53:15 EST 2018
Hostname: atlas-18
Memory limits: cudd=1g, java(heap)=964.5m
Command line: prism Arn.pm prism.pctl -maxiters 1000000

Parsing model file "Arn.pm"...

Parsing properties file "prism.pctl"...

1 property:
(1) P=? [ F (__state__=0) ]

Type:        DTMC
Modules:     ProbNetKAT 
Variables:   __state__ pt sw up_10 up_11 up_12 up_13 up_2 up_3 up_4 up_5 up_6 up_7 up_8 up_9 

---------------------------------------------------------------------

Model checking: P=? [ F (__state__=0) ]

Building model...

Computing reachable states...

Reachability (BFS): 31 iterations in 0.04 seconds (average 0.001129, setup 0.00)

Time for model construction: 0.332 seconds.

Type:        DTMC
States:      131343 (1 initial)
Transitions: 191676

Transition matrix: 4883 nodes (5 terminal), 191676 minterms, vars: 28r/28c

Prob0: 40 iterations in 0.03 seconds (average 0.000800, setup 0.00)

Prob1: 18 iterations in 0.02 seconds (average 0.001278, setup 0.00)

yes = 55106, no = 62732, maybe = 13505

Computing remaining probabilities...
Engine: Hybrid

Building hybrid MTBDD matrix... [levels=28, nodes=4097] [192.0 KB]
Adding explicit sparse matrices... [levels=28, num=1, compact] [204.7 KB]
Creating vector for diagonals... [dist=1, compact] [256.5 KB]
Creating vector for RHS... [dist=2, compact] [256.5 KB]
Allocating iteration vectors... [2 x 1.0 MB]
TOTAL: [2.9 MB]

Starting iterations...

Jacobi: 29 iterations in 0.07 seconds (average 0.001759, setup 0.02)

Value in the initial state: 0.9974504132068964

Time for model checking: 0.145 seconds.

Result: 0.9974504132068964 (value in the initial state)


real	0m2.540s
user	0m4.379s
sys	0m0.522s
