$ prism Arnes.pm prism.pctl -maxiters 1000000
PRISM
=====

Version: 4.4
Date: Fri Nov 16 08:47:55 EST 2018
Hostname: atlas-18
Memory limits: cudd=1g, java(heap)=964.5m
Command line: prism Arnes.pm prism.pctl -maxiters 1000000

Parsing model file "Arnes.pm"...

Parsing properties file "prism.pctl"...

1 property:
(1) P=? [ F (__state__=0) ]

Type:        DTMC
Modules:     ProbNetKAT 
Variables:   __state__ pt sw up_10 up_11 up_2 up_3 up_4 up_5 up_6 up_7 up_8 up_9 

---------------------------------------------------------------------

Model checking: P=? [ F (__state__=0) ]

Building model...

Computing reachable states...

Reachability (BFS): 22 iterations in 0.05 seconds (average 0.002455, setup 0.00)

Time for model construction: 0.388 seconds.

Type:        DTMC
States:      11395 (1 initial)
Transitions: 16341

Transition matrix: 7549 nodes (7 terminal), 16341 minterms, vars: 28r/28c

Prob0: 54 iterations in 0.08 seconds (average 0.001519, setup 0.00)

Prob1: 18 iterations in 0.04 seconds (average 0.002333, setup 0.00)

yes = 28, no = 3052, maybe = 8315

Computing remaining probabilities...
Engine: Hybrid

Building hybrid MTBDD matrix... [levels=28, nodes=7689] [360.4 KB]
Adding explicit sparse matrices... [levels=28, num=1, compact] [61.7 KB]
Creating vector for diagonals... [dist=3, compact] [22.3 KB]
Creating vector for RHS... [dist=2, compact] [22.3 KB]
Allocating iteration vectors... [2 x 89.0 KB]
TOTAL: [644.7 KB]

Starting iterations...

Jacobi: 56 iterations in 0.05 seconds (average 0.000250, setup 0.04)

Value in the initial state: 0.9959865094243733

Time for model checking: 0.097 seconds.

Result: 0.9959865094243733 (value in the initial state)


real	0m2.343s
user	0m4.370s
sys	0m0.489s
