$ prism Arpanet196912.pm prism.pctl -maxiters 1000000
PRISM
=====

Version: 4.4
Date: Fri Nov 16 08:51:17 EST 2018
Hostname: atlas-18
Memory limits: cudd=1g, java(heap)=964.5m
Command line: prism Arpanet196912.pm prism.pctl -maxiters 1000000

Parsing model file "Arpanet196912.pm"...

Parsing properties file "prism.pctl"...

1 property:
(1) P=? [ F (__state__=0) ]

Type:        DTMC
Modules:     ProbNetKAT 
Variables:   __state__ pt sw up_2 up_3 up_4 

---------------------------------------------------------------------

Model checking: P=? [ F (__state__=0) ]

Building model...

Computing reachable states...

Reachability (BFS): 12 iterations in 0.00 seconds (average 0.000250, setup 0.00)

Time for model construction: 0.043 seconds.

Type:        DTMC
States:      79 (1 initial)
Transitions: 99

Transition matrix: 397 nodes (5 terminal), 99 minterms, vars: 12r/12c

Prob0: 16 iterations in 0.00 seconds (average 0.000063, setup 0.00)

Prob1: 7 iterations in 0.00 seconds (average 0.000143, setup 0.00)

yes = 36, no = 22, maybe = 21

Computing remaining probabilities...
Engine: Hybrid

Building hybrid MTBDD matrix... [levels=12, nodes=218] [10.2 KB]
Adding explicit sparse matrices... [levels=12, num=1, compact] [0.2 KB]
Creating vector for diagonals... [dist=1, compact] [0.2 KB]
Creating vector for RHS... [dist=2, compact] [0.2 KB]
Allocating iteration vectors... [2 x 0.6 KB]
TOTAL: [12.0 KB]

Starting iterations...

Jacobi: 11 iterations in 0.00 seconds (average 0.000000, setup 0.00)

Value in the initial state: 0.998667

Time for model checking: 0.01 seconds.

Result: 0.998667 (value in the initial state)


real	0m2.382s
user	0m3.136s
sys	0m0.450s
