$ prism Arpanet19706.pm prism.pctl -maxiters 1000000
PRISM
=====

Version: 4.4
Date: Fri Nov 16 08:51:39 EST 2018
Hostname: atlas-18
Memory limits: cudd=1g, java(heap)=964.5m
Command line: prism Arpanet19706.pm prism.pctl -maxiters 1000000

Parsing model file "Arpanet19706.pm"...

Parsing properties file "prism.pctl"...

1 property:
(1) P=? [ F (__state__=0) ]

Type:        DTMC
Modules:     ProbNetKAT 
Variables:   __state__ pt sw up_2 up_3 up_4 

---------------------------------------------------------------------

Model checking: P=? [ F (__state__=0) ]

Building model...

Computing reachable states...

Reachability (BFS): 15 iterations in 0.01 seconds (average 0.000533, setup 0.00)

Time for model construction: 0.077 seconds.

Type:        DTMC
States:      268 (1 initial)
Transitions: 347

Transition matrix: 1153 nodes (5 terminal), 347 minterms, vars: 15r/15c

Prob0: 34 iterations in 0.01 seconds (average 0.000235, setup 0.00)

Prob1: 10 iterations in 0.00 seconds (average 0.000400, setup 0.00)

yes = 37, no = 76, maybe = 155

Computing remaining probabilities...
Engine: Hybrid

Building hybrid MTBDD matrix... [levels=15, nodes=989] [46.4 KB]
Adding explicit sparse matrices... [levels=15, num=1, compact] [1.1 KB]
Creating vector for diagonals... [dist=1, compact] [0.5 KB]
Creating vector for RHS... [dist=2, compact] [0.5 KB]
Allocating iteration vectors... [2 x 2.1 KB]
TOTAL: [52.8 KB]

Starting iterations...

Jacobi: 29 iterations in 0.00 seconds (average 0.000000, setup 0.00)

Value in the initial state: 0.9972531232503751

Time for model checking: 0.023 seconds.

Result: 0.9972531232503751 (value in the initial state)


real	0m2.298s
user	0m3.241s
sys	0m0.454s
