$ prism Belnet2008.pm prism.pctl -maxiters 1000000
PRISM
=====

Version: 4.4
Date: Fri Nov 16 08:54:25 EST 2018
Hostname: atlas-18
Memory limits: cudd=1g, java(heap)=964.5m
Command line: prism Belnet2008.pm prism.pctl -maxiters 1000000

Parsing model file "Belnet2008.pm"...

Parsing properties file "prism.pctl"...

1 property:
(1) P=? [ F (__state__=0) ]

Type:        DTMC
Modules:     ProbNetKAT 
Variables:   __state__ pt sw up_2 up_3 up_4 up_5 up_6 up_7 up_8 up_9 

---------------------------------------------------------------------

Model checking: P=? [ F (__state__=0) ]

Building model...

Computing reachable states...

Reachability (BFS): 19 iterations in 0.02 seconds (average 0.001158, setup 0.00)

Time for model construction: 0.248 seconds.

Type:        DTMC
States:      1209 (1 initial)
Transitions: 1779

Transition matrix: 3986 nodes (6 terminal), 1779 minterms, vars: 24r/24c

Prob0: 41 iterations in 0.03 seconds (average 0.000805, setup 0.00)

Prob1: 11 iterations in 0.01 seconds (average 0.001364, setup 0.00)

yes = 214, no = 349, maybe = 646

Computing remaining probabilities...
Engine: Hybrid

Building hybrid MTBDD matrix... [levels=24, nodes=3749] [175.7 KB]
Adding explicit sparse matrices... [levels=24, num=1, compact] [5.0 KB]
Creating vector for diagonals... [dist=2, compact] [2.4 KB]
Creating vector for RHS... [dist=2, compact] [2.4 KB]
Allocating iteration vectors... [2 x 9.4 KB]
TOTAL: [204.4 KB]

Starting iterations...

Jacobi: 38 iterations in 0.01 seconds (average 0.000026, setup 0.01)

Value in the initial state: 0.9973522747743003

Time for model checking: 0.071 seconds.

Result: 0.9973522747743003 (value in the initial state)


real	0m2.274s
user	0m3.493s
sys	0m0.429s
