$ prism BtAsiaPac.pm prism.pctl -maxiters 1000000
PRISM
=====

Version: 4.4
Date: Fri Nov 16 08:55:41 EST 2018
Hostname: atlas-18
Memory limits: cudd=1g, java(heap)=964.5m
Command line: prism BtAsiaPac.pm prism.pctl -maxiters 1000000

Parsing model file "BtAsiaPac.pm"...

Parsing properties file "prism.pctl"...

1 property:
(1) P=? [ F (__state__=0) ]

Type:        DTMC
Modules:     ProbNetKAT 
Variables:   __state__ pt sw up_10 up_11 up_12 up_13 up_2 up_3 up_4 up_5 up_6 up_7 up_8 up_9 

---------------------------------------------------------------------

Model checking: P=? [ F (__state__=0) ]

Building model...

Computing reachable states...

Reachability (BFS): 27 iterations in 0.04 seconds (average 0.001296, setup 0.00)

Time for model construction: 0.3 seconds.

Type:        DTMC
States:      109260 (1 initial)
Transitions: 159503

Transition matrix: 5406 nodes (6 terminal), 159503 minterms, vars: 28r/28c

Prob0: 33 iterations in 0.04 seconds (average 0.001182, setup 0.00)

Prob1: 13 iterations in 0.02 seconds (average 0.001769, setup 0.00)

yes = 56310, no = 52219, maybe = 731

Computing remaining probabilities...
Engine: Hybrid

Building hybrid MTBDD matrix... [levels=28, nodes=4186] [196.2 KB]
Adding explicit sparse matrices... [levels=28, num=1, compact] [111.0 KB]
Creating vector for diagonals... [dist=2, compact] [213.4 KB]
Creating vector for RHS... [dist=2, compact] [213.4 KB]
Allocating iteration vectors... [2 x 853.6 KB]
TOTAL: [2.4 MB]

Starting iterations...

Jacobi: 21 iterations in 0.03 seconds (average 0.000667, setup 0.02)

Value in the initial state: 0.9983163159473684

Time for model checking: 0.109 seconds.

Result: 0.9983163159473684 (value in the initial state)


real	0m2.476s
user	0m4.122s
sys	0m0.516s
