$ prism BtEurope.pm prism.pctl -maxiters 1000000
PRISM
=====

Version: 4.4
Date: Fri Nov 16 08:38:43 EST 2018
Hostname: atlas-18
Memory limits: cudd=1g, java(heap)=964.5m
Command line: prism BtEurope.pm prism.pctl -maxiters 1000000

Parsing model file "BtEurope.pm"...

Parsing properties file "prism.pctl"...

1 property:
(1) P=? [ F (__state__=0) ]

Type:        DTMC
Modules:     ProbNetKAT 
Variables:   __state__ pt sw up_10 up_11 up_12 up_13 up_14 up_2 up_3 up_4 up_5 up_6 up_7 up_8 up_9 

---------------------------------------------------------------------

Model checking: P=? [ F (__state__=0) ]

Building model...

Computing reachable states...

Reachability (BFS): 31 iterations in 0.10 seconds (average 0.003387, setup 0.00)

Time for model construction: 0.419 seconds.

Type:        DTMC
States:      192373 (1 initial)
Transitions: 286004

Transition matrix: 6341 nodes (7 terminal), 286004 minterms, vars: 30r/30c

Prob0: 42 iterations in 0.12 seconds (average 0.002762, setup 0.00)

Prob1: 19 iterations in 0.08 seconds (average 0.004105, setup 0.00)

yes = 4766, no = 86153, maybe = 101454

Computing remaining probabilities...
Engine: Hybrid

Building hybrid MTBDD matrix... [levels=30, nodes=5960] [279.4 KB]
Adding explicit sparse matrices... [levels=25, num=52, compact] [955.0 KB]
Creating vector for diagonals... [dist=3, compact] [375.8 KB]
Creating vector for RHS... [dist=2, compact] [375.7 KB]
Allocating iteration vectors... [2 x 1.5 MB]
TOTAL: [4.9 MB]

Starting iterations...

Jacobi: 50 iterations in 0.26 seconds (average 0.003960, setup 0.06)

Value in the initial state: 0.9978561307348364

Time for model checking: 0.365 seconds.

Result: 0.9978561307348364 (value in the initial state)


real	0m2.496s
user	0m5.022s
sys	0m0.542s
