$ prism Cesnet200603.pm prism.pctl -maxiters 1000000
PRISM
=====

Version: 4.4
Date: Fri Nov 16 08:57:19 EST 2018
Hostname: atlas-18
Memory limits: cudd=1g, java(heap)=964.5m
Command line: prism Cesnet200603.pm prism.pctl -maxiters 1000000

Parsing model file "Cesnet200603.pm"...

Parsing properties file "prism.pctl"...

1 property:
(1) P=? [ F (__state__=0) ]

Type:        DTMC
Modules:     ProbNetKAT 
Variables:   __state__ pt sw up_10 up_11 up_12 up_13 up_14 up_2 up_3 up_4 up_5 up_6 up_7 up_8 up_9 

---------------------------------------------------------------------

Model checking: P=? [ F (__state__=0) ]

Building model...

Computing reachable states...

Reachability (BFS): 31 iterations in 0.11 seconds (average 0.003645, setup 0.00)

Time for model construction: 0.606 seconds.

Type:        DTMC
States:      223617 (1 initial)
Transitions: 329668

Transition matrix: 8530 nodes (6 terminal), 329668 minterms, vars: 31r/31c

Prob0: 52 iterations in 0.12 seconds (average 0.002404, setup 0.00)

Prob1: 18 iterations in 0.04 seconds (average 0.002444, setup 0.00)

yes = 470, no = 104896, maybe = 118251

Computing remaining probabilities...
Engine: Hybrid

Building hybrid MTBDD matrix... [levels=31, nodes=8334] [390.7 KB]
Adding explicit sparse matrices... [levels=23, num=213, compact] [895.9 KB]
Creating vector for diagonals... [dist=2, compact] [436.8 KB]
Creating vector for RHS... [dist=2, compact] [436.8 KB]
Allocating iteration vectors... [2 x 1.7 MB]
TOTAL: [5.5 MB]

Starting iterations...

Jacobi: 54 iterations in 0.14 seconds (average 0.001556, setup 0.06)

Value in the initial state: 0.9970029336703689

Time for model checking: 0.287 seconds.

Result: 0.9970029336703689 (value in the initial state)


real	0m2.253s
user	0m4.680s
sys	0m0.484s
