$ prism Cesnet1997.pm prism.pctl -maxiters 1000000
PRISM
=====

Version: 4.4
Date: Fri Nov 16 08:35:10 EST 2018
Hostname: atlas-18
Memory limits: cudd=1g, java(heap)=964.5m
Command line: prism Cesnet1997.pm prism.pctl -maxiters 1000000

Parsing model file "Cesnet1997.pm"...

Parsing properties file "prism.pctl"...

1 property:
(1) P=? [ F (__state__=0) ]

Type:        DTMC
Modules:     ProbNetKAT 
Variables:   __state__ pt sw up_2 up_3 up_4 up_5 up_6 

---------------------------------------------------------------------

Model checking: P=? [ F (__state__=0) ]

Building model...

Computing reachable states...

Reachability (BFS): 17 iterations in 0.01 seconds (average 0.000529, setup 0.00)

Time for model construction: 0.105 seconds.

Type:        DTMC
States:      611 (1 initial)
Transitions: 833

Transition matrix: 1599 nodes (5 terminal), 833 minterms, vars: 18r/18c

Prob0: 26 iterations in 0.01 seconds (average 0.000423, setup 0.00)

Prob1: 9 iterations in 0.01 seconds (average 0.000556, setup 0.00)

yes = 240, no = 235, maybe = 136

Computing remaining probabilities...
Engine: Hybrid

Building hybrid MTBDD matrix... [levels=18, nodes=1161] [54.4 KB]
Adding explicit sparse matrices... [levels=18, num=1, compact] [1.4 KB]
Creating vector for diagonals... [dist=1, compact] [1.2 KB]
Creating vector for RHS... [dist=2, compact] [1.2 KB]
Allocating iteration vectors... [2 x 4.8 KB]
TOTAL: [67.8 KB]

Starting iterations...

Jacobi: 19 iterations in 0.00 seconds (average 0.000000, setup 0.00)

Value in the initial state: 0.9980012497499999

Time for model checking: 0.028 seconds.

Result: 0.9980012497499999 (value in the initial state)


real	0m2.458s
user	0m3.540s
sys	0m0.508s
