$ probnetkat.with_topo -fail-with 1/1000 -scheme ECMP -cps ../../examples/topozoo/Cesnet1997.dot
[compile server] /home/abilene/.opam/ocaml-base-compiler.4.07.1/lib/probnetkat/../../bin/probnetkat.rpc_compile_branch -order (F1 F0 Meta1 Meta0 Meta2 Meta4 Meta3 F2 F3 F4 F5 F6 F7 F8 F9 F10 F11 F12 F13 F14 F15 F16 F17 F18 F19 Meta5 Meta6 Meta7 Meta8 Meta9 Meta10 Meta11 Meta12 Meta13 Meta14 Meta15 Meta16 Meta17 Meta18 Meta19) -cps true -j 32 -rj 32
[compile server] read: input 1 ... received.
[compile server] read: input 2 ... received.
[compile server] read: input 3 ... received.
[compile server] read: input 4 ... received.
[compile server] read: input 5 ... received.
[compile server] read: input 6 ... received.
[compile server] read: input 7 ... received.
[compile server] read: input 8 ... received.
[compile server] read: input 9 ... received.
[compile server] read: input 10 ... received.
[compile server] read: input 11 ... received.
[compile server] read: input 12 ... received.
[compile server] read: input 13 ... eof.
[compile server] -> all inputs received!
[compile server] sending back result...
[compile server] -> done.
[compile server] Shutting down. Bye.
start sending fdds as matrices to python...
start sending ap...
start naive fixpoint...
--> sending ap done! 0.001761 seconds
start sending not_a...
--> sending not_a done! 0.000464 seconds
--> sending fdds as matrices to python done! 0.002289 seconds
--> naive fixpoint done! 0.033924 seconds
start serializing & sending Fdd...
--> serializing & sending Fdd done! 0.001067 seconds
*** ocaml won race!
start deserializing & receiving Fdd...
--> deserializing & receiving Fdd done! 0.000286 seconds
Exception ignored in: <_io.TextIOWrapper name='<stdout>' mode='w' encoding='UTF-8'>
BrokenPipeError: [Errno 32] Broken pipe
E[delivered] = 3992004999/4000000000
E[delivered] ≈ 0.998001

real	0m3.860s
user	0m4.177s
sys	0m3.682s
