$ prism Claranet.pm prism.pctl -maxiters 1000000
PRISM
=====

Version: 4.4
Date: Fri Nov 16 08:47:35 EST 2018
Hostname: atlas-18
Memory limits: cudd=1g, java(heap)=964.5m
Command line: prism Claranet.pm prism.pctl -maxiters 1000000

Parsing model file "Claranet.pm"...

Parsing properties file "prism.pctl"...

1 property:
(1) P=? [ F (__state__=0) ]

Type:        DTMC
Modules:     ProbNetKAT 
Variables:   __state__ pt sw up_2 up_3 up_4 up_5 up_6 up_7 

---------------------------------------------------------------------

Model checking: P=? [ F (__state__=0) ]

Building model...

Computing reachable states...

Reachability (BFS): 20 iterations in 0.01 seconds (average 0.000750, setup 0.00)

Time for model construction: 0.16 seconds.

Type:        DTMC
States:      1541 (1 initial)
Transitions: 2227

Transition matrix: 2473 nodes (6 terminal), 2227 minterms, vars: 20r/20c

Prob0: 36 iterations in 0.02 seconds (average 0.000556, setup 0.00)

Prob1: 14 iterations in 0.01 seconds (average 0.000857, setup 0.00)

yes = 88, no = 536, maybe = 917

Computing remaining probabilities...
Engine: Hybrid

Building hybrid MTBDD matrix... [levels=20, nodes=2291] [107.4 KB]
Adding explicit sparse matrices... [levels=20, num=1, compact] [6.8 KB]
Creating vector for diagonals... [dist=2, compact] [3.0 KB]
Creating vector for RHS... [dist=2, compact] [3.0 KB]
Allocating iteration vectors... [2 x 12.0 KB]
TOTAL: [144.3 KB]

Starting iterations...

Jacobi: 36 iterations in 0.01 seconds (average 0.000028, setup 0.00)

Value in the initial state: 0.997573285571

Time for model checking: 0.049 seconds.

Result: 0.997573285571 (value in the initial state)


real	0m2.512s
user	0m3.867s
sys	0m0.522s
