$ prism Compuserve.pm prism.pctl -maxiters 1000000
PRISM
=====

Version: 4.4
Date: Fri Nov 16 08:56:31 EST 2018
Hostname: atlas-18
Memory limits: cudd=1g, java(heap)=964.5m
Command line: prism Compuserve.pm prism.pctl -maxiters 1000000

Parsing model file "Compuserve.pm"...

Parsing properties file "prism.pctl"...

1 property:
(1) P=? [ F (__state__=0) ]

Type:        DTMC
Modules:     ProbNetKAT 
Variables:   __state__ pt sw up_2 up_3 up_4 up_5 up_6 up_7 up_8 

---------------------------------------------------------------------

Model checking: P=? [ F (__state__=0) ]

Building model...

Computing reachable states...

Reachability (BFS): 19 iterations in 0.01 seconds (average 0.000684, setup 0.00)

Time for model construction: 0.145 seconds.

Type:        DTMC
States:      2446 (1 initial)
Transitions: 3467

Transition matrix: 2272 nodes (6 terminal), 3467 minterms, vars: 21r/21c

Prob0: 30 iterations in 0.01 seconds (average 0.000467, setup 0.00)

Prob1: 12 iterations in 0.01 seconds (average 0.000833, setup 0.00)

yes = 978, no = 947, maybe = 521

Computing remaining probabilities...
Engine: Hybrid

Building hybrid MTBDD matrix... [levels=21, nodes=2085] [97.7 KB]
Adding explicit sparse matrices... [levels=21, num=1, compact] [5.8 KB]
Creating vector for diagonals... [dist=2, compact] [4.8 KB]
Creating vector for RHS... [dist=2, compact] [4.8 KB]
Allocating iteration vectors... [2 x 19.1 KB]
TOTAL: [151.3 KB]

Starting iterations...

Jacobi: 25 iterations in 0.01 seconds (average 0.000040, setup 0.00)

Value in the initial state: 0.9977706153844618

Time for model checking: 0.039 seconds.

Result: 0.9977706153844618 (value in the initial state)


real	0m2.485s
user	0m3.858s
sys	0m0.524s
