$ prism Cynet.pm prism.pctl -maxiters 1000000
PRISM
=====

Version: 4.4
Date: Fri Nov 16 08:56:25 EST 2018
Hostname: atlas-18
Memory limits: cudd=1g, java(heap)=964.5m
Command line: prism Cynet.pm prism.pctl -maxiters 1000000

Parsing model file "Cynet.pm"...

Parsing properties file "prism.pctl"...

1 property:
(1) P=? [ F (__state__=0) ]

Type:        DTMC
Modules:     ProbNetKAT 
Variables:   __state__ pt sw up_10 up_11 up_12 up_13 up_14 up_15 up_16 up_2 up_3 up_4 up_5 up_6 up_7 up_8 up_9 

---------------------------------------------------------------------

Model checking: P=? [ F (__state__=0) ]

Building model...

Computing reachable states...

Reachability (BFS): 31 iterations in 0.04 seconds (average 0.001419, setup 0.00)

Time for model construction: 0.348 seconds.

Type:        DTMC
States:      1051050 (1 initial)
Transitions: 1543569

Transition matrix: 5197 nodes (5 terminal), 1543569 minterms, vars: 31r/31c

Prob0: 63 iterations in 0.06 seconds (average 0.000921, setup 0.00)

Prob1: 21 iterations in 0.03 seconds (average 0.001429, setup 0.00)

yes = 32, no = 508632, maybe = 542386

Computing remaining probabilities...
Engine: Hybrid

Building hybrid MTBDD matrix... [levels=31, nodes=5011] [234.9 KB]
Adding explicit sparse matrices... [levels=20, num=169, compact] [516.6 KB]
Creating vector for diagonals... [dist=1, compact] [2.0 MB]
Creating vector for RHS... [dist=2, compact] [2.0 MB]
Allocating iteration vectors... [2 x 8.0 MB]
TOTAL: [20.8 MB]

Starting iterations...

Jacobi: 58 iterations in 0.58 seconds (average 0.008776, setup 0.07)

Value in the initial state: 0.9963157546911028

Time for model checking: 0.693 seconds.

Result: 0.9963157546911028 (value in the initial state)


real	0m2.613s
user	0m5.018s
sys	0m0.539s
