$ prism Easynet.pm prism.pctl -maxiters 1000000
PRISM
=====

Version: 4.4
Date: Fri Nov 16 08:39:26 EST 2018
Hostname: atlas-18
Memory limits: cudd=1g, java(heap)=964.5m
Command line: prism Easynet.pm prism.pctl -maxiters 1000000

Parsing model file "Easynet.pm"...

Parsing properties file "prism.pctl"...

1 property:
(1) P=? [ F (__state__=0) ]

Type:        DTMC
Modules:     ProbNetKAT 
Variables:   __state__ pt sw up_2 up_3 up_4 up_5 up_6 up_7 

---------------------------------------------------------------------

Model checking: P=? [ F (__state__=0) ]

Building model...

Computing reachable states...

Reachability (BFS): 18 iterations in 0.02 seconds (average 0.001111, setup 0.00)

Time for model construction: 0.219 seconds.

Type:        DTMC
States:      1563 (1 initial)
Transitions: 2175

Transition matrix: 3602 nodes (6 terminal), 2175 minterms, vars: 21r/21c

Prob0: 46 iterations in 0.04 seconds (average 0.000957, setup 0.00)

Prob1: 13 iterations in 0.01 seconds (average 0.001077, setup 0.00)

yes = 177, no = 547, maybe = 839

Computing remaining probabilities...
Engine: Hybrid

Building hybrid MTBDD matrix... [levels=21, nodes=3449] [161.7 KB]
Adding explicit sparse matrices... [levels=21, num=1, compact] [6.2 KB]
Creating vector for diagonals... [dist=2, compact] [3.1 KB]
Creating vector for RHS... [dist=2, compact] [3.1 KB]
Allocating iteration vectors... [2 x 12.2 KB]
TOTAL: [198.4 KB]

Starting iterations...

Jacobi: 44 iterations in 0.01 seconds (average 0.000045, setup 0.01)

Value in the initial state: 0.9972528876388888

Time for model checking: 0.079 seconds.

Result: 0.9972528876388888 (value in the initial state)


real	0m2.443s
user	0m3.984s
sys	0m0.503s
