$ prism EliBackbone.pm prism.pctl -maxiters 1000000
PRISM
=====

Version: 4.4
Date: Fri Nov 16 08:52:59 EST 2018
Hostname: atlas-18
Memory limits: cudd=1g, java(heap)=964.5m
Command line: prism EliBackbone.pm prism.pctl -maxiters 1000000

Parsing model file "EliBackbone.pm"...

Parsing properties file "prism.pctl"...

1 property:
(1) P=? [ F (__state__=0) ]

Type:        DTMC
Modules:     ProbNetKAT 
Variables:   __state__ pt sw up_2 up_3 up_4 up_5 up_6 up_7 

---------------------------------------------------------------------

Model checking: P=? [ F (__state__=0) ]

Building model...

Computing reachable states...

Reachability (BFS): 20 iterations in 0.03 seconds (average 0.001500, setup 0.00)

Time for model construction: 0.256 seconds.

Type:        DTMC
States:      2146 (1 initial)
Transitions: 3330

Transition matrix: 4324 nodes (6 terminal), 3330 minterms, vars: 21r/21c

Prob0: 36 iterations in 0.03 seconds (average 0.000944, setup 0.00)

Prob1: 12 iterations in 0.02 seconds (average 0.001500, setup 0.00)

yes = 62, no = 566, maybe = 1518

Computing remaining probabilities...
Engine: Hybrid

Building hybrid MTBDD matrix... [levels=21, nodes=4343] [203.6 KB]
Adding explicit sparse matrices... [levels=21, num=1, compact] [11.1 KB]
Creating vector for diagonals... [dist=2, compact] [4.2 KB]
Creating vector for RHS... [dist=2, compact] [4.2 KB]
Allocating iteration vectors... [2 x 16.8 KB]
TOTAL: [256.6 KB]

Starting iterations...

Jacobi: 36 iterations in 0.01 seconds (average 0.000056, setup 0.01)

Value in the initial state: 0.9977117113676316

Time for model checking: 0.081 seconds.

Result: 0.9977117113676316 (value in the initial state)


real	0m2.535s
user	0m4.215s
sys	0m0.522s
