$ prism Fatman.pm prism.pctl -maxiters 1000000
PRISM
=====

Version: 4.4
Date: Fri Nov 16 08:39:03 EST 2018
Hostname: atlas-18
Memory limits: cudd=1g, java(heap)=964.5m
Command line: prism Fatman.pm prism.pctl -maxiters 1000000

Parsing model file "Fatman.pm"...

Parsing properties file "prism.pctl"...

1 property:
(1) P=? [ F (__state__=0) ]

Type:        DTMC
Modules:     ProbNetKAT 
Variables:   __state__ pt sw up_10 up_2 up_3 up_4 up_5 up_6 up_7 up_8 up_9 

---------------------------------------------------------------------

Model checking: P=? [ F (__state__=0) ]

Building model...

Computing reachable states...

Reachability (BFS): 21 iterations in 0.03 seconds (average 0.001238, setup 0.00)

Time for model construction: 0.212 seconds.

Type:        DTMC
States:      10444 (1 initial)
Transitions: 15011

Transition matrix: 3617 nodes (6 terminal), 15011 minterms, vars: 25r/25c

Prob0: 47 iterations in 0.04 seconds (average 0.000787, setup 0.00)

Prob1: 13 iterations in 0.01 seconds (average 0.001000, setup 0.00)

yes = 74, no = 4794, maybe = 5576

Computing remaining probabilities...
Engine: Hybrid

Building hybrid MTBDD matrix... [levels=25, nodes=3493] [163.7 KB]
Adding explicit sparse matrices... [levels=25, num=1, compact] [41.2 KB]
Creating vector for diagonals... [dist=2, compact] [20.4 KB]
Creating vector for RHS... [dist=2, compact] [20.4 KB]
Allocating iteration vectors... [2 x 81.6 KB]
TOTAL: [408.9 KB]

Starting iterations...

Jacobi: 42 iterations in 0.02 seconds (average 0.000190, setup 0.01)

Value in the initial state: 0.996754060250375

Time for model checking: 0.078 seconds.

Result: 0.996754060250375 (value in the initial state)


real	0m2.332s
user	0m3.787s
sys	0m0.481s
