$ prism Fccn.pm prism.pctl -maxiters 1000000
PRISM
=====

Version: 4.4
Date: Fri Nov 16 09:01:19 EST 2018
Hostname: atlas-18
Memory limits: cudd=1g, java(heap)=964.5m
Command line: prism Fccn.pm prism.pctl -maxiters 1000000

Parsing model file "Fccn.pm"...

Parsing properties file "prism.pctl"...

1 property:
(1) P=? [ F (__state__=0) ]

Type:        DTMC
Modules:     ProbNetKAT 
Variables:   __state__ pt sw up_10 up_11 up_12 up_14 up_2 up_3 up_4 up_5 up_6 up_7 up_8 up_9 

---------------------------------------------------------------------

Model checking: P=? [ F (__state__=0) ]

Building model...

Computing reachable states...

Reachability (BFS): 25 iterations in 0.03 seconds (average 0.001000, setup 0.00)

Time for model construction: 0.266 seconds.

Type:        DTMC
States:      58866 (1 initial)
Transitions: 85630

Transition matrix: 4396 nodes (5 terminal), 85630 minterms, vars: 28r/28c

Prob0: 48 iterations in 0.04 seconds (average 0.000729, setup 0.00)

Prob1: 15 iterations in 0.02 seconds (average 0.001200, setup 0.00)

yes = 25426, no = 27891, maybe = 5549

Computing remaining probabilities...
Engine: Hybrid

Building hybrid MTBDD matrix... [levels=28, nodes=3801] [178.2 KB]
Adding explicit sparse matrices... [levels=28, num=1, compact] [89.0 KB]
Creating vector for diagonals... [dist=1, compact] [115.0 KB]
Creating vector for RHS... [dist=2, compact] [115.0 KB]
Allocating iteration vectors... [2 x 459.9 KB]
TOTAL: [1.4 MB]

Starting iterations...

Jacobi: 38 iterations in 0.05 seconds (average 0.000895, setup 0.01)

Value in the initial state: 0.9972301803639549

Time for model checking: 0.115 seconds.

Result: 0.9972301803639549 (value in the initial state)


real	0m2.465s
user	0m4.225s
sys	0m0.496s
