$ prism Garr200212.pm prism.pctl -maxiters 1000000
PRISM
=====

Version: 4.4
Date: Fri Nov 16 08:46:04 EST 2018
Hostname: atlas-18
Memory limits: cudd=1g, java(heap)=964.5m
Command line: prism Garr200212.pm prism.pctl -maxiters 1000000

Parsing model file "Garr200212.pm"...

Parsing properties file "prism.pctl"...

1 property:
(1) P=? [ F (__state__=0) ]

Type:        DTMC
Modules:     ProbNetKAT 
Variables:   __state__ pt sw up_10 up_11 up_12 up_13 up_2 up_3 up_4 up_5 up_6 up_7 up_8 up_9 

---------------------------------------------------------------------

Model checking: P=? [ F (__state__=0) ]

Building model...

Computing reachable states...

Reachability (BFS): 27 iterations in 0.03 seconds (average 0.001111, setup 0.00)

Time for model construction: 0.306 seconds.

Type:        DTMC
States:      68151 (1 initial)
Transitions: 99048

Transition matrix: 5017 nodes (6 terminal), 99048 minterms, vars: 28r/28c

Prob0: 45 iterations in 0.04 seconds (average 0.000844, setup 0.00)

Prob1: 18 iterations in 0.03 seconds (average 0.001389, setup 0.00)

yes = 1062, no = 32242, maybe = 34847

Computing remaining probabilities...
Engine: Hybrid

Building hybrid MTBDD matrix... [levels=28, nodes=4653] [218.1 KB]
Adding explicit sparse matrices... [levels=28, num=1, compact] [261.9 KB]
Creating vector for diagonals... [dist=2, compact] [133.1 KB]
Creating vector for RHS... [dist=2, compact] [133.1 KB]
Allocating iteration vectors... [2 x 532.4 KB]
TOTAL: [1.8 MB]

Starting iterations...

Jacobi: 39 iterations in 0.07 seconds (average 0.001256, setup 0.02)

Value in the initial state: 0.9973483458842307

Time for model checking: 0.148 seconds.

Result: 0.9973483458842307 (value in the initial state)


real	0m2.432s
user	0m4.248s
sys	0m0.494s
