$ prism Garr201109.pm prism.pctl -maxiters 1000000
PRISM
=====

Version: 4.4
Date: Fri Nov 16 08:34:36 EST 2018
Hostname: atlas-18
Memory limits: cudd=1g, java(heap)=964.5m
Command line: prism Garr201109.pm prism.pctl -maxiters 1000000

Parsing model file "Garr201109.pm"...

Parsing properties file "prism.pctl"...

1 property:
(1) P=? [ F (__state__=0) ]

Type:        DTMC
Modules:     ProbNetKAT 
Variables:   __state__ pt sw up_10 up_11 up_12 up_13 up_15 up_2 up_3 up_4 up_5 up_6 up_7 up_8 up_9 

---------------------------------------------------------------------

Model checking: P=? [ F (__state__=0) ]

Building model...

Computing reachable states...

Reachability (BFS): 33 iterations in 0.05 seconds (average 0.001485, setup 0.00)

Time for model construction: 1.014 seconds.

Type:        DTMC
States:      286238 (1 initial)
Transitions: 419463

Transition matrix: 14217 nodes (6 terminal), 419463 minterms, vars: 32r/32c

Prob0: 64 iterations in 0.07 seconds (average 0.001125, setup 0.00)

Prob1: 19 iterations in 0.03 seconds (average 0.001526, setup 0.00)

yes = 74, no = 136126, maybe = 150038

Computing remaining probabilities...
Engine: Hybrid

Building hybrid MTBDD matrix... [levels=32, nodes=14644] [686.4 KB]
Adding explicit sparse matrices... [levels=21, num=506, compact] [879.5 KB]
Creating vector for diagonals... [dist=2, compact] [559.1 KB]
Creating vector for RHS... [dist=2, compact] [559.1 KB]
Allocating iteration vectors... [2 x 2.2 MB]
TOTAL: [7.0 MB]

Starting iterations...

Jacobi: 60 iterations in 0.16 seconds (average 0.001933, setup 0.05)

Value in the initial state: 0.9963325835343627

Time for model checking: 0.278 seconds.

Result: 0.9963325835343627 (value in the initial state)


real	0m2.891s
user	0m6.019s
sys	0m0.559s
