$ prism Garr201103.pm prism.pctl -maxiters 1000000
PRISM
=====

Version: 4.4
Date: Fri Nov 16 08:59:35 EST 2018
Hostname: atlas-18
Memory limits: cudd=1g, java(heap)=964.5m
Command line: prism Garr201103.pm prism.pctl -maxiters 1000000

Parsing model file "Garr201103.pm"...

Parsing properties file "prism.pctl"...

1 property:
(1) P=? [ F (__state__=0) ]

Type:        DTMC
Modules:     ProbNetKAT 
Variables:   __state__ pt sw up_10 up_11 up_12 up_14 up_2 up_3 up_4 up_5 up_6 up_7 up_8 up_9 

---------------------------------------------------------------------

Model checking: P=? [ F (__state__=0) ]

Building model...

Computing reachable states...

Reachability (BFS): 31 iterations in 0.06 seconds (average 0.001839, setup 0.00)

Time for model construction: 0.789 seconds.

Type:        DTMC
States:      137676 (1 initial)
Transitions: 201804

Transition matrix: 13433 nodes (6 terminal), 201804 minterms, vars: 31r/31c

Prob0: 58 iterations in 0.16 seconds (average 0.002724, setup 0.00)

Prob1: 18 iterations in 0.10 seconds (average 0.005389, setup 0.00)

yes = 74, no = 64480, maybe = 73122

Computing remaining probabilities...
Engine: Hybrid

Building hybrid MTBDD matrix... [levels=31, nodes=13777] [645.8 KB]
Adding explicit sparse matrices... [levels=31, num=1, compact] [548.2 KB]
Creating vector for diagonals... [dist=2, compact] [268.9 KB]
Creating vector for RHS... [dist=2, compact] [268.9 KB]
Allocating iteration vectors... [2 x 1.1 MB]
TOTAL: [3.8 MB]

Starting iterations...

Jacobi: 58 iterations in 0.26 seconds (average 0.002534, setup 0.11)

Value in the initial state: 0.9963382956664213

Time for model checking: 0.549 seconds.

Result: 0.9963382956664213 (value in the initial state)


real	0m2.811s
user	0m5.506s
sys	0m0.514s
