$ prism Garr199901.pm prism.pctl -maxiters 1000000
PRISM
=====

Version: 4.4
Date: Fri Nov 16 09:01:12 EST 2018
Hostname: atlas-18
Memory limits: cudd=1g, java(heap)=964.5m
Command line: prism Garr199901.pm prism.pctl -maxiters 1000000

Parsing model file "Garr199901.pm"...

Parsing properties file "prism.pctl"...

1 property:
(1) P=? [ F (__state__=0) ]

Type:        DTMC
Modules:     ProbNetKAT 
Variables:   __state__ pt sw up_2 up_3 up_4 up_5 up_6 up_7 up_8 

---------------------------------------------------------------------

Model checking: P=? [ F (__state__=0) ]

Building model...

Computing reachable states...

Reachability (BFS): 16 iterations in 0.01 seconds (average 0.000625, setup 0.00)

Time for model construction: 0.128 seconds.

Type:        DTMC
States:      2544 (1 initial)
Transitions: 3550

Transition matrix: 2156 nodes (5 terminal), 3550 minterms, vars: 21r/21c

Prob0: 20 iterations in 0.01 seconds (average 0.000600, setup 0.00)

Prob1: 8 iterations in 0.01 seconds (average 0.000750, setup 0.00)

yes = 1319, no = 1098, maybe = 127

Computing remaining probabilities...
Engine: Hybrid

Building hybrid MTBDD matrix... [levels=21, nodes=1170] [54.8 KB]
Adding explicit sparse matrices... [levels=21, num=1, compact] [3.3 KB]
Creating vector for diagonals... [dist=1, compact] [5.0 KB]
Creating vector for RHS... [dist=2, compact] [5.0 KB]
Allocating iteration vectors... [2 x 19.9 KB]
TOTAL: [107.9 KB]

Starting iterations...

Jacobi: 12 iterations in 0.00 seconds (average 0.000083, setup 0.00)

Value in the initial state: 0.9984005999999999

Time for model checking: 0.03 seconds.

Result: 0.9984005999999999 (value in the initial state)


real	0m2.427s
user	0m3.642s
sys	0m0.473s
