$ prism Garr201105.pm prism.pctl -maxiters 1000000
PRISM
=====

Version: 4.4
Date: Fri Nov 16 08:39:40 EST 2018
Hostname: atlas-18
Memory limits: cudd=1g, java(heap)=964.5m
Command line: prism Garr201105.pm prism.pctl -maxiters 1000000

Parsing model file "Garr201105.pm"...

Parsing properties file "prism.pctl"...

1 property:
(1) P=? [ F (__state__=0) ]

Type:        DTMC
Modules:     ProbNetKAT 
Variables:   __state__ pt sw up_10 up_11 up_12 up_13 up_15 up_2 up_3 up_4 up_5 up_6 up_7 up_8 up_9 

---------------------------------------------------------------------

Model checking: P=? [ F (__state__=0) ]

Building model...

Computing reachable states...

Reachability (BFS): 32 iterations in 0.05 seconds (average 0.001469, setup 0.00)

Time for model construction: 0.79 seconds.

Type:        DTMC
States:      262686 (1 initial)
Transitions: 385095

Transition matrix: 14129 nodes (6 terminal), 385095 minterms, vars: 32r/32c

Prob0: 63 iterations in 0.06 seconds (average 0.000984, setup 0.00)

Prob1: 19 iterations in 0.03 seconds (average 0.001474, setup 0.00)

yes = 58, no = 124816, maybe = 137812

Computing remaining probabilities...
Engine: Hybrid

Building hybrid MTBDD matrix... [levels=32, nodes=14675] [687.9 KB]
Adding explicit sparse matrices... [levels=21, num=493, compact] [787.8 KB]
Creating vector for diagonals... [dist=2, compact] [513.1 KB]
Creating vector for RHS... [dist=2, compact] [513.1 KB]
Allocating iteration vectors... [2 x 2.0 MB]
TOTAL: [6.5 MB]

Starting iterations...

Jacobi: 60 iterations in 0.15 seconds (average 0.001783, setup 0.05)

Value in the initial state: 0.9963325835343627

Time for model checking: 0.264 seconds.

Result: 0.9963325835343627 (value in the initial state)


real	0m2.658s
user	0m5.563s
sys	0m0.535s
