$ prism Gblnet.pm prism.pctl -maxiters 1000000
PRISM
=====

Version: 4.4
Date: Fri Nov 16 09:01:25 EST 2018
Hostname: atlas-18
Memory limits: cudd=1g, java(heap)=964.5m
Command line: prism Gblnet.pm prism.pctl -maxiters 1000000

Parsing model file "Gblnet.pm"...

Parsing properties file "prism.pctl"...

1 property:
(1) P=? [ F (__state__=0) ]

Type:        DTMC
Modules:     ProbNetKAT 
Variables:   __state__ pt sw up_2 up_3 up_4 up_5 up_6 

---------------------------------------------------------------------

Model checking: P=? [ F (__state__=0) ]

Building model...

Computing reachable states...

Reachability (BFS): 16 iterations in 0.01 seconds (average 0.000438, setup 0.00)

Time for model construction: 0.071 seconds.

Type:        DTMC
States:      470 (1 initial)
Transitions: 647

Transition matrix: 972 nodes (5 terminal), 647 minterms, vars: 17r/17c

Prob0: 32 iterations in 0.01 seconds (average 0.000219, setup 0.00)

Prob1: 11 iterations in 0.00 seconds (average 0.000273, setup 0.00)

yes = 170, no = 160, maybe = 140

Computing remaining probabilities...
Engine: Hybrid

Building hybrid MTBDD matrix... [levels=17, nodes=826] [38.7 KB]
Adding explicit sparse matrices... [levels=17, num=1, compact] [1.4 KB]
Creating vector for diagonals... [dist=1, compact] [0.9 KB]
Creating vector for RHS... [dist=2, compact] [0.9 KB]
Allocating iteration vectors... [2 x 3.7 KB]
TOTAL: [49.3 KB]

Starting iterations...

Jacobi: 27 iterations in 0.00 seconds (average 0.000000, setup 0.00)

Value in the initial state: 0.9977161421430001

Time for model checking: 0.02 seconds.

Result: 0.9977161421430001 (value in the initial state)


real	0m2.437s
user	0m3.417s
sys	0m0.477s
