$ prism Getnet.pm prism.pctl -maxiters 1000000
PRISM
=====

Version: 4.4
Date: Fri Nov 16 08:52:22 EST 2018
Hostname: atlas-18
Memory limits: cudd=1g, java(heap)=964.5m
Command line: prism Getnet.pm prism.pctl -maxiters 1000000

Parsing model file "Getnet.pm"...

Parsing properties file "prism.pctl"...

1 property:
(1) P=? [ F (__state__=0) ]

Type:        DTMC
Modules:     ProbNetKAT 
Variables:   __state__ pt sw up_2 up_3 up_4 

---------------------------------------------------------------------

Model checking: P=? [ F (__state__=0) ]

Building model...

Computing reachable states...

Reachability (BFS): 14 iterations in 0.01 seconds (average 0.000571, setup 0.00)

Time for model construction: 0.066 seconds.

Type:        DTMC
States:      173 (1 initial)
Transitions: 225

Transition matrix: 884 nodes (6 terminal), 225 minterms, vars: 15r/15c

Prob0: 17 iterations in 0.01 seconds (average 0.000294, setup 0.00)

Prob1: 8 iterations in 0.00 seconds (average 0.000375, setup 0.00)

yes = 75, no = 51, maybe = 47

Computing remaining probabilities...
Engine: Hybrid

Building hybrid MTBDD matrix... [levels=15, nodes=474] [22.2 KB]
Adding explicit sparse matrices... [levels=15, num=1, compact] [0.5 KB]
Creating vector for diagonals... [dist=2, compact] [0.4 KB]
Creating vector for RHS... [dist=2, compact] [0.4 KB]
Allocating iteration vectors... [2 x 1.4 KB]
TOTAL: [26.1 KB]

Starting iterations...

Jacobi: 13 iterations in 0.00 seconds (average 0.000000, setup 0.00)

Value in the initial state: 0.9988333334999999

Time for model checking: 0.016 seconds.

Result: 0.9988333334999999 (value in the initial state)


real	0m2.408s
user	0m3.446s
sys	0m0.486s
