$ prism Grnet.pm prism.pctl -maxiters 1000000
PRISM
=====

Version: 4.4
Date: Fri Nov 16 08:56:44 EST 2018
Hostname: atlas-18
Memory limits: cudd=1g, java(heap)=964.5m
Command line: prism Grnet.pm prism.pctl -maxiters 1000000

Parsing model file "Grnet.pm"...

Parsing properties file "prism.pctl"...

1 property:
(1) P=? [ F (__state__=0) ]

Type:        DTMC
Modules:     ProbNetKAT 
Variables:   __state__ pt sw up_10 up_12 up_13 up_14 up_2 up_3 up_4 up_5 up_6 up_7 up_8 up_9 

---------------------------------------------------------------------

Model checking: P=? [ F (__state__=0) ]

Building model...

Computing reachable states...

Reachability (BFS): 25 iterations in 0.10 seconds (average 0.004120, setup 0.00)

Time for model construction: 0.566 seconds.

Type:        DTMC
States:      47630 (1 initial)
Transitions: 69059

Transition matrix: 7969 nodes (6 terminal), 69059 minterms, vars: 30r/30c

Prob0: 58 iterations in 0.06 seconds (average 0.001034, setup 0.00)

Prob1: 17 iterations in 0.03 seconds (average 0.001647, setup 0.00)

yes = 190, no = 22444, maybe = 24996

Computing remaining probabilities...
Engine: Hybrid

Building hybrid MTBDD matrix... [levels=30, nodes=7842] [367.6 KB]
Adding explicit sparse matrices... [levels=30, num=1, compact] [186.5 KB]
Creating vector for diagonals... [dist=2, compact] [93.0 KB]
Creating vector for RHS... [dist=2, compact] [93.0 KB]
Allocating iteration vectors... [2 x 372.1 KB]
TOTAL: [1.4 MB]

Starting iterations...

Jacobi: 52 iterations in 0.06 seconds (average 0.000635, setup 0.03)

Value in the initial state: 0.9965048577511665

Time for model checking: 0.087 seconds.

Result: 0.9965048577511665 (value in the initial state)


real	0m2.508s
user	0m4.960s
sys	0m0.528s
