$ prism GtsCzechRepublic.pm prism.pctl -maxiters 1000000
PRISM
=====

Version: 4.4
Date: Fri Nov 16 08:34:28 EST 2018
Hostname: atlas-18
Memory limits: cudd=1g, java(heap)=964.5m
Command line: prism GtsCzechRepublic.pm prism.pctl -maxiters 1000000

Parsing model file "GtsCzechRepublic.pm"...

Parsing properties file "prism.pctl"...

1 property:
(1) P=? [ F (__state__=0) ]

Type:        DTMC
Modules:     ProbNetKAT 
Variables:   __state__ pt sw up_2 up_3 up_4 up_5 up_6 up_7 up_8 

---------------------------------------------------------------------

Model checking: P=? [ F (__state__=0) ]

Building model...

Computing reachable states...

Reachability (BFS): 20 iterations in 0.03 seconds (average 0.001700, setup 0.00)

Time for model construction: 0.357 seconds.

Type:        DTMC
States:      3206 (1 initial)
Transitions: 4490

Transition matrix: 4608 nodes (6 terminal), 4490 minterms, vars: 23r/23c

Prob0: 62 iterations in 0.05 seconds (average 0.000871, setup 0.00)

Prob1: 13 iterations in 0.02 seconds (average 0.001538, setup 0.00)

yes = 86, no = 1322, maybe = 1798

Computing remaining probabilities...
Engine: Hybrid

Building hybrid MTBDD matrix... [levels=23, nodes=4577] [214.5 KB]
Adding explicit sparse matrices... [levels=23, num=1, compact] [13.0 KB]
Creating vector for diagonals... [dist=2, compact] [6.3 KB]
Creating vector for RHS... [dist=2, compact] [6.3 KB]
Allocating iteration vectors... [2 x 25.0 KB]
TOTAL: [290.2 KB]

Starting iterations...

Jacobi: 58 iterations in 0.01 seconds (average 0.000069, setup 0.01)

Value in the initial state: 0.9957178941672559

Time for model checking: 0.104 seconds.

Result: 0.9957178941672559 (value in the initial state)


real	0m2.537s
user	0m4.453s
sys	0m0.510s
