$ prism GtsHungary.pm prism.pctl -maxiters 1000000
PRISM
=====

Version: 4.4
Date: Fri Nov 16 08:38:09 EST 2018
Hostname: atlas-18
Memory limits: cudd=1g, java(heap)=964.5m
Command line: prism GtsHungary.pm prism.pctl -maxiters 1000000

Parsing model file "GtsHungary.pm"...

Parsing properties file "prism.pctl"...

1 property:
(1) P=? [ F (__state__=0) ]

Type:        DTMC
Modules:     ProbNetKAT 
Variables:   __state__ pt sw up_10 up_11 up_12 up_13 up_14 up_15 up_16 up_17 up_18 up_2 up_3 up_4 up_5 up_6 up_7 up_8 up_9 

---------------------------------------------------------------------

Model checking: P=? [ F (__state__=0) ]

Building model...

Computing reachable states...

Reachability (BFS): 28 iterations in 0.05 seconds (average 0.001679, setup 0.00)

Time for model construction: 0.433 seconds.

Type:        DTMC
States:      4719240 (1 initial)
Transitions: 6947701

Transition matrix: 6296 nodes (6 terminal), 6947701 minterms, vars: 35r/35c

Prob0: 53 iterations in 0.06 seconds (average 0.001170, setup 0.00)

Prob1: 13 iterations in 0.03 seconds (average 0.002154, setup 0.00)

yes = 2424290, no = 2293382, maybe = 1568

Computing remaining probabilities...
Engine: Hybrid

Building hybrid MTBDD matrix... [levels=35, nodes=5441] [255.0 KB]
Adding explicit sparse matrices... [levels=29, num=102, compact] [24.4 KB]
Creating vector for diagonals... [dist=2, compact] [9.0 MB]
Creating vector for RHS... [dist=2, compact] [9.0 MB]
Allocating iteration vectors... [2 x 36.0 MB]
TOTAL: [90.3 MB]

Starting iterations...

Jacobi: 41 iterations in 1.67 seconds (average 0.034585, setup 0.25)

Value in the initial state: 0.9973473439996556

Time for model checking: 1.846 seconds.

Result: 0.9973473439996556 (value in the initial state)


real	0m3.774s
user	0m6.064s
sys	0m0.600s
