$ prism Heanet.pm prism.pctl -maxiters 1000000
PRISM
=====

Version: 4.4
Date: Fri Nov 16 08:48:09 EST 2018
Hostname: atlas-18
Memory limits: cudd=1g, java(heap)=964.5m
Command line: prism Heanet.pm prism.pctl -maxiters 1000000

Parsing model file "Heanet.pm"...

Parsing properties file "prism.pctl"...

1 property:
(1) P=? [ F (__state__=0) ]

Type:        DTMC
Modules:     ProbNetKAT 
Variables:   __state__ pt sw up_2 up_3 up_4 up_5 up_6 up_7 up_9 

---------------------------------------------------------------------

Model checking: P=? [ F (__state__=0) ]

Building model...

Computing reachable states...

Reachability (BFS): 17 iterations in 0.00 seconds (average 0.000235, setup 0.00)

Time for model construction: 0.062 seconds.

Type:        DTMC
States:      1061 (1 initial)
Transitions: 1478

Transition matrix: 1519 nodes (6 terminal), 1478 minterms, vars: 20r/20c

Prob0: 20 iterations in 0.01 seconds (average 0.000300, setup 0.00)

Prob1: 10 iterations in 0.00 seconds (average 0.000300, setup 0.00)

yes = 494, no = 397, maybe = 170

Computing remaining probabilities...
Engine: Hybrid

Building hybrid MTBDD matrix... [levels=20, nodes=1090] [51.1 KB]
Adding explicit sparse matrices... [levels=20, num=1, compact] [2.2 KB]
Creating vector for diagonals... [dist=2, compact] [2.1 KB]
Creating vector for RHS... [dist=2, compact] [2.1 KB]
Allocating iteration vectors... [2 x 8.3 KB]
TOTAL: [74.0 KB]

Starting iterations...

Jacobi: 16 iterations in 0.00 seconds (average 0.000000, setup 0.00)

Value in the initial state: 0.9989995004999999

Time for model checking: 0.017 seconds.

Result: 0.9989995004999999 (value in the initial state)


real	0m2.292s
user	0m3.321s
sys	0m0.455s
