$ prism Highwinds.pm prism.pctl -maxiters 1000000
PRISM
=====

Version: 4.4
Date: Fri Nov 16 08:46:23 EST 2018
Hostname: atlas-18
Memory limits: cudd=1g, java(heap)=964.5m
Command line: prism Highwinds.pm prism.pctl -maxiters 1000000

Parsing model file "Highwinds.pm"...

Parsing properties file "prism.pctl"...

1 property:
(1) P=? [ F (__state__=0) ]

Type:        DTMC
Modules:     ProbNetKAT 
Variables:   __state__ pt sw up_10 up_11 up_12 up_13 up_15 up_2 up_3 up_4 up_5 up_6 up_7 up_8 up_9 

---------------------------------------------------------------------

Model checking: P=? [ F (__state__=0) ]

Building model...

Computing reachable states...

Reachability (BFS): 22 iterations in 0.04 seconds (average 0.001818, setup 0.00)

Time for model construction: 0.335 seconds.

Type:        DTMC
States:      5671 (1 initial)
Transitions: 8529

Transition matrix: 7237 nodes (7 terminal), 8529 minterms, vars: 29r/29c

Prob0: 59 iterations in 0.08 seconds (average 0.001407, setup 0.00)

Prob1: 14 iterations in 0.04 seconds (average 0.003143, setup 0.00)

yes = 60, no = 2097, maybe = 3514

Computing remaining probabilities...
Engine: Hybrid

Building hybrid MTBDD matrix... [levels=29, nodes=7607] [356.6 KB]
Adding explicit sparse matrices... [levels=29, num=1, compact] [25.7 KB]
Creating vector for diagonals... [dist=3, compact] [11.1 KB]
Creating vector for RHS... [dist=2, compact] [11.1 KB]
Allocating iteration vectors... [2 x 44.3 KB]
TOTAL: [493.1 KB]

Starting iterations...

Jacobi: 59 iterations in 0.03 seconds (average 0.000119, setup 0.03)

Value in the initial state: 0.997599622151288

Time for model checking: 0.178 seconds.

Result: 0.997599622151288 (value in the initial state)


real	0m2.449s
user	0m4.313s
sys	0m0.507s
