$ prism HostwayInternational.pm prism.pctl -maxiters 1000000
PRISM
=====

Version: 4.4
Date: Fri Nov 16 08:58:54 EST 2018
Hostname: atlas-18
Memory limits: cudd=1g, java(heap)=964.5m
Command line: prism HostwayInternational.pm prism.pctl -maxiters 1000000

Parsing model file "HostwayInternational.pm"...

Parsing properties file "prism.pctl"...

1 property:
(1) P=? [ F (__state__=0) ]

Type:        DTMC
Modules:     ProbNetKAT 
Variables:   __state__ pt sw up_2 up_3 up_4 up_5 

---------------------------------------------------------------------

Model checking: P=? [ F (__state__=0) ]

Building model...

Computing reachable states...

Reachability (BFS): 17 iterations in 0.01 seconds (average 0.000765, setup 0.00)

Time for model construction: 0.165 seconds.

Type:        DTMC
States:      787 (1 initial)
Transitions: 1074

Transition matrix: 2474 nodes (6 terminal), 1074 minterms, vars: 18r/18c

Prob0: 43 iterations in 0.02 seconds (average 0.000535, setup 0.00)

Prob1: 10 iterations in 0.01 seconds (average 0.001000, setup 0.00)

yes = 139, no = 250, maybe = 398

Computing remaining probabilities...
Engine: Hybrid

Building hybrid MTBDD matrix... [levels=18, nodes=2283] [107.0 KB]
Adding explicit sparse matrices... [levels=18, num=1, compact] [2.9 KB]
Creating vector for diagonals... [dist=2, compact] [1.6 KB]
Creating vector for RHS... [dist=2, compact] [1.6 KB]
Allocating iteration vectors... [2 x 6.1 KB]
TOTAL: [125.4 KB]

Starting iterations...

Jacobi: 38 iterations in 0.01 seconds (average 0.000026, setup 0.00)

Value in the initial state: 0.9972029322662006

Time for model checking: 0.049 seconds.

Result: 0.9972029322662006 (value in the initial state)


real	0m2.431s
user	0m3.936s
sys	0m0.517s
