$ prism Integra.pm prism.pctl -maxiters 1000000
PRISM
=====

Version: 4.4
Date: Fri Nov 16 08:56:52 EST 2018
Hostname: atlas-18
Memory limits: cudd=1g, java(heap)=964.5m
Command line: prism Integra.pm prism.pctl -maxiters 1000000

Parsing model file "Integra.pm"...

Parsing properties file "prism.pctl"...

1 property:
(1) P=? [ F (__state__=0) ]

Type:        DTMC
Modules:     ProbNetKAT 
Variables:   __state__ pt sw up_2 up_3 up_4 up_5 up_6 

---------------------------------------------------------------------

Model checking: P=? [ F (__state__=0) ]

Building model...

Computing reachable states...

Reachability (BFS): 19 iterations in 0.06 seconds (average 0.003316, setup 0.00)

Time for model construction: 0.366 seconds.

Type:        DTMC
States:      2252 (1 initial)
Transitions: 3388

Transition matrix: 4869 nodes (7 terminal), 3388 minterms, vars: 21r/21c

Prob0: 57 iterations in 0.11 seconds (average 0.001982, setup 0.00)

Prob1: 12 iterations in 0.04 seconds (average 0.003500, setup 0.00)

yes = 117, no = 632, maybe = 1503

Computing remaining probabilities...
Engine: Hybrid

Building hybrid MTBDD matrix... [levels=21, nodes=4850] [227.3 KB]
Adding explicit sparse matrices... [levels=21, num=1, compact] [11.0 KB]
Creating vector for diagonals... [dist=3, compact] [4.4 KB]
Creating vector for RHS... [dist=2, compact] [4.4 KB]
Allocating iteration vectors... [2 x 17.6 KB]
TOTAL: [282.4 KB]

Starting iterations...

Jacobi: 56 iterations in 0.03 seconds (average 0.000089, setup 0.03)

Value in the initial state: 0.9969266081685235

Time for model checking: 0.109 seconds.

Result: 0.9969266081685235 (value in the initial state)


real	0m2.441s
user	0m4.584s
sys	0m0.508s
