$ prism Karen.pm prism.pctl -maxiters 1000000
PRISM
=====

Version: 4.4
Date: Fri Nov 16 08:46:17 EST 2018
Hostname: atlas-18
Memory limits: cudd=1g, java(heap)=964.5m
Command line: prism Karen.pm prism.pctl -maxiters 1000000

Parsing model file "Karen.pm"...

Parsing properties file "prism.pctl"...

1 property:
(1) P=? [ F (__state__=0) ]

Type:        DTMC
Modules:     ProbNetKAT 
Variables:   __state__ pt sw up_2 up_3 up_4 up_5 up_6 up_7 up_8 

---------------------------------------------------------------------

Model checking: P=? [ F (__state__=0) ]

Building model...

Computing reachable states...

Reachability (BFS): 20 iterations in 0.02 seconds (average 0.001200, setup 0.00)

Time for model construction: 0.257 seconds.

Type:        DTMC
States:      2253 (1 initial)
Transitions: 3193

Transition matrix: 4077 nodes (6 terminal), 3193 minterms, vars: 22r/22c

Prob0: 50 iterations in 0.05 seconds (average 0.000920, setup 0.00)

Prob1: 14 iterations in 0.02 seconds (average 0.001143, setup 0.00)

yes = 194, no = 851, maybe = 1208

Computing remaining probabilities...
Engine: Hybrid

Building hybrid MTBDD matrix... [levels=22, nodes=3765] [176.5 KB]
Adding explicit sparse matrices... [levels=22, num=1, compact] [9.0 KB]
Creating vector for diagonals... [dist=2, compact] [4.4 KB]
Creating vector for RHS... [dist=2, compact] [4.4 KB]
Allocating iteration vectors... [2 x 17.6 KB]
TOTAL: [229.5 KB]

Starting iterations...

Jacobi: 50 iterations in 0.01 seconds (average 0.000040, setup 0.01)

Value in the initial state: 0.9972112697911463

Time for model checking: 0.086 seconds.

Result: 0.9972112697911463 (value in the initial state)


real	0m2.524s
user	0m4.331s
sys	0m0.530s
