$ prism Marnet.pm prism.pctl -maxiters 1000000
PRISM
=====

Version: 4.4
Date: Fri Nov 16 08:34:49 EST 2018
Hostname: atlas-18
Memory limits: cudd=1g, java(heap)=964.5m
Command line: prism Marnet.pm prism.pctl -maxiters 1000000

Parsing model file "Marnet.pm"...

Parsing properties file "prism.pctl"...

1 property:
(1) P=? [ F (__state__=0) ]

Type:        DTMC
Modules:     ProbNetKAT 
Variables:   __state__ pt sw up_10 up_11 up_12 up_13 up_14 up_15 up_16 up_17 up_18 up_2 up_3 up_4 up_5 up_6 up_7 up_8 up_9 

---------------------------------------------------------------------

Model checking: P=? [ F (__state__=0) ]

Building model...

Computing reachable states...

Reachability (BFS): 35 iterations in 0.05 seconds (average 0.001400, setup 0.00)

Time for model construction: 0.325 seconds.

Type:        DTMC
States:      2894157 (1 initial)
Transitions: 4209567

Transition matrix: 5330 nodes (6 terminal), 4209567 minterms, vars: 34r/34c

Prob0: 44 iterations in 0.04 seconds (average 0.000977, setup 0.00)

Prob1: 19 iterations in 0.03 seconds (average 0.001526, setup 0.00)

yes = 5360, no = 1380871, maybe = 1507926

Computing remaining probabilities...
Engine: Hybrid

Building hybrid MTBDD matrix... [levels=34, nodes=4649] [217.9 KB]
Adding explicit sparse matrices... [levels=15, num=51, compact] [611.7 KB]
Creating vector for diagonals... [dist=2, compact] [5.5 MB]
Creating vector for RHS... [dist=2, compact] [5.5 MB]
Allocating iteration vectors... [2 x 22.1 MB]
TOTAL: [56.0 MB]

Starting iterations...

Jacobi: 36 iterations in 1.17 seconds (average 0.028306, setup 0.15)

Value in the initial state: 0.9975807891052106

Time for model checking: 1.296 seconds.

Result: 0.9975807891052106 (value in the initial state)


real	0m3.173s
user	0m5.439s
sys	0m0.565s
