$ prism Marwan.pm prism.pctl -maxiters 1000000
PRISM
=====

Version: 4.4
Date: Fri Nov 16 08:54:53 EST 2018
Hostname: atlas-18
Memory limits: cudd=1g, java(heap)=964.5m
Command line: prism Marwan.pm prism.pctl -maxiters 1000000

Parsing model file "Marwan.pm"...

Parsing properties file "prism.pctl"...

1 property:
(1) P=? [ F (__state__=0) ]

Type:        DTMC
Modules:     ProbNetKAT 
Variables:   __state__ pt sw up_2 up_3 up_4 up_5 up_6 

---------------------------------------------------------------------

Model checking: P=? [ F (__state__=0) ]

Building model...

Computing reachable states...

Reachability (BFS): 17 iterations in 0.01 seconds (average 0.000706, setup 0.00)

Time for model construction: 0.141 seconds.

Type:        DTMC
States:      733 (1 initial)
Transitions: 1051

Transition matrix: 2422 nodes (6 terminal), 1051 minterms, vars: 19r/19c

Prob0: 48 iterations in 0.03 seconds (average 0.000521, setup 0.00)

Prob1: 11 iterations in 0.01 seconds (average 0.000909, setup 0.00)

yes = 47, no = 203, maybe = 483

Computing remaining probabilities...
Engine: Hybrid

Building hybrid MTBDD matrix... [levels=19, nodes=2267] [106.3 KB]
Adding explicit sparse matrices... [levels=19, num=1, compact] [3.5 KB]
Creating vector for diagonals... [dist=2, compact] [1.4 KB]
Creating vector for RHS... [dist=2, compact] [1.4 KB]
Allocating iteration vectors... [2 x 5.7 KB]
TOTAL: [124.1 KB]

Starting iterations...

Jacobi: 45 iterations in 0.01 seconds (average 0.000022, setup 0.00)

Value in the initial state: 0.9971693665982677

Time for model checking: 0.051 seconds.

Result: 0.9971693665982677 (value in the initial state)


real	0m2.429s
user	0m3.671s
sys	0m0.492s
