$ prism Missouri.pm prism.pctl -maxiters 1000000
PRISM
=====

Version: 4.4
Date: Fri Nov 16 08:52:42 EST 2018
Hostname: atlas-18
Memory limits: cudd=1g, java(heap)=964.5m
Command line: prism Missouri.pm prism.pctl -maxiters 1000000

Parsing model file "Missouri.pm"...

Parsing properties file "prism.pctl"...

1 property:
(1) P=? [ F (__state__=0) ]

Type:        DTMC
Modules:     ProbNetKAT 
Variables:   __state__ pt sw up_2 up_3 up_4 up_5 up_6 

---------------------------------------------------------------------

Model checking: P=? [ F (__state__=0) ]

Building model...

Computing reachable states...

Reachability (BFS): 18 iterations in 0.02 seconds (average 0.001167, setup 0.00)

Time for model construction: 0.816 seconds.

Type:        DTMC
States:      3775 (1 initial)
Transitions: 5294

Transition matrix: 11879 nodes (6 terminal), 5294 minterms, vars: 24r/24c

Prob0: 74 iterations in 0.07 seconds (average 0.000878, setup 0.00)

Prob1: 13 iterations in 0.02 seconds (average 0.001538, setup 0.00)

yes = 196, no = 1026, maybe = 2553

Computing remaining probabilities...
Engine: Hybrid

Building hybrid MTBDD matrix... [levels=24, nodes=12531] [587.4 KB]
Adding explicit sparse matrices... [levels=24, num=1, compact] [18.1 KB]
Creating vector for diagonals... [dist=2, compact] [7.4 KB]
Creating vector for RHS... [dist=2, compact] [7.4 KB]
Allocating iteration vectors... [2 x 29.5 KB]
TOTAL: [679.3 KB]

Starting iterations...

Jacobi: 71 iterations in 0.04 seconds (average 0.000028, setup 0.04)

Value in the initial state: 0.9954261705075739

Time for model checking: 0.135 seconds.

Result: 0.9954261705075739 (value in the initial state)


real	0m2.563s
user	0m5.562s
sys	0m0.536s
