$ prism Netrail.pm prism.pctl -maxiters 1000000
PRISM
=====

Version: 4.4
Date: Fri Nov 16 08:52:29 EST 2018
Hostname: atlas-18
Memory limits: cudd=1g, java(heap)=964.5m
Command line: prism Netrail.pm prism.pctl -maxiters 1000000

Parsing model file "Netrail.pm"...

Parsing properties file "prism.pctl"...

1 property:
(1) P=? [ F (__state__=0) ]

Type:        DTMC
Modules:     ProbNetKAT 
Variables:   __state__ pt sw up_2 up_3 up_4 up_5 up_6 

---------------------------------------------------------------------

Model checking: P=? [ F (__state__=0) ]

Building model...

Computing reachable states...

Reachability (BFS): 18 iterations in 0.01 seconds (average 0.000333, setup 0.00)

Time for model construction: 0.08 seconds.

Type:        DTMC
States:      475 (1 initial)
Transitions: 665

Transition matrix: 1265 nodes (6 terminal), 665 minterms, vars: 17r/17c

Prob0: 21 iterations in 0.01 seconds (average 0.000286, setup 0.00)

Prob1: 12 iterations in 0.00 seconds (average 0.000333, setup 0.00)

yes = 100, no = 116, maybe = 259

Computing remaining probabilities...
Engine: Hybrid

Building hybrid MTBDD matrix... [levels=17, nodes=1073] [50.3 KB]
Adding explicit sparse matrices... [levels=17, num=1, compact] [1.9 KB]
Creating vector for diagonals... [dist=2, compact] [0.9 KB]
Creating vector for RHS... [dist=2, compact] [0.9 KB]
Allocating iteration vectors... [2 x 3.7 KB]
TOTAL: [61.5 KB]

Starting iterations...

Jacobi: 18 iterations in 0.00 seconds (average 0.000000, setup 0.00)

Value in the initial state: 0.9985003335

Time for model checking: 0.021 seconds.

Result: 0.9985003335 (value in the initial state)


real	0m2.365s
user	0m3.358s
sys	0m0.473s
