$ prism Nordu1989.pm prism.pctl -maxiters 1000000
PRISM
=====

Version: 4.4
Date: Fri Nov 16 08:56:00 EST 2018
Hostname: atlas-18
Memory limits: cudd=1g, java(heap)=964.5m
Command line: prism Nordu1989.pm prism.pctl -maxiters 1000000

Parsing model file "Nordu1989.pm"...

Parsing properties file "prism.pctl"...

1 property:
(1) P=? [ F (__state__=0) ]

Type:        DTMC
Modules:     ProbNetKAT 
Variables:   __state__ pt sw up_2 up_3 

---------------------------------------------------------------------

Model checking: P=? [ F (__state__=0) ]

Building model...

Computing reachable states...

Reachability (BFS): 11 iterations in 0.00 seconds (average 0.000182, setup 0.00)

Time for model construction: 0.051 seconds.

Type:        DTMC
States:      76 (1 initial)
Transitions: 92

Transition matrix: 584 nodes (5 terminal), 92 minterms, vars: 13r/13c

Prob0: 15 iterations in 0.00 seconds (average 0.000200, setup 0.00)

Prob1: 6 iterations in 0.00 seconds (average 0.000167, setup 0.00)

yes = 34, no = 18, maybe = 24

Computing remaining probabilities...
Engine: Hybrid

Building hybrid MTBDD matrix... [levels=13, nodes=260] [12.2 KB]
Adding explicit sparse matrices... [levels=13, num=1, compact] [0.2 KB]
Creating vector for diagonals... [dist=1, compact] [0.2 KB]
Creating vector for RHS... [dist=2, compact] [0.2 KB]
Allocating iteration vectors... [2 x 0.6 KB]
TOTAL: [13.9 KB]

Starting iterations...

Jacobi: 10 iterations in 0.00 seconds (average 0.000000, setup 0.00)

Value in the initial state: 0.9988334999999999

Time for model checking: 0.011 seconds.

Result: 0.9988334999999999 (value in the initial state)


real	0m1.956s
user	0m2.595s
sys	0m0.361s
