$ prism Nordu2005.pm prism.pctl -maxiters 1000000
PRISM
=====

Version: 4.4
Date: Fri Nov 16 08:38:36 EST 2018
Hostname: atlas-18
Memory limits: cudd=1g, java(heap)=964.5m
Command line: prism Nordu2005.pm prism.pctl -maxiters 1000000

Parsing model file "Nordu2005.pm"...

Parsing properties file "prism.pctl"...

1 property:
(1) P=? [ F (__state__=0) ]

Type:        DTMC
Modules:     ProbNetKAT 
Variables:   __state__ pt sw up_2 up_3 up_4 

---------------------------------------------------------------------

Model checking: P=? [ F (__state__=0) ]

Building model...

Computing reachable states...

Reachability (BFS): 12 iterations in 0.01 seconds (average 0.000500, setup 0.00)

Time for model construction: 0.071 seconds.

Type:        DTMC
States:      129 (1 initial)
Transitions: 159

Transition matrix: 1076 nodes (5 terminal), 159 minterms, vars: 17r/17c

Prob0: 16 iterations in 0.01 seconds (average 0.000313, setup 0.00)

Prob1: 7 iterations in 0.00 seconds (average 0.000286, setup 0.00)

yes = 62, no = 33, maybe = 34

Computing remaining probabilities...
Engine: Hybrid

Building hybrid MTBDD matrix... [levels=17, nodes=420] [19.7 KB]
Adding explicit sparse matrices... [levels=17, num=1, compact] [0.4 KB]
Creating vector for diagonals... [dist=1, compact] [0.3 KB]
Creating vector for RHS... [dist=2, compact] [0.3 KB]
Allocating iteration vectors... [2 x 1.0 KB]
TOTAL: [22.6 KB]

Starting iterations...

Jacobi: 11 iterations in 0.00 seconds (average 0.000000, setup 0.00)

Value in the initial state: 0.9988751249999999

Time for model checking: 0.016 seconds.

Result: 0.9988751249999999 (value in the initial state)


real	0m2.446s
user	0m3.365s
sys	0m0.478s
