$ prism Nsfnet.pm prism.pctl -maxiters 1000000
PRISM
=====

Version: 4.4
Date: Fri Nov 16 08:57:34 EST 2018
Hostname: atlas-18
Memory limits: cudd=1g, java(heap)=964.5m
Command line: prism Nsfnet.pm prism.pctl -maxiters 1000000

Parsing model file "Nsfnet.pm"...

Parsing properties file "prism.pctl"...

1 property:
(1) P=? [ F (__state__=0) ]

Type:        DTMC
Modules:     ProbNetKAT 
Variables:   __state__ pt sw up_2 up_3 up_4 up_5 

---------------------------------------------------------------------

Model checking: P=? [ F (__state__=0) ]

Building model...

Computing reachable states...

Reachability (BFS): 17 iterations in 0.01 seconds (average 0.000647, setup 0.00)

Time for model construction: 0.124 seconds.

Type:        DTMC
States:      598 (1 initial)
Transitions: 848

Transition matrix: 2067 nodes (6 terminal), 848 minterms, vars: 18r/18c

Prob0: 40 iterations in 0.02 seconds (average 0.000450, setup 0.00)

Prob1: 10 iterations in 0.01 seconds (average 0.000700, setup 0.00)

yes = 26, no = 160, maybe = 412

Computing remaining probabilities...
Engine: Hybrid

Building hybrid MTBDD matrix... [levels=18, nodes=1948] [91.3 KB]
Adding explicit sparse matrices... [levels=18, num=1, compact] [3.0 KB]
Creating vector for diagonals... [dist=2, compact] [1.2 KB]
Creating vector for RHS... [dist=2, compact] [1.2 KB]
Allocating iteration vectors... [2 x 4.7 KB]
TOTAL: [106.0 KB]

Starting iterations...

Jacobi: 37 iterations in 0.00 seconds (average 0.000027, setup 0.00)

Value in the initial state: 0.9974188332490838

Time for model checking: 0.039 seconds.

Result: 0.9974188332490838 (value in the initial state)


real	0m2.436s
user	0m3.561s
sys	0m0.496s
