$ prism Packetexchange.pm prism.pctl -maxiters 1000000
PRISM
=====

Version: 4.4
Date: Fri Nov 16 08:54:02 EST 2018
Hostname: atlas-18
Memory limits: cudd=1g, java(heap)=964.5m
Command line: prism Packetexchange.pm prism.pctl -maxiters 1000000

Parsing model file "Packetexchange.pm"...

Parsing properties file "prism.pctl"...

1 property:
(1) P=? [ F (__state__=0) ]

Type:        DTMC
Modules:     ProbNetKAT 
Variables:   __state__ pt sw up_2 up_3 up_4 up_5 

---------------------------------------------------------------------

Model checking: P=? [ F (__state__=0) ]

Building model...

Computing reachable states...

Reachability (BFS): 17 iterations in 0.02 seconds (average 0.001059, setup 0.00)

Time for model construction: 0.238 seconds.

Type:        DTMC
States:      1011 (1 initial)
Transitions: 1367

Transition matrix: 3462 nodes (6 terminal), 1367 minterms, vars: 19r/19c

Prob0: 50 iterations in 0.04 seconds (average 0.000780, setup 0.00)

Prob1: 10 iterations in 0.01 seconds (average 0.001400, setup 0.00)

yes = 86, no = 338, maybe = 587

Computing remaining probabilities...
Engine: Hybrid

Building hybrid MTBDD matrix... [levels=19, nodes=3209] [150.4 KB]
Adding explicit sparse matrices... [levels=19, num=1, compact] [4.1 KB]
Creating vector for diagonals... [dist=2, compact] [2.0 KB]
Creating vector for RHS... [dist=2, compact] [2.0 KB]
Allocating iteration vectors... [2 x 7.9 KB]
TOTAL: [174.3 KB]

Starting iterations...

Jacobi: 46 iterations in 0.01 seconds (average 0.000022, setup 0.01)

Value in the initial state: 0.9969541967511999

Time for model checking: 0.074 seconds.

Result: 0.9969541967511999 (value in the initial state)


real	0m2.407s
user	0m3.962s
sys	0m0.496s
