$ prism Pern.pm prism.pctl -maxiters 1000000
PRISM
=====

Version: 4.4
Date: Fri Nov 16 08:52:51 EST 2018
Hostname: atlas-18
Memory limits: cudd=1g, java(heap)=964.5m
Command line: prism Pern.pm prism.pctl -maxiters 1000000

Parsing model file "Pern.pm"...

Parsing properties file "prism.pctl"...

1 property:
(1) P=? [ F (__state__=0) ]

Type:        DTMC
Modules:     ProbNetKAT 
Variables:   __state__ pt sw up_10 up_11 up_12 up_13 up_14 up_15 up_16 up_17 up_18 up_19 up_2 up_20 up_21 up_22 up_23 up_24 up_25 up_26 up_27 up_28 up_29 up_3 up_30 up_31 up_32 up_4 up_5 up_6 up_7 up_8 up_9 

---------------------------------------------------------------------

Model checking: P=? [ F (__state__=0) ]

Building model...

Computing reachable states...

Reachability (BFS): 57 iterations in 0.15 seconds (average 0.002667, setup 0.00)

Time for model construction: 2.3 seconds.

Type:        DTMC
States:      139586946287 (1 initial)
Transitions: 207191071963

Transition matrix: 29159 nodes (6 terminal), 207191071963 minterms, vars: 53r/53c

Prob0: 95 iterations in 0.15 seconds (average 0.001632, setup 0.00)

Prob1: 39 iterations in 0.11 seconds (average 0.002821, setup 0.00)

yes = 105474, no = 68698675093, maybe = 70888165720

Computing remaining probabilities...
Engine: Hybrid

Error: The hybrid engine can currently only handle up to 2147483647 reachable states, model has 139586946287 states.


real	0m4.240s
user	0m7.796s
sys	0m0.608s
