$ prism Renater2006.pm prism.pctl -maxiters 1000000
PRISM
=====

Version: 4.4
Date: Fri Nov 16 08:39:32 EST 2018
Hostname: atlas-18
Memory limits: cudd=1g, java(heap)=964.5m
Command line: prism Renater2006.pm prism.pctl -maxiters 1000000

Parsing model file "Renater2006.pm"...

Parsing properties file "prism.pctl"...

1 property:
(1) P=? [ F (__state__=0) ]

Type:        DTMC
Modules:     ProbNetKAT 
Variables:   __state__ pt sw up_10 up_11 up_12 up_2 up_3 up_4 up_5 up_6 up_7 up_8 up_9 

---------------------------------------------------------------------

Model checking: P=? [ F (__state__=0) ]

Building model...

Computing reachable states...

Reachability (BFS): 25 iterations in 0.09 seconds (average 0.003560, setup 0.00)

Time for model construction: 0.52 seconds.

Type:        DTMC
States:      51391 (1 initial)
Transitions: 74321

Transition matrix: 7235 nodes (6 terminal), 74321 minterms, vars: 29r/29c

Prob0: 51 iterations in 0.12 seconds (average 0.002451, setup 0.00)

Prob1: 15 iterations in 0.06 seconds (average 0.004067, setup 0.00)

yes = 54, no = 24048, maybe = 27289

Computing remaining probabilities...
Engine: Hybrid

Building hybrid MTBDD matrix... [levels=29, nodes=7184] [336.8 KB]
Adding explicit sparse matrices... [levels=29, num=1, compact] [202.5 KB]
Creating vector for diagonals... [dist=2, compact] [100.4 KB]
Creating vector for RHS... [dist=2, compact] [100.4 KB]
Allocating iteration vectors... [2 x 401.5 KB]
TOTAL: [1.5 MB]

Starting iterations...

Jacobi: 46 iterations in 0.08 seconds (average 0.000804, setup 0.04)

Value in the initial state: 0.9964735907506247

Time for model checking: 0.183 seconds.

Result: 0.9964735907506247 (value in the initial state)


real	0m2.486s
user	0m4.900s
sys	0m0.542s
