$ prism Roedunet.pm prism.pctl -maxiters 1000000
PRISM
=====

Version: 4.4
Date: Fri Nov 16 08:46:51 EST 2018
Hostname: atlas-18
Memory limits: cudd=1g, java(heap)=964.5m
Command line: prism Roedunet.pm prism.pctl -maxiters 1000000

Parsing model file "Roedunet.pm"...

Parsing properties file "prism.pctl"...

1 property:
(1) P=? [ F (__state__=0) ]

Type:        DTMC
Modules:     ProbNetKAT 
Variables:   __state__ pt sw up_10 up_11 up_12 up_13 up_14 up_16 up_18 up_19 up_2 up_21 up_3 up_4 up_5 up_6 up_7 up_8 up_9 

---------------------------------------------------------------------

Model checking: P=? [ F (__state__=0) ]

Building model...

Computing reachable states...

Reachability (BFS): 34 iterations in 0.15 seconds (average 0.004294, setup 0.00)

Time for model construction: 0.701 seconds.

Type:        DTMC
States:      2113370 (1 initial)
Transitions: 3104884

Transition matrix: 9773 nodes (6 terminal), 3104884 minterms, vars: 36r/36c

Prob0: 54 iterations in 0.07 seconds (average 0.001315, setup 0.00)

Prob1: 22 iterations in 0.02 seconds (average 0.001045, setup 0.00)

yes = 434, no = 1022087, maybe = 1090849

Computing remaining probabilities...
Engine: Hybrid

Building hybrid MTBDD matrix... [levels=36, nodes=9554] [447.8 KB]
Adding explicit sparse matrices... [levels=16, num=96, compact] [623.6 KB]
Creating vector for diagonals... [dist=2, compact] [4.0 MB]
Creating vector for RHS... [dist=2, compact] [4.0 MB]
Allocating iteration vectors... [2 x 16.1 MB]
TOTAL: [41.4 MB]

Starting iterations...

Jacobi: 48 iterations in 0.86 seconds (average 0.016875, setup 0.05)

Value in the initial state: 0.9969058035852687

Time for model checking: 0.996 seconds.

Result: 0.9969058035852687 (value in the initial state)


real	0m3.307s
user	0m5.865s
sys	0m0.589s
