$ prism Sago.pm prism.pctl -maxiters 1000000
PRISM
=====

Version: 4.4
Date: Fri Nov 16 08:59:00 EST 2018
Hostname: atlas-18
Memory limits: cudd=1g, java(heap)=964.5m
Command line: prism Sago.pm prism.pctl -maxiters 1000000

Parsing model file "Sago.pm"...

Parsing properties file "prism.pctl"...

1 property:
(1) P=? [ F (__state__=0) ]

Type:        DTMC
Modules:     ProbNetKAT 
Variables:   __state__ pt sw up_2 up_3 up_4 

---------------------------------------------------------------------

Model checking: P=? [ F (__state__=0) ]

Building model...

Computing reachable states...

Reachability (BFS): 14 iterations in 0.01 seconds (average 0.000714, setup 0.00)

Time for model construction: 0.149 seconds.

Type:        DTMC
States:      419 (1 initial)
Transitions: 537

Transition matrix: 2035 nodes (5 terminal), 537 minterms, vars: 17r/17c

Prob0: 72 iterations in 0.03 seconds (average 0.000403, setup 0.00)

Prob1: 9 iterations in 0.01 seconds (average 0.000778, setup 0.00)

yes = 28, no = 116, maybe = 275

Computing remaining probabilities...
Engine: Hybrid

Building hybrid MTBDD matrix... [levels=17, nodes=1952] [91.5 KB]
Adding explicit sparse matrices... [levels=17, num=1, compact] [1.9 KB]
Creating vector for diagonals... [dist=1, compact] [0.8 KB]
Creating vector for RHS... [dist=2, compact] [0.8 KB]
Allocating iteration vectors... [2 x 3.3 KB]
TOTAL: [101.6 KB]

Starting iterations...

Jacobi: 67 iterations in 0.00 seconds (average 0.000000, setup 0.00)

Value in the initial state: 0.9954819794393257

Time for model checking: 0.052 seconds.

Result: 0.9954819794393257 (value in the initial state)


real	0m2.214s
user	0m2.876s
sys	0m0.396s
