$ prism Sanren.pm prism.pctl -maxiters 1000000
PRISM
=====

Version: 4.4
Date: Fri Nov 16 08:38:20 EST 2018
Hostname: atlas-18
Memory limits: cudd=1g, java(heap)=964.5m
Command line: prism Sanren.pm prism.pctl -maxiters 1000000

Parsing model file "Sanren.pm"...

Parsing properties file "prism.pctl"...

1 property:
(1) P=? [ F (__state__=0) ]

Type:        DTMC
Modules:     ProbNetKAT 
Variables:   __state__ pt sw up_2 up_3 

---------------------------------------------------------------------

Model checking: P=? [ F (__state__=0) ]

Building model...

Computing reachable states...

Reachability (BFS): 13 iterations in 0.01 seconds (average 0.000385, setup 0.00)

Time for model construction: 0.062 seconds.

Type:        DTMC
States:      139 (1 initial)
Transitions: 174

Transition matrix: 628 nodes (5 terminal), 174 minterms, vars: 13r/13c

Prob0: 24 iterations in 0.00 seconds (average 0.000167, setup 0.00)

Prob1: 8 iterations in 0.00 seconds (average 0.000250, setup 0.00)

yes = 28, no = 42, maybe = 69

Computing remaining probabilities...
Engine: Hybrid

Building hybrid MTBDD matrix... [levels=13, nodes=478] [22.4 KB]
Adding explicit sparse matrices... [levels=13, num=1, compact] [0.5 KB]
Creating vector for diagonals... [dist=1, compact] [0.3 KB]
Creating vector for RHS... [dist=2, compact] [0.3 KB]
Allocating iteration vectors... [2 x 1.1 KB]
TOTAL: [25.7 KB]

Starting iterations...

Jacobi: 19 iterations in 0.00 seconds (average 0.000000, setup 0.00)

Value in the initial state: 0.9980013329999999

Time for model checking: 0.015 seconds.

Result: 0.9980013329999999 (value in the initial state)


real	0m2.318s
user	0m3.223s
sys	0m0.455s
