$ prism Spiralight.pm prism.pctl -maxiters 1000000
PRISM
=====

Version: 4.4
Date: Fri Nov 16 09:00:59 EST 2018
Hostname: atlas-18
Memory limits: cudd=1g, java(heap)=964.5m
Command line: prism Spiralight.pm prism.pctl -maxiters 1000000

Parsing model file "Spiralight.pm"...

Parsing properties file "prism.pctl"...

1 property:
(1) P=? [ F (__state__=0) ]

Type:        DTMC
Modules:     ProbNetKAT 
Variables:   __state__ pt sw up_2 up_3 up_4 up_5 

---------------------------------------------------------------------

Model checking: P=? [ F (__state__=0) ]

Building model...

Computing reachable states...

Reachability (BFS): 15 iterations in 0.01 seconds (average 0.000667, setup 0.00)

Time for model construction: 0.144 seconds.

Type:        DTMC
States:      491 (1 initial)
Transitions: 652

Transition matrix: 1991 nodes (6 terminal), 652 minterms, vars: 18r/18c

Prob0: 54 iterations in 0.03 seconds (average 0.000463, setup 0.00)

Prob1: 10 iterations in 0.01 seconds (average 0.000800, setup 0.00)

yes = 26, no = 154, maybe = 311

Computing remaining probabilities...
Engine: Hybrid

Building hybrid MTBDD matrix... [levels=18, nodes=1897] [88.9 KB]
Adding explicit sparse matrices... [levels=18, num=1, compact] [2.2 KB]
Creating vector for diagonals... [dist=2, compact] [1.0 KB]
Creating vector for RHS... [dist=2, compact] [1.0 KB]
Allocating iteration vectors... [2 x 3.8 KB]
TOTAL: [100.7 KB]

Starting iterations...

Jacobi: 50 iterations in 0.00 seconds (average 0.000000, setup 0.00)

Value in the initial state: 0.9964345655743573

Time for model checking: 0.047 seconds.

Result: 0.9964345655743573 (value in the initial state)


real	0m2.509s
user	0m3.952s
sys	0m0.520s
