$ prism TLex.pm prism.pctl -maxiters 1000000
PRISM
=====

Version: 4.4
Date: Fri Nov 16 08:48:28 EST 2018
Hostname: atlas-18
Memory limits: cudd=1g, java(heap)=964.5m
Command line: prism TLex.pm prism.pctl -maxiters 1000000

Parsing model file "TLex.pm"...

Parsing properties file "prism.pctl"...

1 property:
(1) P=? [ F (__state__=0) ]

Type:        DTMC
Modules:     ProbNetKAT 
Variables:   __state__ pt sw up_2 up_3 up_4 up_5 up_6 up_7 up_8 up_9 

---------------------------------------------------------------------

Model checking: P=? [ F (__state__=0) ]

Building model...

Computing reachable states...

Reachability (BFS): 22 iterations in 0.02 seconds (average 0.000909, setup 0.00)

Time for model construction: 0.12 seconds.

Type:        DTMC
States:      4095 (1 initial)
Transitions: 5814

Transition matrix: 2133 nodes (5 terminal), 5814 minterms, vars: 22r/22c

Prob0: 31 iterations in 0.01 seconds (average 0.000419, setup 0.00)

Prob1: 14 iterations in 0.01 seconds (average 0.000571, setup 0.00)

yes = 190, no = 1831, maybe = 2074

Computing remaining probabilities...
Engine: Hybrid

Building hybrid MTBDD matrix... [levels=22, nodes=1834] [86.0 KB]
Adding explicit sparse matrices... [levels=22, num=1, compact] [15.5 KB]
Creating vector for diagonals... [dist=1, compact] [8.0 KB]
Creating vector for RHS... [dist=2, compact] [8.0 KB]
Allocating iteration vectors... [2 x 32.0 KB]
TOTAL: [181.4 KB]

Starting iterations...

Jacobi: 25 iterations in 0.01 seconds (average 0.000080, setup 0.00)

Value in the initial state: 0.9975474540000002

Time for model checking: 0.037 seconds.

Result: 0.9975474540000002 (value in the initial state)


real	0m2.385s
user	0m3.472s
sys	0m0.470s
