$ prism UniC.pm prism.pctl -maxiters 1000000
PRISM
=====

Version: 4.4
Date: Fri Nov 16 08:46:42 EST 2018
Hostname: atlas-18
Memory limits: cudd=1g, java(heap)=964.5m
Command line: prism UniC.pm prism.pctl -maxiters 1000000

Parsing model file "UniC.pm"...

Parsing properties file "prism.pctl"...

1 property:
(1) P=? [ F (__state__=0) ]

Type:        DTMC
Modules:     ProbNetKAT 
Variables:   __state__ pt sw up_2 up_3 up_4 up_5 up_6 up_7 

---------------------------------------------------------------------

Model checking: P=? [ F (__state__=0) ]

Building model...

Computing reachable states...

Reachability (BFS): 18 iterations in 0.04 seconds (average 0.002444, setup 0.00)

Time for model construction: 0.267 seconds.

Type:        DTMC
States:      1278 (1 initial)
Transitions: 1857

Transition matrix: 3814 nodes (6 terminal), 1857 minterms, vars: 21r/21c

Prob0: 49 iterations in 0.04 seconds (average 0.000714, setup 0.00)

Prob1: 11 iterations in 0.01 seconds (average 0.001182, setup 0.00)

yes = 52, no = 389, maybe = 837

Computing remaining probabilities...
Engine: Hybrid

Building hybrid MTBDD matrix... [levels=21, nodes=3644] [170.8 KB]
Adding explicit sparse matrices... [levels=21, num=1, compact] [6.1 KB]
Creating vector for diagonals... [dist=2, compact] [2.5 KB]
Creating vector for RHS... [dist=2, compact] [2.5 KB]
Allocating iteration vectors... [2 x 10.0 KB]
TOTAL: [201.9 KB]

Starting iterations...

Jacobi: 45 iterations in 0.01 seconds (average 0.000044, setup 0.01)

Value in the initial state: 0.9968789974174583

Time for model checking: 0.07 seconds.

Result: 0.9968789974174583 (value in the initial state)


real	0m2.448s
user	0m4.075s
sys	0m0.484s
