$ prism Uunet.pm prism.pctl -maxiters 1000000
PRISM
=====

Version: 4.4
Date: Fri Nov 16 08:39:11 EST 2018
Hostname: atlas-18
Memory limits: cudd=1g, java(heap)=964.5m
Command line: prism Uunet.pm prism.pctl -maxiters 1000000

Parsing model file "Uunet.pm"...

Parsing properties file "prism.pctl"...

1 property:
(1) P=? [ F (__state__=0) ]

Type:        DTMC
Modules:     ProbNetKAT 
Variables:   __state__ pt sw up_10 up_11 up_12 up_13 up_14 up_2 up_3 up_4 up_5 up_6 up_7 up_8 up_9 

---------------------------------------------------------------------

Model checking: P=? [ F (__state__=0) ]

Building model...

Computing reachable states...

Reachability (BFS): 32 iterations in 0.14 seconds (average 0.004344, setup 0.00)

Time for model construction: 1.414 seconds.

Type:        DTMC
States:      198233 (1 initial)
Transitions: 410382

Transition matrix: 15059 nodes (8 terminal), 410382 minterms, vars: 32r/32c

Prob0: 65 iterations in 0.17 seconds (average 0.002554, setup 0.00)

Prob1: 19 iterations in 0.07 seconds (average 0.003684, setup 0.00)

yes = 26, no = 35854, maybe = 162353

Computing remaining probabilities...
Engine: Hybrid

Building hybrid MTBDD matrix... [levels=32, nodes=16593] [777.8 KB]
Adding explicit sparse matrices... [levels=20, num=621, compact] [826.2 KB]
Creating vector for diagonals... [dist=4, compact] [387.2 KB]
Creating vector for RHS... [dist=2, compact] [387.2 KB]
Allocating iteration vectors... [2 x 1.5 MB]
TOTAL: [5.3 MB]

Starting iterations...

Jacobi: 77 iterations in 0.21 seconds (average 0.001948, setup 0.06)

Value in the initial state: 0.9964697029740646

Time for model checking: 0.464 seconds.

Result: 0.9964697029740646 (value in the initial state)


real	0m3.490s
user	0m6.442s
sys	0m0.570s
