$ prism/prism-4.4/prism/bin/prism bayonet_resilience_sw_1024.pm prism/bayonet.compiled.pctl -maxiters 1000000
PRISM
=====

Version: 4.4
Date: Wed Nov 14 22:54:18 EST 2018
Hostname: atlas-16
Memory limits: cudd=1g, java(heap)=964.5m
Command line: prism bayonet_resilience_sw_1024.pm prism/bayonet.compiled.pctl -maxiters 1000000

Parsing model file "bayonet_resilience_sw_1024.pm"...

Parsing properties file "prism/bayonet.compiled.pctl"...

1 property:
(1) P=? [ F __state__=0 ]

Type:        DTMC
Modules:     ProbNetKAT 
Variables:   __state__ pt sw 

---------------------------------------------------------------------

Model checking: P=? [ F __state__=0 ]

Building model...

Computing reachable states...

Reachability (BFS): 3074 iterations in 0.28 seconds (average 0.000090, setup 0.00)

Time for model construction: 4.383 seconds.

Type:        DTMC
States:      5378 (1 initial)
Transitions: 5890

Transition matrix: 438 nodes (5 terminal), 5890 minterms, vars: 15r/15c

Prob0: 3074 iterations in 0.33 seconds (average 0.000109, setup 0.00)

Prob1: 17 iterations in 0.00 seconds (average 0.000118, setup 0.00)

yes = 15, no = 256, maybe = 5107

Computing remaining probabilities...
Engine: Hybrid

Building hybrid MTBDD matrix... [levels=15, nodes=561] [26.3 KB]
Adding explicit sparse matrices... [levels=15, num=1, compact] [27.2 KB]
Creating vector for diagonals... [dist=1, compact] [10.5 KB]
Creating vector for RHS... [dist=2, compact] [10.5 KB]
Allocating iteration vectors... [2 x 42.0 KB]
TOTAL: [158.6 KB]

Starting iterations...

Jacobi: 3068 iterations in 0.31 seconds (average 0.000100, setup 0.00)

Value in the initial state: 0.8798252148986674

Time for model checking: 0.675 seconds.

Result: 0.8798252148986674 (value in the initial state)


real	0m7.035s
user	0m12.024s
sys	0m0.771s
