$ prism/prism-4.4/prism/bin/prism prism/bayonet.pm prism/bayonet.pctl -const k=16 -maxiters 1000000
PRISM
=====

Version: 4.4
Date: Wed Nov 14 22:50:32 EST 2018
Hostname: atlas-16
Memory limits: cudd=1g, java(heap)=964.5m
Command line: prism prism/bayonet.pm prism/bayonet.pctl -const k=16 -maxiters 1000000

Parsing model file "prism/bayonet.pm"...

Parsing properties file "prism/bayonet.pctl"...

1 property:
(1) P=? [ F delivered=1 ]

Type:        DTMC
Modules:     Bayonet 
Variables:   sw pt at_sw delivered 

---------------------------------------------------------------------

Model checking: P=? [ F delivered=1 ]
Model constants: k=16

Building model...
Model constants: k=16

Computing reachable states...

Reachability (BFS): 97 iterations in 0.01 seconds (average 0.000052, setup 0.00)

Time for model construction: 0.042 seconds.

Type:        DTMC
States:      177 (1 initial)
Transitions: 209

Transition matrix: 192 nodes (5 terminal), 209 minterms, vars: 10r/10c

Prob0: 97 iterations in 0.01 seconds (average 0.000062, setup 0.00)

Prob1: 9 iterations in 0.00 seconds (average 0.000111, setup 0.00)

yes = 8, no = 16, maybe = 153

Computing remaining probabilities...
Engine: Hybrid

Building hybrid MTBDD matrix... [levels=10, nodes=279] [13.1 KB]
Adding explicit sparse matrices... [levels=10, num=1, compact] [0.9 KB]
Creating vector for diagonals... [dist=1, compact] [0.4 KB]
Creating vector for RHS... [dist=2, compact] [0.4 KB]
Allocating iteration vectors... [2 x 1.4 KB]
TOTAL: [17.5 KB]

Starting iterations...

Jacobi: 94 iterations in 0.00 seconds (average 0.000011, setup 0.00)

Value in the initial state: 0.9920299301136138

Time for model checking: 0.014 seconds.

Result: 0.9920299301136138 (value in the initial state)


real	0m1.934s
user	0m2.269s
sys	0m0.327s
