$ prism/prism-4.4/prism/bin/prism bayonet_resilience_sw_64.pm prism/bayonet.compiled.pctl -maxiters 1000000
PRISM
=====

Version: 4.4
Date: Wed Nov 14 22:50:36 EST 2018
Hostname: atlas-16
Memory limits: cudd=1g, java(heap)=964.5m
Command line: prism bayonet_resilience_sw_64.pm prism/bayonet.compiled.pctl -maxiters 1000000

Parsing model file "bayonet_resilience_sw_64.pm"...

Parsing properties file "prism/bayonet.compiled.pctl"...

1 property:
(1) P=? [ F __state__=0 ]

Type:        DTMC
Modules:     ProbNetKAT 
Variables:   __state__ pt sw 

---------------------------------------------------------------------

Model checking: P=? [ F __state__=0 ]

Building model...

Computing reachable states...

Reachability (BFS): 194 iterations in 0.01 seconds (average 0.000072, setup 0.00)

Time for model construction: 0.122 seconds.

Type:        DTMC
States:      338 (1 initial)
Transitions: 370

Transition matrix: 274 nodes (5 terminal), 370 minterms, vars: 11r/11c

Prob0: 194 iterations in 0.01 seconds (average 0.000072, setup 0.00)

Prob1: 17 iterations in 0.00 seconds (average 0.000118, setup 0.00)

yes = 15, no = 16, maybe = 307

Computing remaining probabilities...
Engine: Hybrid

Building hybrid MTBDD matrix... [levels=11, nodes=329] [15.4 KB]
Adding explicit sparse matrices... [levels=11, num=1, compact] [1.7 KB]
Creating vector for diagonals... [dist=1, compact] [0.7 KB]
Creating vector for RHS... [dist=2, compact] [0.7 KB]
Allocating iteration vectors... [2 x 2.6 KB]
TOTAL: [23.7 KB]

Starting iterations...

Jacobi: 188 iterations in 0.00 seconds (average 0.000005, setup 0.00)

Value in the initial state: 0.9920299301136138

Time for model checking: 0.026 seconds.

Result: 0.9920299301136138 (value in the initial state)


real	0m2.504s
user	0m4.148s
sys	0m0.525s
