$ prism/prism-4.4/prism/bin/prism prism/bayonet.pm prism/bayonet.pctl -const k=16 -exact
PRISM
=====

Version: 4.4
Date: Wed Nov 14 22:50:34 EST 2018
Hostname: atlas-16
Memory limits: cudd=1g, java(heap)=964.5m
Command line: prism prism/bayonet.pm prism/bayonet.pctl -const k=16 -exact

Parsing model file "prism/bayonet.pm"...

Parsing properties file "prism/bayonet.pctl"...

1 property:
(1) P=? [ F delivered=1 ]

Type:        DTMC
Modules:     Bayonet 
Variables:   sw pt at_sw delivered 

---------------------------------------------------------------------

Model checking: P=? [ F delivered=1 ]
Model constants: k=16

Building model (exact engine)...

Computing reachable states...
Reachable states exploration and model construction done in 0.141 secs.

States:      177 (1 initial)
Transitions: 209

Time for model construction: 0.141 seconds.

Time for model checking: 0.188 seconds.

Result (probability): 65013673499925782530338013256192372253115520479968001/65536000000000000000000000000000000000000000000000000
 As floating point: ~0.9920299301136136


real	0m2.381s
user	0m4.553s
sys	0m0.635s
