$ prism/prism-4.4/prism/bin/prism bayonet_resilience_sw_32.pm prism/bayonet.compiled.pctl -maxiters 1000000
PRISM
=====

Version: 4.4
Date: Wed Nov 14 21:49:45 EST 2018
Hostname: atlas-16
Memory limits: cudd=1g, java(heap)=964.5m
Command line: prism bayonet_resilience_sw_32.pm prism/bayonet.compiled.pctl -maxiters 1000000

Parsing model file "bayonet_resilience_sw_32.pm"...

Parsing properties file "prism/bayonet.compiled.pctl"...

1 property:
(1) P=? [ F __state__=0 ]

Type:        DTMC
Modules:     ProbNetKAT 
Variables:   __state__ pt sw 

---------------------------------------------------------------------

Model checking: P=? [ F __state__=0 ]

Building model...

Computing reachable states...

Reachability (BFS): 98 iterations in 0.02 seconds (average 0.000163, setup 0.00)

Time for model construction: 0.07 seconds.

Type:        DTMC
States:      170 (1 initial)
Transitions: 186

Transition matrix: 233 nodes (5 terminal), 186 minterms, vars: 10r/10c

Prob0: 98 iterations in 0.01 seconds (average 0.000061, setup 0.00)

Prob1: 17 iterations in 0.00 seconds (average 0.000059, setup 0.00)

yes = 15, no = 8, maybe = 147

Computing remaining probabilities...
Engine: Hybrid

Building hybrid MTBDD matrix... [levels=10, nodes=271] [12.7 KB]
Adding explicit sparse matrices... [levels=10, num=1, compact] [0.8 KB]
Creating vector for diagonals... [dist=1, compact] [0.3 KB]
Creating vector for RHS... [dist=2, compact] [0.3 KB]
Allocating iteration vectors... [2 x 1.3 KB]
TOTAL: [16.9 KB]

Starting iterations...

Jacobi: 92 iterations in 0.00 seconds (average 0.000000, setup 0.00)

Value in the initial state: 0.9960069930043733

Time for model checking: 0.016 seconds.

Result: 0.9960069930043733 (value in the initial state)


real	0m2.457s
user	0m3.612s
sys	0m0.515s
