$ prism/prism-4.4/prism/bin/prism bayonet_resilience_sw_4.pm prism/bayonet.compiled.pctl -maxiters 1000000
PRISM
=====

Version: 4.4
Date: Wed Nov 14 21:22:21 EST 2018
Hostname: atlas-16
Memory limits: cudd=1g, java(heap)=964.5m
Command line: prism bayonet_resilience_sw_4.pm prism/bayonet.compiled.pctl -maxiters 1000000

Parsing model file "bayonet_resilience_sw_4.pm"...

Parsing properties file "prism/bayonet.compiled.pctl"...

1 property:
(1) P=? [ F __state__=0 ]

Type:        DTMC
Modules:     ProbNetKAT 
Variables:   __state__ pt sw 

---------------------------------------------------------------------

Model checking: P=? [ F __state__=0 ]

Building model...

Computing reachable states...

Reachability (BFS): 14 iterations in 0.00 seconds (average 0.000071, setup 0.00)

Time for model construction: 0.036 seconds.

Type:        DTMC
States:      23 (1 initial)
Transitions: 25

Transition matrix: 108 nodes (5 terminal), 25 minterms, vars: 7r/7c

Prob0: 14 iterations in 0.00 seconds (average 0.000071, setup 0.00)

Prob1: 8 iterations in 0.00 seconds (average 0.000000, setup 0.00)

yes = 15, no = 1, maybe = 7

Computing remaining probabilities...
Engine: Hybrid

Building hybrid MTBDD matrix... [levels=7, nodes=84] [3.9 KB]
Adding explicit sparse matrices... [levels=7, num=1, compact] [0.1 KB]
Creating vector for diagonals... [dist=1, compact] [0.1 KB]
Creating vector for RHS... [dist=2, compact] [0.1 KB]
Allocating iteration vectors... [2 x 0.2 KB]
TOTAL: [4.5 KB]

Starting iterations...

Jacobi: 8 iterations in 0.00 seconds (average 0.000000, setup 0.00)

Value in the initial state: 0.9995

Time for model checking: 0.007 seconds.

Result: 0.9995 (value in the initial state)


real	0m2.370s
user	0m3.027s
sys	0m0.471s
