$ prism/prism-4.4/prism/bin/prism prism/bayonet.pm prism/bayonet.pctl -const k=32 -maxiters 1000000
PRISM
=====

Version: 4.4
Date: Wed Nov 14 22:51:24 EST 2018
Hostname: atlas-16
Memory limits: cudd=1g, java(heap)=964.5m
Command line: prism prism/bayonet.pm prism/bayonet.pctl -const k=32 -maxiters 1000000

Parsing model file "prism/bayonet.pm"...

Parsing properties file "prism/bayonet.pctl"...

1 property:
(1) P=? [ F delivered=1 ]

Type:        DTMC
Modules:     Bayonet 
Variables:   sw pt at_sw delivered 

---------------------------------------------------------------------

Model checking: P=? [ F delivered=1 ]
Model constants: k=32

Building model...
Model constants: k=32

Computing reachable states...

Reachability (BFS): 193 iterations in 0.01 seconds (average 0.000057, setup 0.00)

Time for model construction: 0.057 seconds.

Type:        DTMC
States:      353 (1 initial)
Transitions: 417

Transition matrix: 211 nodes (5 terminal), 417 minterms, vars: 11r/11c

Prob0: 193 iterations in 0.01 seconds (average 0.000062, setup 0.00)

Prob1: 9 iterations in 0.00 seconds (average 0.000222, setup 0.00)

yes = 8, no = 32, maybe = 313

Computing remaining probabilities...
Engine: Hybrid

Building hybrid MTBDD matrix... [levels=11, nodes=303] [14.2 KB]
Adding explicit sparse matrices... [levels=11, num=1, compact] [1.8 KB]
Creating vector for diagonals... [dist=1, compact] [0.7 KB]
Creating vector for RHS... [dist=2, compact] [0.7 KB]
Allocating iteration vectors... [2 x 2.8 KB]
TOTAL: [23.0 KB]

Starting iterations...

Jacobi: 190 iterations in 0.00 seconds (average 0.000005, setup 0.00)

Value in the initial state: 0.9841233822412212

Time for model checking: 0.022 seconds.

Result: 0.9841233822412212 (value in the initial state)


real	0m2.274s
user	0m3.052s
sys	0m0.421s
