$ prism/prism-4.4/prism/bin/prism bayonet_resilience_sw_256.pm prism/bayonet.compiled.pctl -maxiters 1000000
PRISM
=====

Version: 4.4
Date: Wed Nov 14 22:52:21 EST 2018
Hostname: atlas-16
Memory limits: cudd=1g, java(heap)=964.5m
Command line: prism bayonet_resilience_sw_256.pm prism/bayonet.compiled.pctl -maxiters 1000000

Parsing model file "bayonet_resilience_sw_256.pm"...

Parsing properties file "prism/bayonet.compiled.pctl"...

1 property:
(1) P=? [ F __state__=0 ]

Type:        DTMC
Modules:     ProbNetKAT 
Variables:   __state__ pt sw 

---------------------------------------------------------------------

Model checking: P=? [ F __state__=0 ]

Building model...

Computing reachable states...

Reachability (BFS): 770 iterations in 0.05 seconds (average 0.000064, setup 0.00)

Time for model construction: 0.739 seconds.

Type:        DTMC
States:      1346 (1 initial)
Transitions: 1474

Transition matrix: 356 nodes (5 terminal), 1474 minterms, vars: 13r/13c

Prob0: 770 iterations in 0.03 seconds (average 0.000036, setup 0.00)

Prob1: 17 iterations in 0.00 seconds (average 0.000059, setup 0.00)

yes = 15, no = 64, maybe = 1267

Computing remaining probabilities...
Engine: Hybrid

Building hybrid MTBDD matrix... [levels=13, nodes=445] [20.9 KB]
Adding explicit sparse matrices... [levels=13, num=1, compact] [6.8 KB]
Creating vector for diagonals... [dist=1, compact] [2.6 KB]
Creating vector for RHS... [dist=2, compact] [2.6 KB]
Allocating iteration vectors... [2 x 10.5 KB]
TOTAL: [54.0 KB]

Starting iterations...

Jacobi: 764 iterations in 0.01 seconds (average 0.000010, setup 0.00)

Value in the initial state: 0.9684988314739004

Time for model checking: 0.041 seconds.

Result: 0.9684988314739004 (value in the initial state)


real	0m2.598s
user	0m6.320s
sys	0m0.580s
