$ prism/prism-4.4/prism/bin/prism prism/bayonet.pm prism/bayonet.pctl -const k=8 -maxiters 1000000
PRISM
=====

Version: 4.4
Date: Wed Nov 14 21:49:40 EST 2018
Hostname: atlas-16
Memory limits: cudd=1g, java(heap)=964.5m
Command line: prism prism/bayonet.pm prism/bayonet.pctl -const k=8 -maxiters 1000000

Parsing model file "prism/bayonet.pm"...

Parsing properties file "prism/bayonet.pctl"...

1 property:
(1) P=? [ F delivered=1 ]

Type:        DTMC
Modules:     Bayonet 
Variables:   sw pt at_sw delivered 

---------------------------------------------------------------------

Model checking: P=? [ F delivered=1 ]
Model constants: k=8

Building model...
Model constants: k=8

Computing reachable states...

Reachability (BFS): 49 iterations in 0.00 seconds (average 0.000041, setup 0.00)

Time for model construction: 0.035 seconds.

Type:        DTMC
States:      89 (1 initial)
Transitions: 105

Transition matrix: 173 nodes (5 terminal), 105 minterms, vars: 9r/9c

Prob0: 49 iterations in 0.00 seconds (average 0.000061, setup 0.00)

Prob1: 9 iterations in 0.00 seconds (average 0.000111, setup 0.00)

yes = 8, no = 8, maybe = 73

Computing remaining probabilities...
Engine: Hybrid

Building hybrid MTBDD matrix... [levels=9, nodes=255] [12.0 KB]
Adding explicit sparse matrices... [levels=9, num=1, compact] [0.5 KB]
Creating vector for diagonals... [dist=1, compact] [0.2 KB]
Creating vector for RHS... [dist=2, compact] [0.2 KB]
Allocating iteration vectors... [2 x 0.7 KB]
TOTAL: [14.2 KB]

Starting iterations...

Jacobi: 46 iterations in 0.00 seconds (average 0.000000, setup 0.00)

Value in the initial state: 0.9960069930043733

Time for model checking: 0.01 seconds.

Result: 0.9960069930043733 (value in the initial state)


real	0m2.339s
user	0m2.996s
sys	0m0.427s
