$ prism/prism-4.4/prism/bin/prism bayonet_resilience_sw_4096.pm prism/bayonet.compiled.pctl -maxiters 1000000
PRISM
=====

Version: 4.4
Date: Wed Nov 14 22:59:37 EST 2018
Hostname: atlas-16
Memory limits: cudd=1g, java(heap)=964.5m
Command line: prism bayonet_resilience_sw_4096.pm prism/bayonet.compiled.pctl -maxiters 1000000

Parsing model file "bayonet_resilience_sw_4096.pm"...

Parsing properties file "prism/bayonet.compiled.pctl"...

1 property:
(1) P=? [ F __state__=0 ]

Type:        DTMC
Modules:     ProbNetKAT 
Variables:   __state__ pt sw 

---------------------------------------------------------------------

Model checking: P=? [ F __state__=0 ]

Building model...

Computing reachable states...

Reachability (BFS): 12290 iterations in 0.57 seconds (average 0.000047, setup 0.00)

Time for model construction: 73.321 seconds.

Type:        DTMC
States:      21506 (1 initial)
Transitions: 23554

Transition matrix: 520 nodes (5 terminal), 23554 minterms, vars: 17r/17c

Prob0: 12290 iterations in 1.05 seconds (average 0.000086, setup 0.00)

Prob1: 17 iterations in 0.00 seconds (average 0.000059, setup 0.00)

yes = 15, no = 1024, maybe = 20467

Computing remaining probabilities...
Engine: Hybrid

Building hybrid MTBDD matrix... [levels=17, nodes=677] [31.7 KB]
Adding explicit sparse matrices... [levels=17, num=1, compact] [109.0 KB]
Creating vector for diagonals... [dist=1, compact] [42.0 KB]
Creating vector for RHS... [dist=2, compact] [42.0 KB]
Allocating iteration vectors... [2 x 168.0 KB]
TOTAL: [560.8 KB]

Starting iterations...

Jacobi: 12284 iterations in 1.82 seconds (average 0.000148, setup 0.00)

Value in the initial state: 0.5992190573176429

Time for model checking: 2.91 seconds.

Result: 0.5992190573176429 (value in the initial state)


real	1m18.837s
user	1m25.596s
sys	0m1.669s
