$ prism/prism-4.4/prism/bin/prism prism/bayonet.pm prism/bayonet.pctl -const k=2 -maxiters 1000000
PRISM
=====

Version: 4.4
Date: Wed Nov 14 21:23:10 EST 2018
Hostname: atlas-16
Memory limits: cudd=1g, java(heap)=964.5m
Command line: prism prism/bayonet.pm prism/bayonet.pctl -const k=2 -maxiters 1000000

Parsing model file "prism/bayonet.pm"...

Parsing properties file "prism/bayonet.pctl"...

1 property:
(1) P=? [ F delivered=1 ]

Type:        DTMC
Modules:     Bayonet 
Variables:   sw pt at_sw delivered 

---------------------------------------------------------------------

Model checking: P=? [ F delivered=1 ]
Model constants: k=2

Building model...
Model constants: k=2

Computing reachable states...

Reachability (BFS): 13 iterations in 0.00 seconds (average 0.000000, setup 0.00)

Time for model construction: 0.031 seconds.

Type:        DTMC
States:      23 (1 initial)
Transitions: 27

Transition matrix: 108 nodes (5 terminal), 27 minterms, vars: 7r/7c

Prob0: 13 iterations in 0.00 seconds (average 0.000077, setup 0.00)

Prob1: 9 iterations in 0.00 seconds (average 0.000111, setup 0.00)

yes = 8, no = 2, maybe = 13

Computing remaining probabilities...
Engine: Hybrid

Building hybrid MTBDD matrix... [levels=7, nodes=109] [5.1 KB]
Adding explicit sparse matrices... [levels=7, num=1, compact] [0.1 KB]
Creating vector for diagonals... [dist=1, compact] [0.1 KB]
Creating vector for RHS... [dist=2, compact] [0.1 KB]
Allocating iteration vectors... [2 x 0.2 KB]
TOTAL: [5.7 KB]

Starting iterations...

Jacobi: 10 iterations in 0.00 seconds (average 0.000000, setup 0.00)

Value in the initial state: 0.99900025

Time for model checking: 0.007 seconds.

Result: 0.99900025 (value in the initial state)


real	0m2.321s
user	0m2.984s
sys	0m0.434s
