$ prism/prism-4.4/prism/bin/prism prism/bayonet.pm prism/bayonet.pctl -const k=1 -maxiters 1000000
PRISM
=====

Version: 4.4
Date: Wed Nov 14 21:22:16 EST 2018
Hostname: atlas-16
Memory limits: cudd=1g, java(heap)=964.5m
Command line: prism prism/bayonet.pm prism/bayonet.pctl -const k=1 -maxiters 1000000

Parsing model file "prism/bayonet.pm"...

Parsing properties file "prism/bayonet.pctl"...

1 property:
(1) P=? [ F delivered=1 ]

Type:        DTMC
Modules:     Bayonet 
Variables:   sw pt at_sw delivered 

---------------------------------------------------------------------

Model checking: P=? [ F delivered=1 ]
Model constants: k=1

Building model...
Model constants: k=1

Computing reachable states...

Reachability (BFS): 7 iterations in 0.00 seconds (average 0.000000, setup 0.00)

Time for model construction: 0.031 seconds.

Type:        DTMC
States:      12 (1 initial)
Transitions: 14

Transition matrix: 71 nodes (5 terminal), 14 minterms, vars: 6r/6c

Prob0: 7 iterations in 0.00 seconds (average 0.000143, setup 0.00)

Prob1: 4 iterations in 0.00 seconds (average 0.000000, setup 0.00)

yes = 8, no = 1, maybe = 3

Computing remaining probabilities...
Engine: Hybrid

Building hybrid MTBDD matrix... [levels=6, nodes=44] [2.1 KB]
Adding explicit sparse matrices... [levels=6, num=1, compact] [0.1 KB]
Creating vector for diagonals... [dist=1, compact] [0.0 KB]
Creating vector for RHS... [dist=2, compact] [0.0 KB]
Allocating iteration vectors... [2 x 0.1 KB]
TOTAL: [2.4 KB]

Starting iterations...

Jacobi: 4 iterations in 0.00 seconds (average 0.000000, setup 0.00)

Value in the initial state: 0.9995

Time for model checking: 0.006 seconds.

Result: 0.9995 (value in the initial state)


real	0m2.346s
user	0m2.988s
sys	0m0.453s
