$ prism/prism-4.4/prism/bin/prism bayonet_resilience_sw_128.pm prism/bayonet.compiled.pctl -maxiters 1000000
PRISM
=====

Version: 4.4
Date: Wed Nov 14 22:51:28 EST 2018
Hostname: atlas-16
Memory limits: cudd=1g, java(heap)=964.5m
Command line: prism bayonet_resilience_sw_128.pm prism/bayonet.compiled.pctl -maxiters 1000000

Parsing model file "bayonet_resilience_sw_128.pm"...

Parsing properties file "prism/bayonet.compiled.pctl"...

1 property:
(1) P=? [ F __state__=0 ]

Type:        DTMC
Modules:     ProbNetKAT 
Variables:   __state__ pt sw 

---------------------------------------------------------------------

Model checking: P=? [ F __state__=0 ]

Building model...

Computing reachable states...

Reachability (BFS): 386 iterations in 0.06 seconds (average 0.000166, setup 0.00)

Time for model construction: 0.268 seconds.

Type:        DTMC
States:      674 (1 initial)
Transitions: 738

Transition matrix: 315 nodes (5 terminal), 738 minterms, vars: 12r/12c

Prob0: 386 iterations in 0.08 seconds (average 0.000199, setup 0.00)

Prob1: 17 iterations in 0.00 seconds (average 0.000118, setup 0.00)

yes = 15, no = 32, maybe = 627

Computing remaining probabilities...
Engine: Hybrid

Building hybrid MTBDD matrix... [levels=12, nodes=387] [18.1 KB]
Adding explicit sparse matrices... [levels=12, num=1, compact] [3.4 KB]
Creating vector for diagonals... [dist=1, compact] [1.3 KB]
Creating vector for RHS... [dist=2, compact] [1.3 KB]
Allocating iteration vectors... [2 x 5.3 KB]
TOTAL: [34.7 KB]

Starting iterations...

Jacobi: 380 iterations in 0.01 seconds (average 0.000034, setup 0.00)

Value in the initial state: 0.9841233822412212

Time for model checking: 0.056 seconds.

Result: 0.9841233822412212 (value in the initial state)


real	0m2.545s
user	0m4.613s
sys	0m0.564s
