$ prism/prism-4.4/prism/bin/prism prism/bayonet.pm prism/bayonet.pctl -const k=128 -exact
PRISM
=====

Version: 4.4
Date: Wed Nov 14 22:53:13 EST 2018
Hostname: atlas-16
Memory limits: cudd=1g, java(heap)=964.5m
Command line: prism prism/bayonet.pm prism/bayonet.pctl -const k=128 -exact

Parsing model file "prism/bayonet.pm"...

Parsing properties file "prism/bayonet.pctl"...

1 property:
(1) P=? [ F delivered=1 ]

Type:        DTMC
Modules:     Bayonet 
Variables:   sw pt at_sw delivered 

---------------------------------------------------------------------

Model checking: P=? [ F delivered=1 ]
Model constants: k=128

Building model (exact engine)...

Computing reachable states...
Reachable states exploration and model construction done in 0.38 secs.

States:      1409 (1 initial)
Transitions: 1665

Time for model construction: 0.38 seconds.

Time for model checking: 1.269 seconds.

Result (probability): 319181452776923576537836839989031376641927247065573009972994546786552626437162613571753052373039629515039580700803093689445292900078518468910304049418322213926687603208680542387370907960550613784418043355581107499047801340193256047061962603577140207776465354872583848941738076582835258346776713246344085174645222718677844404609057801842599698597374511839511940768718466653935764988070284490596059717050845885269024511744001/340282366920938463463374607431768211456000000000000000000000000000000000000000000000000000000000000000000000000000000000000000000000000000000000000000000000000000000000000000000000000000000000000000000000000000000000000000000000000000000000000000000000000000000000000000000000000000000000000000000000000000000000000000000000000000000000000000000000000000000000000000000000000000000000000000000000000000000000000000000000000
 As floating point: ~0.937989986566311


real	0m3.212s
user	0m12.494s
sys	0m1.153s
