$ prism/prism-4.4/prism/bin/prism bayonet_resilience_sw_16384.pm prism/bayonet.compiled.pctl -exact
PRISM
=====

Version: 4.4
Date: Thu Nov 15 01:33:01 EST 2018
Hostname: atlas-16
Memory limits: cudd=1g, java(heap)=964.5m
Command line: prism bayonet_resilience_sw_16384.pm prism/bayonet.compiled.pctl -exact

Parsing model file "bayonet_resilience_sw_16384.pm"...

Parsing properties file "prism/bayonet.compiled.pctl"...

1 property:
(1) P=? [ F __state__=0 ]

Type:        DTMC
Modules:     ProbNetKAT 
Variables:   __state__ pt sw 

---------------------------------------------------------------------

Model checking: P=? [ F __state__=0 ]

Building model (exact engine)...

Computing reachable states...
Reachable states exploration and model construction done in 2405.907 secs.

States:      86018 (1 initial)
Transitions: 94210

Time for model construction: 2405.907 seconds.

real	60m0.003s
user	0m0.004s
sys	0m0.003s
