$ prism/prism-4.4/prism/bin/prism bayonet_resilience_sw_16.pm prism/bayonet.compiled.pctl -exact
PRISM
=====

Version: 4.4
Date: Wed Nov 14 21:24:29 EST 2018
Hostname: atlas-16
Memory limits: cudd=1g, java(heap)=964.5m
Command line: prism bayonet_resilience_sw_16.pm prism/bayonet.compiled.pctl -exact

Parsing model file "bayonet_resilience_sw_16.pm"...

Parsing properties file "prism/bayonet.compiled.pctl"...

1 property:
(1) P=? [ F __state__=0 ]

Type:        DTMC
Modules:     ProbNetKAT 
Variables:   __state__ pt sw 

---------------------------------------------------------------------

Model checking: P=? [ F __state__=0 ]

Building model (exact engine)...

Computing reachable states...
Reachable states exploration and model construction done in 0.097 secs.

States:      86 (1 initial)
Transitions: 94

Time for model construction: 0.098 seconds.

Time for model checking: 0.07 seconds.

Result (probability): 15968023992001/16000000000000
 As floating point: ~0.9980014995000626


real	0m2.373s
user	0m4.112s
sys	0m0.567s
