$ prism/prism-4.4/prism/bin/prism bayonet_resilience_sw_2048.pm prism/bayonet.compiled.pctl -maxiters 1000000
PRISM
=====

Version: 4.4
Date: Wed Nov 14 22:55:44 EST 2018
Hostname: atlas-16
Memory limits: cudd=1g, java(heap)=964.5m
Command line: prism bayonet_resilience_sw_2048.pm prism/bayonet.compiled.pctl -maxiters 1000000

Parsing model file "bayonet_resilience_sw_2048.pm"...

Parsing properties file "prism/bayonet.compiled.pctl"...

1 property:
(1) P=? [ F __state__=0 ]

Type:        DTMC
Modules:     ProbNetKAT 
Variables:   __state__ pt sw 

---------------------------------------------------------------------

Model checking: P=? [ F __state__=0 ]

Building model...

Computing reachable states...

Reachability (BFS): 6146 iterations in 0.22 seconds (average 0.000036, setup 0.00)

Time for model construction: 19.386 seconds.

Type:        DTMC
States:      10754 (1 initial)
Transitions: 11778

Transition matrix: 479 nodes (5 terminal), 11778 minterms, vars: 16r/16c

Prob0: 6146 iterations in 0.30 seconds (average 0.000049, setup 0.00)

Prob1: 17 iterations in 0.00 seconds (average 0.000000, setup 0.00)

yes = 15, no = 512, maybe = 10227

Computing remaining probabilities...
Engine: Hybrid

Building hybrid MTBDD matrix... [levels=16, nodes=619] [29.0 KB]
Adding explicit sparse matrices... [levels=16, num=1, compact] [54.5 KB]
Creating vector for diagonals... [dist=1, compact] [21.0 KB]
Creating vector for RHS... [dist=2, compact] [21.0 KB]
Allocating iteration vectors... [2 x 84.0 KB]
TOTAL: [293.6 KB]

Starting iterations...

Jacobi: 6140 iterations in 0.45 seconds (average 0.000074, setup 0.00)

Value in the initial state: 0.7740924087714861

Time for model checking: 0.783 seconds.

Result: 0.7740924087714861 (value in the initial state)


real	0m22.362s
user	0m28.238s
sys	0m1.184s
