$ prism/prism-4.4/prism/bin/prism bayonet_resilience_sw_512.pm prism/bayonet.compiled.pctl -maxiters 1000000
PRISM
=====

Version: 4.4
Date: Wed Nov 14 22:53:16 EST 2018
Hostname: atlas-16
Memory limits: cudd=1g, java(heap)=964.5m
Command line: prism bayonet_resilience_sw_512.pm prism/bayonet.compiled.pctl -maxiters 1000000

Parsing model file "bayonet_resilience_sw_512.pm"...

Parsing properties file "prism/bayonet.compiled.pctl"...

1 property:
(1) P=? [ F __state__=0 ]

Type:        DTMC
Modules:     ProbNetKAT 
Variables:   __state__ pt sw 

---------------------------------------------------------------------

Model checking: P=? [ F __state__=0 ]

Building model...

Computing reachable states...

Reachability (BFS): 1538 iterations in 0.04 seconds (average 0.000029, setup 0.00)

Time for model construction: 1.497 seconds.

Type:        DTMC
States:      2690 (1 initial)
Transitions: 2946

Transition matrix: 397 nodes (5 terminal), 2946 minterms, vars: 14r/14c

Prob0: 1538 iterations in 0.05 seconds (average 0.000033, setup 0.00)

Prob1: 17 iterations in 0.00 seconds (average 0.000059, setup 0.00)

yes = 15, no = 128, maybe = 2547

Computing remaining probabilities...
Engine: Hybrid

Building hybrid MTBDD matrix... [levels=14, nodes=503] [23.6 KB]
Adding explicit sparse matrices... [levels=14, num=1, compact] [13.6 KB]
Creating vector for diagonals... [dist=1, compact] [5.3 KB]
Creating vector for RHS... [dist=2, compact] [5.3 KB]
Allocating iteration vectors... [2 x 21.0 KB]
TOTAL: [89.7 KB]

Starting iterations...

Jacobi: 1532 iterations in 0.03 seconds (average 0.000018, setup 0.00)

Value in the initial state: 0.9379899865663108

Time for model checking: 0.088 seconds.

Result: 0.9379899865663108 (value in the initial state)


real	0m3.354s
user	0m7.768s
sys	0m0.657s
