$ prism/prism-4.4/prism/bin/prism bayonet_resilience_sw_8.pm prism/bayonet.compiled.pctl -maxiters 1000000
PRISM
=====

Version: 4.4
Date: Wed Nov 14 21:23:15 EST 2018
Hostname: atlas-16
Memory limits: cudd=1g, java(heap)=964.5m
Command line: prism bayonet_resilience_sw_8.pm prism/bayonet.compiled.pctl -maxiters 1000000

Parsing model file "bayonet_resilience_sw_8.pm"...

Parsing properties file "prism/bayonet.compiled.pctl"...

1 property:
(1) P=? [ F __state__=0 ]

Type:        DTMC
Modules:     ProbNetKAT 
Variables:   __state__ pt sw 

---------------------------------------------------------------------

Model checking: P=? [ F __state__=0 ]

Building model...

Computing reachable states...

Reachability (BFS): 26 iterations in 0.00 seconds (average 0.000077, setup 0.00)

Time for model construction: 0.041 seconds.

Type:        DTMC
States:      44 (1 initial)
Transitions: 48

Transition matrix: 151 nodes (5 terminal), 48 minterms, vars: 8r/8c

Prob0: 26 iterations in 0.00 seconds (average 0.000038, setup 0.00)

Prob1: 17 iterations in 0.00 seconds (average 0.000059, setup 0.00)

yes = 15, no = 2, maybe = 27

Computing remaining probabilities...
Engine: Hybrid

Building hybrid MTBDD matrix... [levels=8, nodes=155] [7.3 KB]
Adding explicit sparse matrices... [levels=8, num=1, compact] [0.2 KB]
Creating vector for diagonals... [dist=1, compact] [0.1 KB]
Creating vector for RHS... [dist=2, compact] [0.1 KB]
Allocating iteration vectors... [2 x 0.3 KB]
TOTAL: [8.3 KB]

Starting iterations...

Jacobi: 20 iterations in 0.00 seconds (average 0.000000, setup 0.00)

Value in the initial state: 0.99900025

Time for model checking: 0.01 seconds.

Result: 0.99900025 (value in the initial state)


real	0m2.455s
user	0m3.458s
sys	0m0.489s
