$ prism/prism-4.4/prism/bin/prism bayonet_resilience_sw_256.pm prism/bayonet.compiled.pctl -exact
PRISM
=====

Version: 4.4
Date: Wed Nov 14 22:52:23 EST 2018
Hostname: atlas-16
Memory limits: cudd=1g, java(heap)=964.5m
Command line: prism bayonet_resilience_sw_256.pm prism/bayonet.compiled.pctl -exact

Parsing model file "bayonet_resilience_sw_256.pm"...

Parsing properties file "prism/bayonet.compiled.pctl"...

1 property:
(1) P=? [ F __state__=0 ]

Type:        DTMC
Modules:     ProbNetKAT 
Variables:   __state__ pt sw 

---------------------------------------------------------------------

Model checking: P=? [ F __state__=0 ]

Building model (exact engine)...

Computing reachable states...
Reachable states exploration and model construction done in 0.799 secs.

States:      1346 (1 initial)
Transitions: 1474

Time for model construction: 0.8 seconds.

Time for model checking: 0.754 seconds.

Result (probability): 17865650079885802368122498201585311336932969966058530712747385770754500609196995609127038449095448781339699542815729455670902682471961327097587292596400455806597699512299642672773332679333539577781682696063872001/18446744073709551616000000000000000000000000000000000000000000000000000000000000000000000000000000000000000000000000000000000000000000000000000000000000000000000000000000000000000000000000000000000000000000000000
 As floating point: ~0.9684988314739007


real	0m3.240s
user	0m11.473s
sys	0m1.200s
