$ prism/prism-4.4/prism/bin/prism prism/bayonet.pm prism/bayonet.pctl -const k=4096 -maxiters 1000000
PRISM
=====

Version: 4.4
Date: Thu Nov 15 00:03:51 EST 2018
Hostname: atlas-16
Memory limits: cudd=1g, java(heap)=964.5m
Command line: prism prism/bayonet.pm prism/bayonet.pctl -const k=4096 -maxiters 1000000

Parsing model file "prism/bayonet.pm"...

Parsing properties file "prism/bayonet.pctl"...

1 property:
(1) P=? [ F delivered=1 ]

Type:        DTMC
Modules:     Bayonet 
Variables:   sw pt at_sw delivered 

---------------------------------------------------------------------

Model checking: P=? [ F delivered=1 ]
Model constants: k=4096

Building model...
Model constants: k=4096

Computing reachable states...

Reachability (BFS): 24577 iterations in 0.94 seconds (average 0.000038, setup 0.00)

Time for model construction: 33.702 seconds.

Type:        DTMC
States:      45057 (1 initial)
Transitions: 53249

Transition matrix: 344 nodes (5 terminal), 53249 minterms, vars: 18r/18c

Prob0: 24577 iterations in 0.86 seconds (average 0.000035, setup 0.00)

Prob1: 9 iterations in 0.00 seconds (average 0.000222, setup 0.00)

yes = 8, no = 4096, maybe = 40953

Computing remaining probabilities...
Engine: Hybrid

Building hybrid MTBDD matrix... [levels=18, nodes=471] [22.1 KB]
Adding explicit sparse matrices... [levels=18, num=1, compact] [236.0 KB]
Creating vector for diagonals... [dist=1, compact] [88.0 KB]
Creating vector for RHS... [dist=2, compact] [88.0 KB]
Allocating iteration vectors... [2 x 352.0 KB]
TOTAL: [1.1 MB]

Starting iterations...
Iteration 15835: max relative diff=1.000000, 5.00 sec so far

Jacobi: 24574 iterations in 7.77 seconds (average 0.000316, setup 0.01)

Value in the initial state: 0.12892658170213872

Time for model checking: 8.688 seconds.

Result: 0.12892658170213872 (value in the initial state)


real	0m43.774s
user	0m45.315s
sys	0m0.591s
