$ prism/prism-4.4/prism/bin/prism bayonet_resilience_sw_512.pm prism/bayonet.compiled.pctl -exact
PRISM
=====

Version: 4.4
Date: Wed Nov 14 22:53:20 EST 2018
Hostname: atlas-16
Memory limits: cudd=1g, java(heap)=964.5m
Command line: prism bayonet_resilience_sw_512.pm prism/bayonet.compiled.pctl -exact

Parsing model file "bayonet_resilience_sw_512.pm"...

Parsing properties file "prism/bayonet.compiled.pctl"...

1 property:
(1) P=? [ F __state__=0 ]

Type:        DTMC
Modules:     ProbNetKAT 
Variables:   __state__ pt sw 

---------------------------------------------------------------------

Model checking: P=? [ F __state__=0 ]

Building model (exact engine)...

Computing reachable states...
Reachable states exploration and model construction done in 1.957 secs.

States:      2690 (1 initial)
Transitions: 2946

Time for model construction: 1.957 seconds.

Time for model checking: 0.86 seconds.

Result (probability): 319181452776923576537836839989031376641927247065573009972994546786552626437162613571753052373039629515039580700803093689445292900078518468910304049418322213926687603208680542387370907960550613784418043355581107499047801340193256047061962603577140207776465354872583848941738076582835258346776713246344085174645222718677844404609057801842599698597374511839511940768718466653935764988070284490596059717050845885269024511744001/340282366920938463463374607431768211456000000000000000000000000000000000000000000000000000000000000000000000000000000000000000000000000000000000000000000000000000000000000000000000000000000000000000000000000000000000000000000000000000000000000000000000000000000000000000000000000000000000000000000000000000000000000000000000000000000000000000000000000000000000000000000000000000000000000000000000000000000000000000000000000
 As floating point: ~0.937989986566311


real	0m4.748s
user	0m17.748s
sys	0m1.361s
