$ prism/prism-4.4/prism/bin/prism prism/bayonet.pm prism/bayonet.pctl -const k=128 -maxiters 1000000
PRISM
=====

Version: 4.4
Date: Wed Nov 14 22:53:10 EST 2018
Hostname: atlas-16
Memory limits: cudd=1g, java(heap)=964.5m
Command line: prism prism/bayonet.pm prism/bayonet.pctl -const k=128 -maxiters 1000000

Parsing model file "prism/bayonet.pm"...

Parsing properties file "prism/bayonet.pctl"...

1 property:
(1) P=? [ F delivered=1 ]

Type:        DTMC
Modules:     Bayonet 
Variables:   sw pt at_sw delivered 

---------------------------------------------------------------------

Model checking: P=? [ F delivered=1 ]
Model constants: k=128

Building model...
Model constants: k=128

Computing reachable states...

Reachability (BFS): 769 iterations in 0.05 seconds (average 0.000066, setup 0.00)

Time for model construction: 0.224 seconds.

Type:        DTMC
States:      1409 (1 initial)
Transitions: 1665

Transition matrix: 249 nodes (5 terminal), 1665 minterms, vars: 13r/13c

Prob0: 769 iterations in 0.05 seconds (average 0.000068, setup 0.00)

Prob1: 9 iterations in 0.00 seconds (average 0.000111, setup 0.00)

yes = 8, no = 128, maybe = 1273

Computing remaining probabilities...
Engine: Hybrid

Building hybrid MTBDD matrix... [levels=13, nodes=351] [16.5 KB]
Adding explicit sparse matrices... [levels=13, num=1, compact] [7.4 KB]
Creating vector for diagonals... [dist=1, compact] [2.8 KB]
Creating vector for RHS... [dist=2, compact] [2.8 KB]
Allocating iteration vectors... [2 x 11.0 KB]
TOTAL: [51.4 KB]

Starting iterations...

Jacobi: 766 iterations in 0.02 seconds (average 0.000029, setup 0.00)

Value in the initial state: 0.9379899865663108

Time for model checking: 0.087 seconds.

Result: 0.9379899865663108 (value in the initial state)


real	0m2.338s
user	0m3.304s
sys	0m0.450s
