$ prism/prism-4.4/prism/bin/prism bayonet_resilience_sw_128.pm prism/bayonet.compiled.pctl -exact
PRISM
=====

Version: 4.4
Date: Wed Nov 14 22:51:31 EST 2018
Hostname: atlas-16
Memory limits: cudd=1g, java(heap)=964.5m
Command line: prism bayonet_resilience_sw_128.pm prism/bayonet.compiled.pctl -exact

Parsing model file "bayonet_resilience_sw_128.pm"...

Parsing properties file "prism/bayonet.compiled.pctl"...

1 property:
(1) P=? [ F __state__=0 ]

Type:        DTMC
Modules:     ProbNetKAT 
Variables:   __state__ pt sw 

---------------------------------------------------------------------

Model checking: P=? [ F __state__=0 ]

Building model (exact engine)...

Computing reachable states...
Reachable states exploration and model construction done in 0.371 secs.

States:      674 (1 initial)
Transitions: 738

Time for model construction: 0.372 seconds.

Time for model checking: 0.374 seconds.

Result (probability): 4226777741954951949318804385186328513631735746091918718107150452096551135466654028421844543320321983936001/4294967296000000000000000000000000000000000000000000000000000000000000000000000000000000000000000000000000
 As floating point: ~0.9841233822412212


real	0m2.348s
user	0m7.286s
sys	0m0.693s
