$ prism 18.pm prism.pctl -maxiters 1000000
PRISM
=====

Version: 4.4
Date: Fri Nov 16 01:27:10 EST 2018
Hostname: atlas-18
Memory limits: cudd=1g, java(heap)=964.5m
Command line: prism 18.pm prism.pctl -maxiters 1000000

Parsing model file "18.pm"...

Parsing properties file "prism.pctl"...

1 property:
(1) P=? [ F (__state__=0) ]

Type:        DTMC
Modules:     ProbNetKAT 
Variables:   __state__ pt sw 

---------------------------------------------------------------------

Model checking: P=? [ F (__state__=0) ]

Building model...

Computing reachable states...

Reachability (BFS): 16 iterations in 0.09 seconds (average 0.005437, setup 0.00)

Time for model construction: 27.153 seconds.

Type:        DTMC
States:      16012 (1 initial)
Transitions: 40068

Transition matrix: 59390 nodes (4 terminal), 40068 minterms, vars: 24r/24c

Prob0: 19 iterations in 0.07 seconds (average 0.003474, setup 0.00)

Prob1: 1 iterations in 0.00 seconds (average 0.001000, setup 0.00)

yes = 16012, no = 0, maybe = 0

Value in the initial state: 1.0

Time for model checking: 0.078 seconds.

Result: 1.0 (value in the initial state)


real	0m29.186s
user	0m35.509s
sys	0m1.296s
