$ prism 32.pm prism.pctl -maxiters 1000000
PRISM
=====

Version: 4.4
Date: Fri Nov 16 02:33:36 EST 2018
Hostname: atlas-18
Memory limits: cudd=1g, java(heap)=964.5m
Command line: prism 32.pm prism.pctl -maxiters 1000000

Parsing model file "32.pm"...

Parsing properties file "prism.pctl"...

1 property:
(1) P=? [ F (__state__=0) ]

Type:        DTMC
Modules:     ProbNetKAT 
Variables:   __state__ pt sw 

---------------------------------------------------------------------

Model checking: P=? [ F (__state__=0) ]

Building model...

Computing reachable states...

Reachability (BFS): 16 iterations in 0.80 seconds (average 0.050125, setup 0.00)

Time for model construction: 434.1 seconds.

Type:        DTMC
States:      90065 (1 initial)
Transitions: 339920

Transition matrix: 194745 nodes (4 terminal), 339920 minterms, vars: 28r/28c

Prob0: 19 iterations in 0.20 seconds (average 0.010316, setup 0.00)

Prob1: 1 iterations in 0.00 seconds (average 0.004000, setup 0.00)

yes = 90065, no = 0, maybe = 0

Value in the initial state: 1.0

Time for model checking: 0.222 seconds.

Result: 1.0 (value in the initial state)


real	7m21.393s
user	8m50.419s
sys	0m6.404s
