$ probnetkat.with_topo -fail-with 1/1000 -scheme ECMP -cps -fbound 2 ../../../examples/output/fattree_18_sw_405.dot
[compile server] /home/abilene/.opam/4.07.1/lib/probnetkat/../../bin/probnetkat.rpc_compile_branch -order (F1 Meta8 Meta6 Meta7 Meta5 Meta3 Meta4 Meta2 Meta1 Meta0 Meta10 Meta9 Meta11 Meta12 Meta13 Meta17 Meta14 Meta15 Meta16 F2 F3 F4 F5 F6 F7 F8 F9 F10 F11 F12 F13 F14 F15 F16 F17 F18 F19 Meta18 Meta19 F0) -cps true -j 32 -rj 32
[compile server] read: input 1 ... received.
[compile server] read: input 2 ... received.
[compile server] read: input 3 ... received.
[compile server] read: input 4 ... received.
[compile server] read: input 5 ... received.
[compile server] read: input 6 ... received.
[compile server] read: input 7 ... received.
[compile server] read: input 8 ... received.
[compile server] read: input 9 ... received.
[compile server] read: input 10 ... received.
[compile server] read: input 11 ... received.
[compile server] read: input 12 ... received.
[compile server] read: input 13 ... received.
[compile server] read: input 14 ... received.
[compile server] read: input 15 ... received.
[compile server] read: input 16 ... received.
[compile server] read: input 17 ... received.
[compile server] read: input 18 ... received.
[compile server] read: input 19 ... received.
[compile server] read: input 20 ... received.
[compile server] read: input 21 ... received.
[compile server] read: input 22 ... received.
[compile server] read: input 23 ... received.
[compile server] read: input 24 ... received.
[compile server] read: input 25 ... received.
[compile server] read: input 26 ... received.
[compile server] read: input 27 ... received.
[compile server] read: input 28 ... received.
[compile server] read: input 29 ... received.
[compile server] read: input 30 ... received.
[compile server] read: input 31 ... received.
[compile server] read: input 32 ... received.
[compile server] read: input 33 ... received.
[compile server] read: input 34 ... received.
[compile server] read: input 35 ... received.
[compile server] read: input 36 ... received.
[compile server] read: input 37 ... received.
[compile server] read: input 38 ... received.
[compile server] read: input 39 ... received.
[compile server] read: input 40 ... received.
[compile server] read: input 41 ... received.
[compile server] read: input 42 ... received.
[compile server] read: input 43 ... received.
[compile server] read: input 44 ... received.
[compile server] read: input 45 ... received.
[compile server] read: input 46 ... received.
[compile server] read: input 47 ... received.
[compile server] read: input 48 ... received.
[compile server] read: input 49 ... received.
[compile server] read: input 50 ... received.
[compile server] read: input 51 ... received.
[compile server] read: input 52 ... received.
[compile server] read: input 53 ... received.
[compile server] read: input 54 ... received.
[compile server] read: input 55 ... received.
[compile server] read: input 56 ... received.
[compile server] read: input 57 ... received.
[compile server] read: input 58 ... received.
[compile server] read: input 59 ... received.
[compile server] read: input 60 ... received.
[compile server] read: input 61 ... received.
[compile server] read: input 62 ... received.
[compile server] read: input 63 ... received.
[compile server] read: input 64 ... received.
[compile server] read: input 65 ... received.
[compile server] read: input 66 ... received.
[compile server] read: input 67 ... received.
[compile server] read: input 68 ... received.
[compile server] read: input 69 ... received.
[compile server] read: input 70 ... received.
[compile server] read: input 71 ... received.
[compile server] read: input 72 ... received.
[compile server] read: input 73 ... received.
[compile server] read: input 74 ... received.
[compile server] read: input 75 ... received.
[compile server] read: input 76 ... received.
[compile server] read: input 77 ... received.
[compile server] read: input 78 ... received.
[compile server] read: input 79 ... received.
[compile server] read: input 80 ... received.
[compile server] read: input 81 ... received.
[compile server] read: input 82 ... received.
[compile server] read: input 83 ... received.
[compile server] read: input 84 ... received.
[compile server] read: input 85 ... received.
[compile server] read: input 86 ... received.
[compile server] read: input 87 ... received.
[compile server] read: input 88 ... received.
[compile server] read: input 89 ... received.
[compile server] read: input 90 ... received.
[compile server] read: input 91 ... received.
[compile server] read: input 92 ... received.
[compile server] read: input 93 ... received.
[compile server] read: input 94 ... received.
[compile server] read: input 95 ... received.
[compile server] read: input 96 ... received.
[compile server] read: input 97 ... received.
[compile server] read: input 98 ... received.
[compile server] read: input 99 ... received.
[compile server] read: input 100 ... received.
[compile server] read: input 101 ... received.
[compile server] read: input 102 ... received.
[compile server] read: input 103 ... received.
[compile server] read: input 104 ... received.
[compile server] read: input 105 ... received.
[compile server] read: input 106 ... received.
[compile server] read: input 107 ... received.
[compile server] read: input 108 ... received.
[compile server] read: input 109 ... received.
[compile server] read: input 110 ... received.
[compile server] read: input 111 ... received.
[compile server] read: input 112 ... received.
[compile server] read: input 113 ... received.
[compile server] read: input 114 ... received.
[compile server] read: input 115 ... received.
[compile server] read: input 116 ... received.
[compile server] read: input 117 ... received.
[compile server] read: input 118 ... received.
[compile server] read: input 119 ... received.
[compile server] read: input 120 ... received.
[compile server] read: input 121 ... received.
[compile server] read: input 122 ... received.
[compile server] read: input 123 ... received.
[compile server] read: input 124 ... received.
[compile server] read: input 125 ... received.
[compile server] read: input 126 ... received.
[compile server] read: input 127 ... received.
[compile server] read: input 128 ... received.
[compile server] read: input 129 ... received.
[compile server] read: input 130 ... received.
[compile server] read: input 131 ... received.
[compile server] read: input 132 ... received.
[compile server] read: input 133 ... received.
[compile server] read: input 134 ... received.
[compile server] read: input 135 ... received.
[compile server] read: input 136 ... received.
[compile server] read: input 137 ... received.
[compile server] read: input 138 ... received.
[compile server] read: input 139 ... received.
[compile server] read: input 140 ... received.
[compile server] read: input 141 ... received.
[compile server] read: input 142 ... received.
[compile server] read: input 143 ... received.
[compile server] read: input 144 ... received.
[compile server] read: input 145 ... received.
[compile server] read: input 146 ... received.
[compile server] read: input 147 ... received.
[compile server] read: input 148 ... received.
[compile server] read: input 149 ... received.
[compile server] read: input 150 ... received.
[compile server] read: input 151 ... received.
[compile server] read: input 152 ... received.
[compile server] read: input 153 ... received.
[compile server] read: input 154 ... received.
[compile server] read: input 155 ... received.
[compile server] read: input 156 ... received.
[compile server] read: input 157 ... received.
[compile server] read: input 158 ... received.
[compile server] read: input 159 ... received.
[compile server] read: input 160 ... received.
[compile server] read: input 161 ... received.
[compile server] read: input 162 ... received.
[compile server] read: input 163 ... received.
[compile server] read: input 164 ... received.
[compile server] read: input 165 ... received.
[compile server] read: input 166 ... received.
[compile server] read: input 167 ... received.
[compile server] read: input 168 ... received.
[compile server] read: input 169 ... received.
[compile server] read: input 170 ... received.
[compile server] read: input 171 ... received.
[compile server] read: input 172 ... received.
[compile server] read: input 173 ... received.
[compile server] read: input 174 ... received.
[compile server] read: input 175 ... received.
[compile server] read: input 176 ... received.
[compile server] read: input 177 ... received.
[compile server] read: input 178 ... received.
[compile server] read: input 179 ... received.
[compile server] read: input 180 ... received.
[compile server] read: input 181 ... received.
[compile server] read: input 182 ... received.
[compile server] read: input 183 ... received.
[compile server] read: input 184 ... received.
[compile server] read: input 185 ... received.
[compile server] read: input 186 ... received.
[compile server] read: input 187 ... received.
[compile server] read: input 188 ... received.
[compile server] read: input 189 ... received.
[compile server] read: input 190 ... received.
[compile server] read: input 191 ... received.
[compile server] read: input 192 ... received.
[compile server] read: input 193 ... received.
[compile server] read: input 194 ... received.
[compile server] read: input 195 ... received.
[compile server] read: input 196 ... received.
[compile server] read: input 197 ... received.
[compile server] read: input 198 ... received.
[compile server] read: input 199 ... received.
[compile server] read: input 200 ... received.
[compile server] read: input 201 ... received.
[compile server] read: input 202 ... received.
[compile server] read: input 203 ... received.
[compile server] read: input 204 ... received.
[compile server] read: input 205 ... received.
[compile server] read: input 206 ... received.
[compile server] read: input 207 ... received.
[compile server] read: input 208 ... received.
[compile server] read: input 209 ... received.
[compile server] read: input 210 ... received.
[compile server] read: input 211 ... received.
[compile server] read: input 212 ... received.
[compile server] read: input 213 ... received.
[compile server] read: input 214 ... received.
[compile server] read: input 215 ... received.
[compile server] read: input 216 ... received.
[compile server] read: input 217 ... received.
[compile server] read: input 218 ... received.
[compile server] read: input 219 ... received.
[compile server] read: input 220 ... received.
[compile server] read: input 221 ... received.
[compile server] read: input 222 ... received.
[compile server] read: input 223 ... received.
[compile server] read: input 224 ... received.
[compile server] read: input 225 ... received.
[compile server] read: input 226 ... received.
[compile server] read: input 227 ... received.
[compile server] read: input 228 ... received.
[compile server] read: input 229 ... received.
[compile server] read: input 230 ... received.
[compile server] read: input 231 ... received.
[compile server] read: input 232 ... received.
[compile server] read: input 233 ... received.
[compile server] read: input 234 ... received.
[compile server] read: input 235 ... received.
[compile server] read: input 236 ... received.
[compile server] read: input 237 ... received.
[compile server] read: input 238 ... received.
[compile server] read: input 239 ... received.
[compile server] read: input 240 ... received.
[compile server] read: input 241 ... received.
[compile server] read: input 242 ... received.
[compile server] read: input 243 ... received.
[compile server] read: input 244 ... received.
[compile server] read: input 245 ... received.
[compile server] read: input 246 ... received.
[compile server] read: input 247 ... received.
[compile server] read: input 248 ... received.
[compile server] read: input 249 ... received.
[compile server] read: input 250 ... received.
[compile server] read: input 251 ... received.
[compile server] read: input 252 ... received.
[compile server] read: input 253 ... received.
[compile server] read: input 254 ... received.
[compile server] read: input 255 ... received.
[compile server] read: input 256 ... received.
[compile server] read: input 257 ... received.
[compile server] read: input 258 ... received.
[compile server] read: input 259 ... received.
[compile server] read: input 260 ... received.
[compile server] read: input 261 ... received.
[compile server] read: input 262 ... received.
[compile server] read: input 263 ... received.
[compile server] read: input 264 ... received.
[compile server] read: input 265 ... received.
[compile server] read: input 266 ... received.
[compile server] read: input 267 ... received.
[compile server] read: input 268 ... received.
[compile server] read: input 269 ... received.
[compile server] read: input 270 ... received.
[compile server] read: input 271 ... received.
[compile server] read: input 272 ... received.
[compile server] read: input 273 ... received.
[compile server] read: input 274 ... received.
[compile server] read: input 275 ... received.
[compile server] read: input 276 ... received.
[compile server] read: input 277 ... received.
[compile server] read: input 278 ... received.
[compile server] read: input 279 ... received.
[compile server] read: input 280 ... received.
[compile server] read: input 281 ... received.
[compile server] read: input 282 ... received.
[compile server] read: input 283 ... received.
[compile server] read: input 284 ... received.
[compile server] read: input 285 ... received.
[compile server] read: input 286 ... received.
[compile server] read: input 287 ... received.
[compile server] read: input 288 ... received.
[compile server] read: input 289 ... received.
[compile server] read: input 290 ... received.
[compile server] read: input 291 ... received.
[compile server] read: input 292 ... received.
[compile server] read: input 293 ... received.
[compile server] read: input 294 ... received.
[compile server] read: input 295 ... received.
[compile server] read: input 296 ... received.
[compile server] read: input 297 ... received.
[compile server] read: input 298 ... received.
[compile server] read: input 299 ... received.
[compile server] read: input 300 ... received.
[compile server] read: input 301 ... received.
[compile server] read: input 302 ... received.
[compile server] read: input 303 ... received.
[compile server] read: input 304 ... received.
[compile server] read: input 305 ... received.
[compile server] read: input 306 ... received.
[compile server] read: input 307 ... received.
[compile server] read: input 308 ... received.
[compile server] read: input 309 ... received.
[compile server] read: input 310 ... received.
[compile server] read: input 311 ... received.
[compile server] read: input 312 ... received.
[compile server] read: input 313 ... received.
[compile server] read: input 314 ... received.
[compile server] read: input 315 ... received.
[compile server] read: input 316 ... received.
[compile server] read: input 317 ... received.
[compile server] read: input 318 ... received.
[compile server] read: input 319 ... received.
[compile server] read: input 320 ... received.
[compile server] read: input 321 ... received.
[compile server] read: input 322 ... received.
[compile server] read: input 323 ... received.
[compile server] read: input 324 ... received.
[compile server] read: input 325 ... received.
[compile server] read: input 326 ... received.
[compile server] read: input 327 ... received.
[compile server] read: input 328 ... received.
[compile server] read: input 329 ... received.
[compile server] read: input 330 ... received.
[compile server] read: input 331 ... received.
[compile server] read: input 332 ... received.
[compile server] read: input 333 ... received.
[compile server] read: input 334 ... received.
[compile server] read: input 335 ... received.
[compile server] read: input 336 ... received.
[compile server] read: input 337 ... received.
[compile server] read: input 338 ... received.
[compile server] read: input 339 ... received.
[compile server] read: input 340 ... received.
[compile server] read: input 341 ... received.
[compile server] read: input 342 ... received.
[compile server] read: input 343 ... received.
[compile server] read: input 344 ... received.
[compile server] read: input 345 ... received.
[compile server] read: input 346 ... received.
[compile server] read: input 347 ... received.
[compile server] read: input 348 ... received.
[compile server] read: input 349 ... received.
[compile server] read: input 350 ... received.
[compile server] read: input 351 ... received.
[compile server] read: input 352 ... received.
[compile server] read: input 353 ... received.
[compile server] read: input 354 ... received.
[compile server] read: input 355 ... received.
[compile server] read: input 356 ... received.
[compile server] read: input 357 ... received.
[compile server] read: input 358 ... received.
[compile server] read: input 359 ... received.
[compile server] read: input 360 ... received.
[compile server] read: input 361 ... received.
[compile server] read: input 362 ... received.
[compile server] read: input 363 ... received.
[compile server] read: input 364 ... received.
[compile server] read: input 365 ... received.
[compile server] read: input 366 ... received.
[compile server] read: input 367 ... received.
[compile server] read: input 368 ... received.
[compile server] read: input 369 ... received.
[compile server] read: input 370 ... received.
[compile server] read: input 371 ... received.
[compile server] read: input 372 ... received.
[compile server] read: input 373 ... received.
[compile server] read: input 374 ... received.
[compile server] read: input 375 ... received.
[compile server] read: input 376 ... received.
[compile server] read: input 377 ... received.
[compile server] read: input 378 ... received.
[compile server] read: input 379 ... received.
[compile server] read: input 380 ... received.
[compile server] read: input 381 ... received.
[compile server] read: input 382 ... received.
[compile server] read: input 383 ... received.
[compile server] read: input 384 ... received.
[compile server] read: input 385 ... received.
[compile server] read: input 386 ... received.
[compile server] read: input 387 ... received.
[compile server] read: input 388 ... received.
[compile server] read: input 389 ... received.
[compile server] read: input 390 ... received.
[compile server] read: input 391 ... received.
[compile server] read: input 392 ... received.
[compile server] read: input 393 ... received.
[compile server] read: input 394 ... received.
[compile server] read: input 395 ... received.
[compile server] read: input 396 ... received.
[compile server] read: input 397 ... received.
[compile server] read: input 398 ... received.
[compile server] read: input 399 ... received.
[compile server] read: input 400 ... received.
[compile server] read: input 401 ... received.
[compile server] read: input 402 ... received.
[compile server] read: input 403 ... received.
[compile server] read: input 404 ... received.
[compile server] read: input 405 ... eof.
[compile server] -> all inputs received!
[compile server] sending back result...
[compile server] -> done.
[compile server] Shutting down. Bye.
start sending fdds as matrices to python...
start sending ap...
start naive fixpoint...
--> sending ap done! 2.791099 seconds
start sending not_a...
--> sending not_a done! 0.230715 seconds
--> sending fdds as matrices to python done! 3.021861 seconds
*** python won race!
start receive result from python...
--> receive result from python done! 0.755674 seconds
start matrix -> fdd conversion...
--> matrix -> fdd conversion done! 0.769159 seconds
E[delivered] = 360096976345354315860424081489222160127778688159463260821633824319187146261063450886660163107276299353580277244438621739545594465694843419694944989120371623335742843660945248047548798975854843546440738426554624757184330749505986506393825513945113910223175732915926811110075055243/360800242128611119244323971113872185462198413528162850916059009802969810567338716589175083753531153508729163718182398314588848786748252911752503914514967716498609449509201128239112038257934349361633849933201919168564500022899752680069071932759587934051823635141436098281171903995
E[delivered] ≈ 0.998051

real	1m8.026s
user	0m19.656s
sys	0m3.871s
