$ prism 4.pm prism.pctl -maxiters 1000000
PRISM
=====

Version: 4.4
Date: Fri Nov 16 01:25:38 EST 2018
Hostname: atlas-18
Memory limits: cudd=1g, java(heap)=964.5m
Command line: prism 4.pm prism.pctl -maxiters 1000000

Parsing model file "4.pm"...

Parsing properties file "prism.pctl"...

1 property:
(1) P=? [ F (__state__=0) ]

Type:        DTMC
Modules:     ProbNetKAT 
Variables:   __state__ pt sw 

---------------------------------------------------------------------

Model checking: P=? [ F (__state__=0) ]

Building model...

Computing reachable states...

Reachability (BFS): 16 iterations in 0.00 seconds (average 0.000250, setup 0.00)

Time for model construction: 0.116 seconds.

Type:        DTMC
States:      171 (1 initial)
Transitions: 210

Transition matrix: 927 nodes (4 terminal), 210 minterms, vars: 13r/13c

Prob0: 19 iterations in 0.00 seconds (average 0.000211, setup 0.00)

Prob1: 1 iterations in 0.00 seconds (average 0.000000, setup 0.00)

yes = 171, no = 0, maybe = 0

Value in the initial state: 1.0

Time for model checking: 0.01 seconds.

Result: 1.0 (value in the initial state)


real	0m3.767s
user	0m3.817s
sys	0m0.548s
