$ prism 14.pm prism.pctl -maxiters 1000000
PRISM
=====

Version: 4.4
Date: Fri Nov 16 01:26:24 EST 2018
Hostname: atlas-18
Memory limits: cudd=1g, java(heap)=964.5m
Command line: prism 14.pm prism.pctl -maxiters 1000000

Parsing model file "14.pm"...

Parsing properties file "prism.pctl"...

1 property:
(1) P=? [ F (__state__=0) ]

Type:        DTMC
Modules:     ProbNetKAT 
Variables:   __state__ pt sw 

---------------------------------------------------------------------

Model checking: P=? [ F (__state__=0) ]

Building model...

Computing reachable states...

Reachability (BFS): 16 iterations in 0.03 seconds (average 0.002000, setup 0.00)

Time for model construction: 6.998 seconds.

Type:        DTMC
States:      7526 (1 initial)
Transitions: 16100

Transition matrix: 27835 nodes (4 terminal), 16100 minterms, vars: 21r/21c

Prob0: 19 iterations in 0.03 seconds (average 0.001474, setup 0.00)

Prob1: 1 iterations in 0.00 seconds (average 0.000000, setup 0.00)

yes = 7526, no = 0, maybe = 0

Value in the initial state: 1.0

Time for model checking: 0.034 seconds.

Result: 1.0 (value in the initial state)


real	0m8.922s
user	0m14.664s
sys	0m0.674s
