$ prism 12.pm prism.pctl -maxiters 1000000
PRISM
=====

Version: 4.4
Date: Fri Nov 16 01:26:12 EST 2018
Hostname: atlas-18
Memory limits: cudd=1g, java(heap)=964.5m
Command line: prism 12.pm prism.pctl -maxiters 1000000

Parsing model file "12.pm"...

Parsing properties file "prism.pctl"...

1 property:
(1) P=? [ F (__state__=0) ]

Type:        DTMC
Modules:     ProbNetKAT 
Variables:   __state__ pt sw 

---------------------------------------------------------------------

Model checking: P=? [ F (__state__=0) ]

Building model...

Computing reachable states...

Reachability (BFS): 16 iterations in 0.11 seconds (average 0.006750, setup 0.00)

Time for model construction: 3.171 seconds.

Type:        DTMC
States:      4735 (1 initial)
Transitions: 9270

Transition matrix: 17949 nodes (4 terminal), 9270 minterms, vars: 21r/21c

Prob0: 19 iterations in 0.04 seconds (average 0.002368, setup 0.00)

Prob1: 1 iterations in 0.00 seconds (average 0.001000, setup 0.00)

yes = 4735, no = 0, maybe = 0

Value in the initial state: 1.0

Time for model checking: 0.059 seconds.

Result: 1.0 (value in the initial state)


real	0m5.076s
user	0m10.164s
sys	0m0.684s
