$ prism 40.pm prism.pctl -maxiters 1000000
PRISM
=====

Version: 4.4
Date: Fri Nov 16 03:24:05 EST 2018
Hostname: atlas-18
Memory limits: cudd=1g, java(heap)=964.5m
Command line: prism 40.pm prism.pctl -maxiters 1000000

Parsing model file "40.pm"...

Parsing properties file "prism.pctl"...

1 property:
(1) P=? [ F (__state__=0) ]

Type:        DTMC
Modules:     ProbNetKAT 
Variables:   __state__ pt sw 

---------------------------------------------------------------------

Model checking: P=? [ F (__state__=0) ]

Building model...
Exception in thread "main" java.lang.StackOverflowError
	at prism.StateModelChecker.checkExpressionBinaryOp(StateModelChecker.java:424)
	at prism.StateModelChecker.checkExpression(StateModelChecker.java:264)
	at prism.StateModelChecker.checkExpressionBinaryOp(StateModelChecker.java:437)
	at prism.StateModelChecker.checkExpression(StateModelChecker.java:264)
	at prism.StateModelChecker.checkExpressionBinaryOp(StateModelChecker.java:437)
	at prism.StateModelChecker.checkExpression(StateModelChecker.java:264)
	at prism.StateModelChecker.checkExpressionBinaryOp(StateModelChecker.java:437)
	at prism.StateModelChecker.checkExpression(StateModelChecker.java:264)
	at prism.StateModelChecker.checkExpressionBinaryOp(StateModelChecker.java:437)
	at prism.StateModelChecker.checkExpression(StateModelChecker.java:264)
	at prism.StateModelChecker.checkExpressionBinaryOp(StateModelChecker.java:437)
	at prism.StateModelChecker.checkExpression(StateModelChecker.java:264)
	at prism.StateModelChecker.checkExpressionBinaryOp(StateModelChecker.java:437)
	at prism.StateModelChecker.checkExpression(StateModelChecker.java:264)
	at prism.StateModelChecker.checkExpressionBinaryOp(StateModelChecker.java:437)
	at prism.StateModelChecker.checkExpression(StateModelChecker.java:264)
	at prism.StateModelChecker.checkExpressionBinaryOp(StateModelChecker.java:437)
	at prism.StateModelChecker.checkExpression(StateModelChecker.java:264)
	at prism.StateModelChecker.checkExpressionBinaryOp(StateModelChecker.java:437)
	at prism.StateModelChecker.checkExpression(StateModelChecker.java:264)
	at prism.StateModelChecker.checkExpressionBinaryOp(StateModelChecker.java:437)
	at prism.StateModelChecker.checkExpression(StateModelChecker.java:264)
	at prism.StateModelChecker.checkExpressionBinaryOp(StateModelChecker.java:437)
	at prism.StateModelChecker.checkExpression(StateModelChecker.java:264)
	at prism.StateModelChecker.checkExpressionBinaryOp(StateModelChecker.java:437)
	at prism.StateModelChecker.checkExpression(StateModelChecker.java:264)
	at prism.StateModelChecker.checkExpressionBinaryOp(StateModelChecker.java:437)
	at prism.StateModelChecker.checkExpression(StateModelChecker.java:264)
	at prism.StateModelChecker.checkExpressionBinaryOp(StateModelChecker.java:437)
	at prism.StateModelChecker.checkExpression(StateModelChecker.java:264)
	at prism.StateModelChecker.checkExpressionBinaryOp(StateModelChecker.java:437)
	at prism.StateModelChecker.checkExpression(StateModelChecker.java:264)
	at prism.StateModelChecker.checkExpressionBinaryOp(StateModelChecker.java:437)
	at prism.StateModelChecker.checkExpression(StateModelChecker.java:264)
	at prism.StateModelChecker.checkExpressionBinaryOp(StateModelChecker.java:437)
	at prism.StateModelChecker.checkExpression(StateModelChecker.java:264)
	at prism.StateModelChecker.checkExpressionBinaryOp(StateModelChecker.java:437)
	at prism.StateModelChecker.checkExpression(StateModelChecker.java:264)
	at prism.StateModelChecker.checkExpressionBinaryOp(StateModelChecker.java:437)
	at prism.StateModelChecker.checkExpression(StateModelChecker.java:264)
	at prism.StateModelChecker.checkExpressionBinaryOp(StateModelChecker.java:437)
	at prism.StateModelChecker.checkExpression(StateModelChecker.java:264)
	at prism.StateModelChecker.checkExpressionBinaryOp(StateModelChecker.java:437)
	at prism.StateModelChecker.checkExpression(StateModelChecker.java:264)
	at prism.StateModelChecker.checkExpressionBinaryOp(StateModelChecker.java:437)
	at prism.StateModelChecker.checkExpression(StateModelChecker.java:264)
	at prism.StateModelChecker.checkExpressionBinaryOp(StateModelChecker.java:437)
	at prism.StateModelChecker.checkExpression(StateModelChecker.java:264)
	at prism.StateModelChecker.checkExpressionBinaryOp(StateModelChecker.java:437)
	at prism.StateModelChecker.checkExpression(StateModelChecker.java:264)
	at prism.StateModelChecker.checkExpressionBinaryOp(StateModelChecker.java:437)
	at prism.StateModelChecker.checkExpression(StateModelChecker.java:264)
	at prism.StateModelChecker.checkExpressionBinaryOp(StateModelChecker.java:437)
	at prism.StateModelChecker.checkExpression(StateModelChecker.java:264)
	at prism.StateModelChecker.checkExpressionBinaryOp(StateModelChecker.java:437)
	at prism.StateModelChecker.checkExpression(StateModelChecker.java:264)
	at prism.StateModelChecker.checkExpressionBinaryOp(StateModelChecker.java:437)
	at prism.StateModelChecker.checkExpression(StateModelChecker.java:264)
	at prism.StateModelChecker.checkExpressionBinaryOp(StateModelChecker.java:437)
	at prism.StateModelChecker.checkExpression(StateModelChecker.java:264)
	at prism.StateModelChecker.checkExpressionBinaryOp(StateModelChecker.java:437)
	at prism.StateModelChecker.checkExpression(StateModelChecker.java:264)
	at prism.StateModelChecker.checkExpressionBinaryOp(StateModelChecker.java:437)
	at prism.StateModelChecker.checkExpression(StateModelChecker.java:264)
	at prism.StateModelChecker.checkExpressionBinaryOp(StateModelChecker.java:437)
	at prism.StateModelChecker.checkExpression(StateModelChecker.java:264)
	at prism.StateModelChecker.checkExpressionBinaryOp(StateModelChecker.java:437)
	at prism.StateModelChecker.checkExpression(StateModelChecker.java:264)
	at prism.StateModelChecker.checkExpressionBinaryOp(StateModelChecker.java:437)
	at prism.StateModelChecker.checkExpression(StateModelChecker.java:264)
	at prism.StateModelChecker.checkExpressionBinaryOp(StateModelChecker.java:437)
	at prism.StateModelChecker.checkExpression(StateModelChecker.java:264)
	at prism.StateModelChecker.checkExpressionBinaryOp(StateModelChecker.java:437)
	at prism.StateModelChecker.checkExpression(StateModelChecker.java:264)
	at prism.StateModelChecker.checkExpressionBinaryOp(StateModelChecker.java:437)
	at prism.StateModelChecker.checkExpression(StateModelChecker.java:264)
	at prism.StateModelChecker.checkExpressionBinaryOp(StateModelChecker.java:437)
	at prism.StateModelChecker.checkExpression(StateModelChecker.java:264)
	at prism.StateModelChecker.checkExpressionBinaryOp(StateModelChecker.java:437)
	at prism.StateModelChecker.checkExpression(StateModelChecker.java:264)
	at prism.StateModelChecker.checkExpressionBinaryOp(StateModelChecker.java:437)
	at prism.StateModelChecker.checkExpression(StateModelChecker.java:264)
	at prism.StateModelChecker.checkExpressionBinaryOp(StateModelChecker.java:437)
	at prism.StateModelChecker.checkExpression(StateModelChecker.java:264)
	at prism.StateModelChecker.checkExpressionBinaryOp(StateModelChecker.java:437)
	at prism.StateModelChecker.checkExpression(StateModelChecker.java:264)
	at prism.StateModelChecker.checkExpressionBinaryOp(StateModelChecker.java:437)
	at prism.StateModelChecker.checkExpression(StateModelChecker.java:264)
	at prism.StateModelChecker.checkExpressionBinaryOp(StateModelChecker.java:437)
	at prism.StateModelChecker.checkExpression(StateModelChecker.java:264)
	at prism.StateModelChecker.checkExpressionBinaryOp(StateModelChecker.java:437)
	at prism.StateModelChecker.checkExpression(StateModelChecker.java:264)
	at prism.StateModelChecker.checkExpressionBinaryOp(StateModelChecker.java:437)
	at prism.StateModelChecker.checkExpression(StateModelChecker.java:264)
	at prism.StateModelChecker.checkExpressionBinaryOp(StateModelChecker.java:437)
	at prism.StateModelChecker.checkExpression(StateModelChecker.java:264)
	at prism.StateModelChecker.checkExpressionBinaryOp(StateModelChecker.java:437)
	at prism.StateModelChecker.checkExpression(StateModelChecker.java:264)
	at prism.StateModelChecker.checkExpressionBinaryOp(StateModelChecker.java:437)
	at prism.StateModelChecker.checkExpression(StateModelChecker.java:264)
	at prism.StateModelChecker.checkExpressionBinaryOp(StateModelChecker.java:437)
	at prism.StateModelChecker.checkExpression(StateModelChecker.java:264)
	at prism.StateModelChecker.checkExpressionBinaryOp(StateModelChecker.java:437)
	at prism.StateModelChecker.checkExpression(StateModelChecker.java:264)
	at prism.StateModelChecker.checkExpressionBinaryOp(StateModelChecker.java:437)
	at prism.StateModelChecker.checkExpression(StateModelChecker.java:264)
	at prism.StateModelChecker.checkExpressionBinaryOp(StateModelChecker.java:437)
	at prism.StateModelChecker.checkExpression(StateModelChecker.java:264)
	at prism.StateModelChecker.checkExpressionBinaryOp(StateModelChecker.java:437)
	at prism.StateModelChecker.checkExpression(StateModelChecker.java:264)
	at prism.StateModelChecker.checkExpressionBinaryOp(StateModelChecker.java:437)
	at prism.StateModelChecker.checkExpression(StateModelChecker.java:264)
	at prism.StateModelChecker.checkExpressionBinaryOp(StateModelChecker.java:437)
	at prism.StateModelChecker.checkExpression(StateModelChecker.java:264)
	at prism.StateModelChecker.checkExpressionBinaryOp(StateModelChecker.java:437)
	at prism.StateModelChecker.checkExpression(StateModelChecker.java:264)
	at prism.StateModelChecker.checkExpressionBinaryOp(StateModelChecker.java:437)
	at prism.StateModelChecker.checkExpression(StateModelChecker.java:264)
	at prism.StateModelChecker.checkExpressionBinaryOp(StateModelChecker.java:437)
	at prism.StateModelChecker.checkExpression(StateModelChecker.java:264)
	at prism.StateModelChecker.checkExpressionBinaryOp(StateModelChecker.java:437)
	at prism.StateModelChecker.checkExpression(StateModelChecker.java:264)
	at prism.StateModelChecker.checkExpressionBinaryOp(StateModelChecker.java:437)
	at prism.StateModelChecker.checkExpression(StateModelChecker.java:264)
	at prism.StateModelChecker.checkExpressionBinaryOp(StateModelChecker.java:437)
	at prism.StateModelChecker.checkExpression(StateModelChecker.java:264)
	at prism.StateModelChecker.checkExpressionBinaryOp(StateModelChecker.java:437)
	at prism.StateModelChecker.checkExpression(StateModelChecker.java:264)
	at prism.StateModelChecker.checkExpressionBinaryOp(StateModelChecker.java:437)
	at prism.StateModelChecker.checkExpression(StateModelChecker.java:264)
	at prism.StateModelChecker.checkExpressionBinaryOp(StateModelChecker.java:437)
	at prism.StateModelChecker.checkExpression(StateModelChecker.java:264)
	at prism.StateModelChecker.checkExpressionBinaryOp(StateModelChecker.java:437)
	at prism.StateModelChecker.checkExpression(StateModelChecker.java:264)
	at prism.StateModelChecker.checkExpressionBinaryOp(StateModelChecker.java:437)
	at prism.StateModelChecker.checkExpression(StateModelChecker.java:264)
	at prism.StateModelChecker.checkExpressionBinaryOp(StateModelChecker.java:437)
	at prism.StateModelChecker.checkExpression(StateModelChecker.java:264)
	at prism.StateModelChecker.checkExpressionBinaryOp(StateModelChecker.java:437)
	at prism.StateModelChecker.checkExpression(StateModelChecker.java:264)
	at prism.StateModelChecker.checkExpressionBinaryOp(StateModelChecker.java:437)
	at prism.StateModelChecker.checkExpression(StateModelChecker.java:264)
	at prism.StateModelChecker.checkExpressionBinaryOp(StateModelChecker.java:437)
	at prism.StateModelChecker.checkExpression(StateModelChecker.java:264)
	at prism.StateModelChecker.checkExpressionBinaryOp(StateModelChecker.java:437)
	at prism.StateModelChecker.checkExpression(StateModelChecker.java:264)
	at prism.StateModelChecker.checkExpressionBinaryOp(StateModelChecker.java:437)
	at prism.StateModelChecker.checkExpression(StateModelChecker.java:264)
	at prism.StateModelChecker.checkExpressionBinaryOp(StateModelChecker.java:437)
	at prism.StateModelChecker.checkExpression(StateModelChecker.java:264)
	at prism.StateModelChecker.checkExpressionBinaryOp(StateModelChecker.java:437)
	at prism.StateModelChecker.checkExpression(StateModelChecker.java:264)
	at prism.StateModelChecker.checkExpressionBinaryOp(StateModelChecker.java:437)
	at prism.StateModelChecker.checkExpression(StateModelChecker.java:264)
	at prism.StateModelChecker.checkExpressionBinaryOp(StateModelChecker.java:437)
	at prism.StateModelChecker.checkExpression(StateModelChecker.java:264)
	at prism.StateModelChecker.checkExpressionBinaryOp(StateModelChecker.java:437)
	at prism.StateModelChecker.checkExpression(StateModelChecker.java:264)
	at prism.StateModelChecker.checkExpressionBinaryOp(StateModelChecker.java:437)
	at prism.StateModelChecker.checkExpression(StateModelChecker.java:264)
	at prism.StateModelChecker.checkExpressionBinaryOp(StateModelChecker.java:437)
	at prism.StateModelChecker.checkExpression(StateModelChecker.java:264)
	at prism.StateModelChecker.checkExpressionBinaryOp(StateModelChecker.java:437)
	at prism.StateModelChecker.checkExpression(StateModelChecker.java:264)
	at prism.StateModelChecker.checkExpressionBinaryOp(StateModelChecker.java:437)
	at prism.StateModelChecker.checkExpression(StateModelChecker.java:264)
	at prism.StateModelChecker.checkExpressionBinaryOp(StateModelChecker.java:437)
	at prism.StateModelChecker.checkExpression(StateModelChecker.java:264)
	at prism.StateModelChecker.checkExpressionBinaryOp(StateModelChecker.java:437)
	at prism.StateModelChecker.checkExpression(StateModelChecker.java:264)
	at prism.StateModelChecker.checkExpressionBinaryOp(StateModelChecker.java:437)
	at prism.StateModelChecker.checkExpression(StateModelChecker.java:264)
	at prism.StateModelChecker.checkExpressionBinaryOp(StateModelChecker.java:437)
	at prism.StateModelChecker.checkExpression(StateModelChecker.java:264)
	at prism.StateModelChecker.checkExpressionBinaryOp(StateModelChecker.java:437)
	at prism.StateModelChecker.checkExpression(StateModelChecker.java:264)
	at prism.StateModelChecker.checkExpressionBinaryOp(StateModelChecker.java:437)
	at prism.StateModelChecker.checkExpression(StateModelChecker.java:264)
	at prism.StateModelChecker.checkExpressionBinaryOp(StateModelChecker.java:437)
	at prism.StateModelChecker.checkExpression(StateModelChecker.java:264)
	at prism.StateModelChecker.checkExpressionBinaryOp(StateModelChecker.java:437)
	at prism.StateModelChecker.checkExpression(StateModelChecker.java:264)
	at prism.StateModelChecker.checkExpressionBinaryOp(StateModelChecker.java:437)
	at prism.StateModelChecker.checkExpression(StateModelChecker.java:264)
	at prism.StateModelChecker.checkExpressionBinaryOp(StateModelChecker.java:437)
	at prism.StateModelChecker.checkExpression(StateModelChecker.java:264)
	at prism.StateModelChecker.checkExpressionBinaryOp(StateModelChecker.java:437)
	at prism.StateModelChecker.checkExpression(StateModelChecker.java:264)
	at prism.StateModelChecker.checkExpressionBinaryOp(StateModelChecker.java:437)
	at prism.StateModelChecker.checkExpression(StateModelChecker.java:264)
	at prism.StateModelChecker.checkExpressionBinaryOp(StateModelChecker.java:437)
	at prism.StateModelChecker.checkExpression(StateModelChecker.java:264)
	at prism.StateModelChecker.checkExpressionBinaryOp(StateModelChecker.java:437)
	at prism.StateModelChecker.checkExpression(StateModelChecker.java:264)
	at prism.StateModelChecker.checkExpressionBinaryOp(StateModelChecker.java:437)
	at prism.StateModelChecker.checkExpression(StateModelChecker.java:264)
	at prism.StateModelChecker.checkExpressionBinaryOp(StateModelChecker.java:437)
	at prism.StateModelChecker.checkExpression(StateModelChecker.java:264)
	at prism.StateModelChecker.checkExpressionBinaryOp(StateModelChecker.java:437)
	at prism.StateModelChecker.checkExpression(StateModelChecker.java:264)
	at prism.StateModelChecker.checkExpressionBinaryOp(StateModelChecker.java:437)
	at prism.StateModelChecker.checkExpression(StateModelChecker.java:264)
	at prism.StateModelChecker.checkExpressionBinaryOp(StateModelChecker.java:437)
	at prism.StateModelChecker.checkExpression(StateModelChecker.java:264)
	at prism.StateModelChecker.checkExpressionBinaryOp(StateModelChecker.java:437)
	at prism.StateModelChecker.checkExpression(StateModelChecker.java:264)
	at prism.StateModelChecker.checkExpressionBinaryOp(StateModelChecker.java:437)
	at prism.StateModelChecker.checkExpression(StateModelChecker.java:264)
	at prism.StateModelChecker.checkExpressionBinaryOp(StateModelChecker.java:437)
	at prism.StateModelChecker.checkExpression(StateModelChecker.java:264)
	at prism.StateModelChecker.checkExpressionBinaryOp(StateModelChecker.java:437)
	at prism.StateModelChecker.checkExpression(StateModelChecker.java:264)
	at prism.StateModelChecker.checkExpressionBinaryOp(StateModelChecker.java:437)
	at prism.StateModelChecker.checkExpression(StateModelChecker.java:264)
	at prism.StateModelChecker.checkExpressionBinaryOp(StateModelChecker.java:437)
	at prism.StateModelChecker.checkExpression(StateModelChecker.java:264)
	at prism.StateModelChecker.checkExpressionBinaryOp(StateModelChecker.java:437)
	at prism.StateModelChecker.checkExpression(StateModelChecker.java:264)
	at prism.StateModelChecker.checkExpressionBinaryOp(StateModelChecker.java:437)
	at prism.StateModelChecker.checkExpression(StateModelChecker.java:264)
	at prism.StateModelChecker.checkExpressionBinaryOp(StateModelChecker.java:437)
	at prism.StateModelChecker.checkExpression(StateModelChecker.java:264)
	at prism.StateModelChecker.checkExpressionBinaryOp(StateModelChecker.java:437)
	at prism.StateModelChecker.checkExpression(StateModelChecker.java:264)
	at prism.StateModelChecker.checkExpressionBinaryOp(StateModelChecker.java:437)
	at prism.StateModelChecker.checkExpression(StateModelChecker.java:264)
	at prism.StateModelChecker.checkExpressionBinaryOp(StateModelChecker.java:437)
	at prism.StateModelChecker.checkExpression(StateModelChecker.java:264)
	at prism.StateModelChecker.checkExpressionBinaryOp(StateModelChecker.java:437)
	at prism.StateModelChecker.checkExpression(StateModelChecker.java:264)
	at prism.StateModelChecker.checkExpressionBinaryOp(StateModelChecker.java:437)
	at prism.StateModelChecker.checkExpression(StateModelChecker.java:264)
	at prism.StateModelChecker.checkExpressionBinaryOp(StateModelChecker.java:437)
	at prism.StateModelChecker.checkExpression(StateModelChecker.java:264)
	at prism.StateModelChecker.checkExpressionBinaryOp(StateModelChecker.java:437)
	at prism.StateModelChecker.checkExpression(StateModelChecker.java:264)
	at prism.StateModelChecker.checkExpressionBinaryOp(StateModelChecker.java:437)
	at prism.StateModelChecker.checkExpression(StateModelChecker.java:264)
	at prism.StateModelChecker.checkExpressionBinaryOp(StateModelChecker.java:437)
	at prism.StateModelChecker.checkExpression(StateModelChecker.java:264)
	at prism.StateModelChecker.checkExpressionBinaryOp(StateModelChecker.java:437)
	at prism.StateModelChecker.checkExpression(StateModelChecker.java:264)
	at prism.StateModelChecker.checkExpressionBinaryOp(StateModelChecker.java:437)
	at prism.StateModelChecker.checkExpression(StateModelChecker.java:264)
	at prism.StateModelChecker.checkExpressionBinaryOp(StateModelChecker.java:437)
	at prism.StateModelChecker.checkExpression(StateModelChecker.java:264)
	at prism.StateModelChecker.checkExpressionBinaryOp(StateModelChecker.java:437)
	at prism.StateModelChecker.checkExpression(StateModelChecker.java:264)
	at prism.StateModelChecker.checkExpressionBinaryOp(StateModelChecker.java:437)
	at prism.StateModelChecker.checkExpression(StateModelChecker.java:264)
	at prism.StateModelChecker.checkExpressionBinaryOp(StateModelChecker.java:437)
	at prism.StateModelChecker.checkExpression(StateModelChecker.java:264)
	at prism.StateModelChecker.checkExpressionBinaryOp(StateModelChecker.java:437)
	at prism.StateModelChecker.checkExpression(StateModelChecker.java:264)
	at prism.StateModelChecker.checkExpressionBinaryOp(StateModelChecker.java:437)
	at prism.StateModelChecker.checkExpression(StateModelChecker.java:264)
	at prism.StateModelChecker.checkExpressionBinaryOp(StateModelChecker.java:437)
	at prism.StateModelChecker.checkExpression(StateModelChecker.java:264)
	at prism.StateModelChecker.checkExpressionBinaryOp(StateModelChecker.java:437)
	at prism.StateModelChecker.checkExpression(StateModelChecker.java:264)
	at prism.StateModelChecker.checkExpressionBinaryOp(StateModelChecker.java:437)
	at prism.StateModelChecker.checkExpression(StateModelChecker.java:264)
	at prism.StateModelChecker.checkExpressionBinaryOp(StateModelChecker.java:437)
	at prism.StateModelChecker.checkExpression(StateModelChecker.java:264)
	at prism.StateModelChecker.checkExpressionBinaryOp(StateModelChecker.java:437)
	at prism.StateModelChecker.checkExpression(StateModelChecker.java:264)
	at prism.StateModelChecker.checkExpressionBinaryOp(StateModelChecker.java:437)
	at prism.StateModelChecker.checkExpression(StateModelChecker.java:264)
	at prism.StateModelChecker.checkExpressionBinaryOp(StateModelChecker.java:437)
	at prism.StateModelChecker.checkExpression(StateModelChecker.java:264)
	at prism.StateModelChecker.checkExpressionBinaryOp(StateModelChecker.java:437)
	at prism.StateModelChecker.checkExpression(StateModelChecker.java:264)
	at prism.StateModelChecker.checkExpressionBinaryOp(StateModelChecker.java:437)
	at prism.StateModelChecker.checkExpression(StateModelChecker.java:264)
	at prism.StateModelChecker.checkExpressionBinaryOp(StateModelChecker.java:437)
	at prism.StateModelChecker.checkExpression(StateModelChecker.java:264)
	at prism.StateModelChecker.checkExpressionBinaryOp(StateModelChecker.java:437)
	at prism.StateModelChecker.checkExpression(StateModelChecker.java:264)
	at prism.StateModelChecker.checkExpressionBinaryOp(StateModelChecker.java:437)
	at prism.StateModelChecker.checkExpression(StateModelChecker.java:264)
	at prism.StateModelChecker.checkExpressionBinaryOp(StateModelChecker.java:437)
	at prism.StateModelChecker.checkExpression(StateModelChecker.java:264)
	at prism.StateModelChecker.checkExpressionBinaryOp(StateModelChecker.java:437)
	at prism.StateModelChecker.checkExpression(StateModelChecker.java:264)
	at prism.StateModelChecker.checkExpressionBinaryOp(StateModelChecker.java:437)
	at prism.StateModelChecker.checkExpression(StateModelChecker.java:264)
	at prism.StateModelChecker.checkExpressionBinaryOp(StateModelChecker.java:437)
	at prism.StateModelChecker.checkExpression(StateModelChecker.java:264)
	at prism.StateModelChecker.checkExpressionBinaryOp(StateModelChecker.java:437)
	at prism.StateModelChecker.checkExpression(StateModelChecker.java:264)
	at prism.StateModelChecker.checkExpressionBinaryOp(StateModelChecker.java:437)
	at prism.StateModelChecker.checkExpression(StateModelChecker.java:264)
	at prism.StateModelChecker.checkExpressionBinaryOp(StateModelChecker.java:437)
	at prism.StateModelChecker.checkExpression(StateModelChecker.java:264)
	at prism.StateModelChecker.checkExpressionBinaryOp(StateModelChecker.java:437)
	at prism.StateModelChecker.checkExpression(StateModelChecker.java:264)
	at prism.StateModelChecker.checkExpressionBinaryOp(StateModelChecker.java:437)
	at prism.StateModelChecker.checkExpression(StateModelChecker.java:264)
	at prism.StateModelChecker.checkExpressionBinaryOp(StateModelChecker.java:437)
	at prism.StateModelChecker.checkExpression(StateModelChecker.java:264)
	at prism.StateModelChecker.checkExpressionBinaryOp(StateModelChecker.java:437)
	at prism.StateModelChecker.checkExpression(StateModelChecker.java:264)
	at prism.StateModelChecker.checkExpressionBinaryOp(StateModelChecker.java:437)
	at prism.StateModelChecker.checkExpression(StateModelChecker.java:264)
	at prism.StateModelChecker.checkExpressionBinaryOp(StateModelChecker.java:437)
	at prism.StateModelChecker.checkExpression(StateModelChecker.java:264)
	at prism.StateModelChecker.checkExpressionBinaryOp(StateModelChecker.java:437)
	at prism.StateModelChecker.checkExpression(StateModelChecker.java:264)
	at prism.StateModelChecker.checkExpressionBinaryOp(StateModelChecker.java:437)
	at prism.StateModelChecker.checkExpression(StateModelChecker.java:264)
	at prism.StateModelChecker.checkExpressionBinaryOp(StateModelChecker.java:437)
	at prism.StateModelChecker.checkExpression(StateModelChecker.java:264)
	at prism.StateModelChecker.checkExpressionBinaryOp(StateModelChecker.java:437)
	at prism.StateModelChecker.checkExpression(StateModelChecker.java:264)
	at prism.StateModelChecker.checkExpressionBinaryOp(StateModelChecker.java:437)
	at prism.StateModelChecker.checkExpression(StateModelChecker.java:264)
	at prism.StateModelChecker.checkExpressionBinaryOp(StateModelChecker.java:437)
	at prism.StateModelChecker.checkExpression(StateModelChecker.java:264)
	at prism.StateModelChecker.checkExpressionBinaryOp(StateModelChecker.java:437)
	at prism.StateModelChecker.checkExpression(StateModelChecker.java:264)
	at prism.StateModelChecker.checkExpressionBinaryOp(StateModelChecker.java:437)
	at prism.StateModelChecker.checkExpression(StateModelChecker.java:264)
	at prism.StateModelChecker.checkExpressionBinaryOp(StateModelChecker.java:437)
	at prism.StateModelChecker.checkExpression(StateModelChecker.java:264)
	at prism.StateModelChecker.checkExpressionBinaryOp(StateModelChecker.java:437)
	at prism.StateModelChecker.checkExpression(StateModelChecker.java:264)
	at prism.StateModelChecker.checkExpressionBinaryOp(StateModelChecker.java:437)
	at prism.StateModelChecker.checkExpression(StateModelChecker.java:264)
	at prism.StateModelChecker.checkExpressionBinaryOp(StateModelChecker.java:437)
	at prism.StateModelChecker.checkExpression(StateModelChecker.java:264)
	at prism.StateModelChecker.checkExpressionBinaryOp(StateModelChecker.java:437)
	at prism.StateModelChecker.checkExpression(StateModelChecker.java:264)
	at prism.StateModelChecker.checkExpressionBinaryOp(StateModelChecker.java:437)
	at prism.StateModelChecker.checkExpression(StateModelChecker.java:264)
	at prism.StateModelChecker.checkExpressionBinaryOp(StateModelChecker.java:437)
	at prism.StateModelChecker.checkExpression(StateModelChecker.java:264)
	at prism.StateModelChecker.checkExpressionBinaryOp(StateModelChecker.java:437)
	at prism.StateModelChecker.checkExpression(StateModelChecker.java:264)
	at prism.StateModelChecker.checkExpressionBinaryOp(StateModelChecker.java:437)
	at prism.StateModelChecker.checkExpression(StateModelChecker.java:264)
	at prism.StateModelChecker.checkExpressionBinaryOp(StateModelChecker.java:437)
	at prism.StateModelChecker.checkExpression(StateModelChecker.java:264)
	at prism.StateModelChecker.checkExpressionBinaryOp(StateModelChecker.java:437)
	at prism.StateModelChecker.checkExpression(StateModelChecker.java:264)
	at prism.StateModelChecker.checkExpressionBinaryOp(StateModelChecker.java:437)
	at prism.StateModelChecker.checkExpression(StateModelChecker.java:264)
	at prism.StateModelChecker.checkExpressionBinaryOp(StateModelChecker.java:437)
	at prism.StateModelChecker.checkExpression(StateModelChecker.java:264)
	at prism.StateModelChecker.checkExpressionBinaryOp(StateModelChecker.java:437)
	at prism.StateModelChecker.checkExpression(StateModelChecker.java:264)
	at prism.StateModelChecker.checkExpressionBinaryOp(StateModelChecker.java:437)
	at prism.StateModelChecker.checkExpression(StateModelChecker.java:264)
	at prism.StateModelChecker.checkExpressionBinaryOp(StateModelChecker.java:437)
	at prism.StateModelChecker.checkExpression(StateModelChecker.java:264)
	at prism.StateModelChecker.checkExpressionBinaryOp(StateModelChecker.java:437)
	at prism.StateModelChecker.checkExpression(StateModelChecker.java:264)
	at prism.StateModelChecker.checkExpressionBinaryOp(StateModelChecker.java:437)
	at prism.StateModelChecker.checkExpression(StateModelChecker.java:264)
	at prism.StateModelChecker.checkExpressionBinaryOp(StateModelChecker.java:437)
	at prism.StateModelChecker.checkExpression(StateModelChecker.java:264)
	at prism.StateModelChecker.checkExpressionBinaryOp(StateModelChecker.java:437)
	at prism.StateModelChecker.checkExpression(StateModelChecker.java:264)
	at prism.StateModelChecker.checkExpressionBinaryOp(StateModelChecker.java:437)
	at prism.StateModelChecker.checkExpression(StateModelChecker.java:264)
	at prism.StateModelChecker.checkExpressionBinaryOp(StateModelChecker.java:437)
	at prism.StateModelChecker.checkExpression(StateModelChecker.java:264)
	at prism.StateModelChecker.checkExpressionBinaryOp(StateModelChecker.java:437)
	at prism.StateModelChecker.checkExpression(StateModelChecker.java:264)
	at prism.StateModelChecker.checkExpressionBinaryOp(StateModelChecker.java:437)
	at prism.StateModelChecker.checkExpression(StateModelChecker.java:264)
	at prism.StateModelChecker.checkExpressionBinaryOp(StateModelChecker.java:437)
	at prism.StateModelChecker.checkExpression(StateModelChecker.java:264)
	at prism.StateModelChecker.checkExpressionBinaryOp(StateModelChecker.java:437)
	at prism.StateModelChecker.checkExpression(StateModelChecker.java:264)
	at prism.StateModelChecker.checkExpressionBinaryOp(StateModelChecker.java:437)
	at prism.StateModelChecker.checkExpression(StateModelChecker.java:264)
	at prism.StateModelChecker.checkExpressionBinaryOp(StateModelChecker.java:437)
	at prism.StateModelChecker.checkExpression(StateModelChecker.java:264)
	at prism.StateModelChecker.checkExpressionBinaryOp(StateModelChecker.java:437)
	at prism.StateModelChecker.checkExpression(StateModelChecker.java:264)
	at prism.StateModelChecker.checkExpressionBinaryOp(StateModelChecker.java:437)
	at prism.StateModelChecker.checkExpression(StateModelChecker.java:264)
	at prism.StateModelChecker.checkExpressionBinaryOp(StateModelChecker.java:437)
	at prism.StateModelChecker.checkExpression(StateModelChecker.java:264)
	at prism.StateModelChecker.checkExpressionBinaryOp(StateModelChecker.java:437)
	at prism.StateModelChecker.checkExpression(StateModelChecker.java:264)
	at prism.StateModelChecker.checkExpressionBinaryOp(StateModelChecker.java:437)
	at prism.StateModelChecker.checkExpression(StateModelChecker.java:264)
	at prism.StateModelChecker.checkExpressionBinaryOp(StateModelChecker.java:437)
	at prism.StateModelChecker.checkExpression(StateModelChecker.java:264)
	at prism.StateModelChecker.checkExpressionBinaryOp(StateModelChecker.java:437)
	at prism.StateModelChecker.checkExpression(StateModelChecker.java:264)
	at prism.StateModelChecker.checkExpressionBinaryOp(StateModelChecker.java:437)
	at prism.StateModelChecker.checkExpression(StateModelChecker.java:264)
	at prism.StateModelChecker.checkExpressionBinaryOp(StateModelChecker.java:437)
	at prism.StateModelChecker.checkExpression(StateModelChecker.java:264)
	at prism.StateModelChecker.checkExpressionBinaryOp(StateModelChecker.java:437)
	at prism.StateModelChecker.checkExpression(StateModelChecker.java:264)
	at prism.StateModelChecker.checkExpressionBinaryOp(StateModelChecker.java:437)
	at prism.StateModelChecker.checkExpression(StateModelChecker.java:264)
	at prism.StateModelChecker.checkExpressionBinaryOp(StateModelChecker.java:437)
	at prism.StateModelChecker.checkExpression(StateModelChecker.java:264)
	at prism.StateModelChecker.checkExpressionBinaryOp(StateModelChecker.java:437)
	at prism.StateModelChecker.checkExpression(StateModelChecker.java:264)
	at prism.StateModelChecker.checkExpressionBinaryOp(StateModelChecker.java:437)
	at prism.StateModelChecker.checkExpression(StateModelChecker.java:264)
	at prism.StateModelChecker.checkExpressionBinaryOp(StateModelChecker.java:437)
	at prism.StateModelChecker.checkExpression(StateModelChecker.java:264)
	at prism.StateModelChecker.checkExpressionBinaryOp(StateModelChecker.java:437)
	at prism.StateModelChecker.checkExpression(StateModelChecker.java:264)
	at prism.StateModelChecker.checkExpressionBinaryOp(StateModelChecker.java:437)
	at prism.StateModelChecker.checkExpression(StateModelChecker.java:264)
	at prism.StateModelChecker.checkExpressionBinaryOp(StateModelChecker.java:437)
	at prism.StateModelChecker.checkExpression(StateModelChecker.java:264)
	at prism.StateModelChecker.checkExpressionBinaryOp(StateModelChecker.java:437)
	at prism.StateModelChecker.checkExpression(StateModelChecker.java:264)
	at prism.StateModelChecker.checkExpressionBinaryOp(StateModelChecker.java:437)
	at prism.StateModelChecker.checkExpression(StateModelChecker.java:264)
	at prism.StateModelChecker.checkExpressionBinaryOp(StateModelChecker.java:437)
	at prism.StateModelChecker.checkExpression(StateModelChecker.java:264)
	at prism.StateModelChecker.checkExpressionBinaryOp(StateModelChecker.java:437)
	at prism.StateModelChecker.checkExpression(StateModelChecker.java:264)
	at prism.StateModelChecker.checkExpressionBinaryOp(StateModelChecker.java:437)
	at prism.StateModelChecker.checkExpression(StateModelChecker.java:264)
	at prism.StateModelChecker.checkExpressionBinaryOp(StateModelChecker.java:437)
	at prism.StateModelChecker.checkExpression(StateModelChecker.java:264)
	at prism.StateModelChecker.checkExpressionBinaryOp(StateModelChecker.java:437)
	at prism.StateModelChecker.checkExpression(StateModelChecker.java:264)
	at prism.StateModelChecker.checkExpressionBinaryOp(StateModelChecker.java:437)
	at prism.StateModelChecker.checkExpression(StateModelChecker.java:264)
	at prism.StateModelChecker.checkExpressionBinaryOp(StateModelChecker.java:437)
	at prism.StateModelChecker.checkExpression(StateModelChecker.java:264)
	at prism.StateModelChecker.checkExpressionBinaryOp(StateModelChecker.java:437)
	at prism.StateModelChecker.checkExpression(StateModelChecker.java:264)
	at prism.StateModelChecker.checkExpressionBinaryOp(StateModelChecker.java:437)
	at prism.StateModelChecker.checkExpression(StateModelChecker.java:264)
	at prism.StateModelChecker.checkExpressionBinaryOp(StateModelChecker.java:437)
	at prism.StateModelChecker.checkExpression(StateModelChecker.java:264)
	at prism.StateModelChecker.checkExpressionBinaryOp(StateModelChecker.java:437)
	at prism.StateModelChecker.checkExpression(StateModelChecker.java:264)
	at prism.StateModelChecker.checkExpressionBinaryOp(StateModelChecker.java:437)
	at prism.StateModelChecker.checkExpression(StateModelChecker.java:264)
	at prism.StateModelChecker.checkExpressionBinaryOp(StateModelChecker.java:437)
	at prism.StateModelChecker.checkExpression(StateModelChecker.java:264)
	at prism.StateModelChecker.checkExpressionBinaryOp(StateModelChecker.java:437)
	at prism.StateModelChecker.checkExpression(StateModelChecker.java:264)
	at prism.StateModelChecker.checkExpressionBinaryOp(StateModelChecker.java:437)
	at prism.StateModelChecker.checkExpression(StateModelChecker.java:264)
	at prism.StateModelChecker.checkExpressionBinaryOp(StateModelChecker.java:437)
	at prism.StateModelChecker.checkExpression(StateModelChecker.java:264)
	at prism.StateModelChecker.checkExpressionBinaryOp(StateModelChecker.java:437)
	at prism.StateModelChecker.checkExpression(StateModelChecker.java:264)
	at prism.StateModelChecker.checkExpressionBinaryOp(StateModelChecker.java:437)
	at prism.StateModelChecker.checkExpression(StateModelChecker.java:264)
	at prism.StateModelChecker.checkExpressionBinaryOp(StateModelChecker.java:437)
	at prism.StateModelChecker.checkExpression(StateModelChecker.java:264)
	at prism.StateModelChecker.checkExpressionBinaryOp(StateModelChecker.java:437)
	at prism.StateModelChecker.checkExpression(StateModelChecker.java:264)
	at prism.StateModelChecker.checkExpressionBinaryOp(StateModelChecker.java:437)
	at prism.StateModelChecker.checkExpression(StateModelChecker.java:264)
	at prism.StateModelChecker.checkExpressionBinaryOp(StateModelChecker.java:437)
	at prism.StateModelChecker.checkExpression(StateModelChecker.java:264)
	at prism.StateModelChecker.checkExpressionBinaryOp(StateModelChecker.java:437)
	at prism.StateModelChecker.checkExpression(StateModelChecker.java:264)
	at prism.StateModelChecker.checkExpressionBinaryOp(StateModelChecker.java:437)
	at prism.StateModelChecker.checkExpression(StateModelChecker.java:264)
	at prism.StateModelChecker.checkExpressionBinaryOp(StateModelChecker.java:437)
	at prism.StateModelChecker.checkExpression(StateModelChecker.java:264)
	at prism.StateModelChecker.checkExpressionBinaryOp(StateModelChecker.java:437)
	at prism.StateModelChecker.checkExpression(StateModelChecker.java:264)
	at prism.StateModelChecker.checkExpressionBinaryOp(StateModelChecker.java:437)
	at prism.StateModelChecker.checkExpression(StateModelChecker.java:264)
	at prism.StateModelChecker.checkExpressionBinaryOp(StateModelChecker.java:437)
	at prism.StateModelChecker.checkExpression(StateModelChecker.java:264)
	at prism.StateModelChecker.checkExpressionBinaryOp(StateModelChecker.java:437)
	at prism.StateModelChecker.checkExpression(StateModelChecker.java:264)
	at prism.StateModelChecker.checkExpressionBinaryOp(StateModelChecker.java:437)
	at prism.StateModelChecker.checkExpression(StateModelChecker.java:264)
	at prism.StateModelChecker.checkExpressionBinaryOp(StateModelChecker.java:437)
	at prism.StateModelChecker.checkExpression(StateModelChecker.java:264)
	at prism.StateModelChecker.checkExpressionBinaryOp(StateModelChecker.java:437)
	at prism.StateModelChecker.checkExpression(StateModelChecker.java:264)
	at prism.StateModelChecker.checkExpressionBinaryOp(StateModelChecker.java:437)
	at prism.StateModelChecker.checkExpression(StateModelChecker.java:264)
	at prism.StateModelChecker.checkExpressionBinaryOp(StateModelChecker.java:437)
	at prism.StateModelChecker.checkExpression(StateModelChecker.java:264)
	at prism.StateModelChecker.checkExpressionBinaryOp(StateModelChecker.java:437)
	at prism.StateModelChecker.checkExpression(StateModelChecker.java:264)
	at prism.StateModelChecker.checkExpressionBinaryOp(StateModelChecker.java:437)
	at prism.StateModelChecker.checkExpression(StateModelChecker.java:264)
	at prism.StateModelChecker.checkExpressionBinaryOp(StateModelChecker.java:437)
	at prism.StateModelChecker.checkExpression(StateModelChecker.java:264)
	at prism.StateModelChecker.checkExpressionBinaryOp(StateModelChecker.java:437)
	at prism.StateModelChecker.checkExpression(StateModelChecker.java:264)
	at prism.StateModelChecker.checkExpressionBinaryOp(StateModelChecker.java:437)
	at prism.StateModelChecker.checkExpression(StateModelChecker.java:264)
	at prism.StateModelChecker.checkExpressionBinaryOp(StateModelChecker.java:437)
	at prism.StateModelChecker.checkExpression(StateModelChecker.java:264)
	at prism.StateModelChecker.checkExpressionBinaryOp(StateModelChecker.java:437)
	at prism.StateModelChecker.checkExpression(StateModelChecker.java:264)
	at prism.StateModelChecker.checkExpressionBinaryOp(StateModelChecker.java:437)
	at prism.StateModelChecker.checkExpression(StateModelChecker.java:264)
	at prism.StateModelChecker.checkExpressionBinaryOp(StateModelChecker.java:437)
	at prism.StateModelChecker.checkExpression(StateModelChecker.java:264)
	at prism.StateModelChecker.checkExpressionBinaryOp(StateModelChecker.java:437)
	at prism.StateModelChecker.checkExpression(StateModelChecker.java:264)
	at prism.StateModelChecker.checkExpressionBinaryOp(StateModelChecker.java:437)
	at prism.StateModelChecker.checkExpression(StateModelChecker.java:264)
	at prism.StateModelChecker.checkExpressionBinaryOp(StateModelChecker.java:437)
	at prism.StateModelChecker.checkExpression(StateModelChecker.java:264)
	at prism.StateModelChecker.checkExpressionBinaryOp(StateModelChecker.java:437)
	at prism.StateModelChecker.checkExpression(StateModelChecker.java:264)
	at prism.StateModelChecker.checkExpressionBinaryOp(StateModelChecker.java:437)
	at prism.StateModelChecker.checkExpression(StateModelChecker.java:264)
	at prism.StateModelChecker.checkExpressionBinaryOp(StateModelChecker.java:437)
	at prism.StateModelChecker.checkExpression(StateModelChecker.java:264)
	at prism.StateModelChecker.checkExpressionBinaryOp(StateModelChecker.java:437)
	at prism.StateModelChecker.checkExpression(StateModelChecker.java:264)
	at prism.StateModelChecker.checkExpressionBinaryOp(StateModelChecker.java:437)
	at prism.StateModelChecker.checkExpression(StateModelChecker.java:264)
	at prism.StateModelChecker.checkExpressionBinaryOp(StateModelChecker.java:437)
	at prism.StateModelChecker.checkExpression(StateModelChecker.java:264)
	at prism.StateModelChecker.checkExpressionBinaryOp(StateModelChecker.java:437)
	at prism.StateModelChecker.checkExpression(StateModelChecker.java:264)
	at prism.StateModelChecker.checkExpressionBinaryOp(StateModelChecker.java:437)
	at prism.StateModelChecker.checkExpression(StateModelChecker.java:264)
	at prism.StateModelChecker.checkExpressionBinaryOp(StateModelChecker.java:437)
	at prism.StateModelChecker.checkExpression(StateModelChecker.java:264)
	at prism.StateModelChecker.checkExpressionBinaryOp(StateModelChecker.java:437)
	at prism.StateModelChecker.checkExpression(StateModelChecker.java:264)
	at prism.StateModelChecker.checkExpressionBinaryOp(StateModelChecker.java:437)
	at prism.StateModelChecker.checkExpression(StateModelChecker.java:264)
	at prism.StateModelChecker.checkExpressionBinaryOp(StateModelChecker.java:437)
	at prism.StateModelChecker.checkExpression(StateModelChecker.java:264)
	at prism.StateModelChecker.checkExpressionBinaryOp(StateModelChecker.java:437)
	at prism.StateModelChecker.checkExpression(StateModelChecker.java:264)
	at prism.StateModelChecker.checkExpressionBinaryOp(StateModelChecker.java:437)
	at prism.StateModelChecker.checkExpression(StateModelChecker.java:264)
	at prism.StateModelChecker.checkExpressionBinaryOp(StateModelChecker.java:437)
	at prism.StateModelChecker.checkExpression(StateModelChecker.java:264)
	at prism.StateModelChecker.checkExpressionBinaryOp(StateModelChecker.java:437)
	at prism.StateModelChecker.checkExpression(StateModelChecker.java:264)
	at prism.StateModelChecker.checkExpressionBinaryOp(StateModelChecker.java:437)
	at prism.StateModelChecker.checkExpression(StateModelChecker.java:264)
	at prism.StateModelChecker.checkExpressionBinaryOp(StateModelChecker.java:437)
	at prism.StateModelChecker.checkExpression(StateModelChecker.java:264)
	at prism.StateModelChecker.checkExpressionBinaryOp(StateModelChecker.java:437)
	at prism.StateModelChecker.checkExpression(StateModelChecker.java:264)
	at prism.StateModelChecker.checkExpressionBinaryOp(StateModelChecker.java:437)
	at prism.StateModelChecker.checkExpression(StateModelChecker.java:264)
	at prism.StateModelChecker.checkExpressionBinaryOp(StateModelChecker.java:437)
	at prism.StateModelChecker.checkExpression(StateModelChecker.java:264)
	at prism.StateModelChecker.checkExpressionBinaryOp(StateModelChecker.java:437)
	at prism.StateModelChecker.checkExpression(StateModelChecker.java:264)
	at prism.StateModelChecker.checkExpressionBinaryOp(StateModelChecker.java:437)
	at prism.StateModelChecker.checkExpression(StateModelChecker.java:264)
	at prism.StateModelChecker.checkExpressionBinaryOp(StateModelChecker.java:437)
	at prism.StateModelChecker.checkExpression(StateModelChecker.java:264)
	at prism.StateModelChecker.checkExpressionBinaryOp(StateModelChecker.java:437)
	at prism.StateModelChecker.checkExpression(StateModelChecker.java:264)
	at prism.StateModelChecker.checkExpressionBinaryOp(StateModelChecker.java:437)
	at prism.StateModelChecker.checkExpression(StateModelChecker.java:264)
	at prism.StateModelChecker.checkExpressionBinaryOp(StateModelChecker.java:437)
	at prism.StateModelChecker.checkExpression(StateModelChecker.java:264)
	at prism.StateModelChecker.checkExpressionBinaryOp(StateModelChecker.java:437)
	at prism.StateModelChecker.checkExpression(StateModelChecker.java:264)
	at prism.StateModelChecker.checkExpressionBinaryOp(StateModelChecker.java:437)
	at prism.StateModelChecker.checkExpression(StateModelChecker.java:264)
	at prism.StateModelChecker.checkExpressionBinaryOp(StateModelChecker.java:437)
	at prism.StateModelChecker.checkExpression(StateModelChecker.java:264)
	at prism.StateModelChecker.checkExpressionBinaryOp(StateModelChecker.java:437)
	at prism.StateModelChecker.checkExpression(StateModelChecker.java:264)
	at prism.StateModelChecker.checkExpressionBinaryOp(StateModelChecker.java:437)
	at prism.StateModelChecker.checkExpression(StateModelChecker.java:264)
	at prism.StateModelChecker.checkExpressionBinaryOp(StateModelChecker.java:437)
	at prism.StateModelChecker.checkExpression(StateModelChecker.java:264)
	at prism.StateModelChecker.checkExpressionBinaryOp(StateModelChecker.java:437)
	at prism.StateModelChecker.checkExpression(StateModelChecker.java:264)
	at prism.StateModelChecker.checkExpressionBinaryOp(StateModelChecker.java:437)
	at prism.StateModelChecker.checkExpression(StateModelChecker.java:264)
	at prism.StateModelChecker.checkExpressionBinaryOp(StateModelChecker.java:437)
	at prism.StateModelChecker.checkExpression(StateModelChecker.java:264)
	at prism.StateModelChecker.checkExpressionBinaryOp(StateModelChecker.java:437)
	at prism.StateModelChecker.checkExpression(StateModelChecker.java:264)
	at prism.StateModelChecker.checkExpressionBinaryOp(StateModelChecker.java:437)
	at prism.StateModelChecker.checkExpression(StateModelChecker.java:264)
	at prism.StateModelChecker.checkExpressionBinaryOp(StateModelChecker.java:437)
	at prism.StateModelChecker.checkExpression(StateModelChecker.java:264)
	at prism.StateModelChecker.checkExpressionBinaryOp(StateModelChecker.java:437)
	at prism.StateModelChecker.checkExpression(StateModelChecker.java:264)
	at prism.StateModelChecker.checkExpressionBinaryOp(StateModelChecker.java:437)
	at prism.StateModelChecker.checkExpression(StateModelChecker.java:264)
	at prism.StateModelChecker.checkExpressionBinaryOp(StateModelChecker.java:437)
	at prism.StateModelChecker.checkExpression(StateModelChecker.java:264)
	at prism.StateModelChecker.checkExpressionBinaryOp(StateModelChecker.java:437)
	at prism.StateModelChecker.checkExpression(StateModelChecker.java:264)
	at prism.StateModelChecker.checkExpressionBinaryOp(StateModelChecker.java:437)
	at prism.StateModelChecker.checkExpression(StateModelChecker.java:264)
	at prism.StateModelChecker.checkExpressionBinaryOp(StateModelChecker.java:437)
	at prism.StateModelChecker.checkExpression(StateModelChecker.java:264)
	at prism.StateModelChecker.checkExpressionBinaryOp(StateModelChecker.java:437)
	at prism.StateModelChecker.checkExpression(StateModelChecker.java:264)
	at prism.StateModelChecker.checkExpressionBinaryOp(StateModelChecker.java:437)
	at prism.StateModelChecker.checkExpression(StateModelChecker.java:264)
	at prism.StateModelChecker.checkExpressionBinaryOp(StateModelChecker.java:437)
	at prism.StateModelChecker.checkExpression(StateModelChecker.java:264)
	at prism.StateModelChecker.checkExpressionBinaryOp(StateModelChecker.java:437)
	at prism.StateModelChecker.checkExpression(StateModelChecker.java:264)
	at prism.StateModelChecker.checkExpressionBinaryOp(StateModelChecker.java:437)
	at prism.StateModelChecker.checkExpression(StateModelChecker.java:264)
	at prism.StateModelChecker.checkExpressionBinaryOp(StateModelChecker.java:437)
	at prism.StateModelChecker.checkExpression(StateModelChecker.java:264)
	at prism.StateModelChecker.checkExpressionBinaryOp(StateModelChecker.java:437)
	at prism.StateModelChecker.checkExpression(StateModelChecker.java:264)
	at prism.StateModelChecker.checkExpressionBinaryOp(StateModelChecker.java:437)
	at prism.StateModelChecker.checkExpression(StateModelChecker.java:264)
	at prism.StateModelChecker.checkExpressionBinaryOp(StateModelChecker.java:437)
	at prism.StateModelChecker.checkExpression(StateModelChecker.java:264)
	at prism.StateModelChecker.checkExpressionBinaryOp(StateModelChecker.java:437)
	at prism.StateModelChecker.checkExpression(StateModelChecker.java:264)
	at prism.StateModelChecker.checkExpressionBinaryOp(StateModelChecker.java:437)
	at prism.StateModelChecker.checkExpression(StateModelChecker.java:264)
	at prism.StateModelChecker.checkExpressionBinaryOp(StateModelChecker.java:437)
	at prism.StateModelChecker.checkExpression(StateModelChecker.java:264)
	at prism.StateModelChecker.checkExpressionBinaryOp(StateModelChecker.java:437)
	at prism.StateModelChecker.checkExpression(StateModelChecker.java:264)
	at prism.StateModelChecker.checkExpressionBinaryOp(StateModelChecker.java:437)
	at prism.StateModelChecker.checkExpression(StateModelChecker.java:264)
	at prism.StateModelChecker.checkExpressionBinaryOp(StateModelChecker.java:437)
	at prism.StateModelChecker.checkExpression(StateModelChecker.java:264)
	at prism.StateModelChecker.checkExpressionBinaryOp(StateModelChecker.java:437)
	at prism.StateModelChecker.checkExpression(StateModelChecker.java:264)
	at prism.StateModelChecker.checkExpressionBinaryOp(StateModelChecker.java:437)
	at prism.StateModelChecker.checkExpression(StateModelChecker.java:264)
	at prism.StateModelChecker.checkExpressionBinaryOp(StateModelChecker.java:437)
	at prism.StateModelChecker.checkExpression(StateModelChecker.java:264)
	at prism.StateModelChecker.checkExpressionBinaryOp(StateModelChecker.java:437)
	at prism.StateModelChecker.checkExpression(StateModelChecker.java:264)
	at prism.StateModelChecker.checkExpressionBinaryOp(StateModelChecker.java:437)
	at prism.StateModelChecker.checkExpression(StateModelChecker.java:264)
	at prism.StateModelChecker.checkExpressionBinaryOp(StateModelChecker.java:437)
	at prism.StateModelChecker.checkExpression(StateModelChecker.java:264)
	at prism.StateModelChecker.checkExpressionBinaryOp(StateModelChecker.java:437)
	at prism.StateModelChecker.checkExpression(StateModelChecker.java:264)
	at prism.StateModelChecker.checkExpressionBinaryOp(StateModelChecker.java:437)
	at prism.StateModelChecker.checkExpression(StateModelChecker.java:264)
	at prism.StateModelChecker.checkExpressionBinaryOp(StateModelChecker.java:437)
	at prism.StateModelChecker.checkExpression(StateModelChecker.java:264)
	at prism.StateModelChecker.checkExpressionBinaryOp(StateModelChecker.java:437)
	at prism.StateModelChecker.checkExpression(StateModelChecker.java:264)
	at prism.StateModelChecker.checkExpressionBinaryOp(StateModelChecker.java:437)
	at prism.StateModelChecker.checkExpression(StateModelChecker.java:264)
	at prism.StateModelChecker.checkExpressionBinaryOp(StateModelChecker.java:437)
	at prism.StateModelChecker.checkExpression(StateModelChecker.java:264)
	at prism.StateModelChecker.checkExpressionBinaryOp(StateModelChecker.java:437)
	at prism.StateModelChecker.checkExpression(StateModelChecker.java:264)
	at prism.StateModelChecker.checkExpressionBinaryOp(StateModelChecker.java:437)
	at prism.StateModelChecker.checkExpression(StateModelChecker.java:264)
	at prism.StateModelChecker.checkExpressionBinaryOp(StateModelChecker.java:437)
	at prism.StateModelChecker.checkExpression(StateModelChecker.java:264)
	at prism.StateModelChecker.checkExpressionBinaryOp(StateModelChecker.java:437)
	at prism.StateModelChecker.checkExpression(StateModelChecker.java:264)
	at prism.StateModelChecker.checkExpressionBinaryOp(StateModelChecker.java:437)
	at prism.StateModelChecker.checkExpression(StateModelChecker.java:264)
	at prism.StateModelChecker.checkExpressionBinaryOp(StateModelChecker.java:437)
	at prism.StateModelChecker.checkExpression(StateModelChecker.java:264)
	at prism.StateModelChecker.checkExpressionBinaryOp(StateModelChecker.java:437)
	at prism.StateModelChecker.checkExpression(StateModelChecker.java:264)
	at prism.StateModelChecker.checkExpressionBinaryOp(StateModelChecker.java:437)
	at prism.StateModelChecker.checkExpression(StateModelChecker.java:264)
	at prism.StateModelChecker.checkExpressionBinaryOp(StateModelChecker.java:437)
	at prism.StateModelChecker.checkExpression(StateModelChecker.java:264)
	at prism.StateModelChecker.checkExpressionBinaryOp(StateModelChecker.java:437)
	at prism.StateModelChecker.checkExpression(StateModelChecker.java:264)
	at prism.StateModelChecker.checkExpressionBinaryOp(StateModelChecker.java:437)
	at prism.StateModelChecker.checkExpression(StateModelChecker.java:264)
	at prism.StateModelChecker.checkExpressionBinaryOp(StateModelChecker.java:437)
	at prism.StateModelChecker.checkExpression(StateModelChecker.java:264)
	at prism.StateModelChecker.checkExpressionBinaryOp(StateModelChecker.java:437)
	at prism.StateModelChecker.checkExpression(StateModelChecker.java:264)
	at prism.StateModelChecker.checkExpressionBinaryOp(StateModelChecker.java:437)
	at prism.StateModelChecker.checkExpression(StateModelChecker.java:264)
	at prism.StateModelChecker.checkExpressionBinaryOp(StateModelChecker.java:437)
	at prism.StateModelChecker.checkExpression(StateModelChecker.java:264)
	at prism.StateModelChecker.checkExpressionBinaryOp(StateModelChecker.java:437)
	at prism.StateModelChecker.checkExpression(StateModelChecker.java:264)
	at prism.StateModelChecker.checkExpressionBinaryOp(StateModelChecker.java:437)
	at prism.StateModelChecker.checkExpression(StateModelChecker.java:264)
	at prism.StateModelChecker.checkExpressionBinaryOp(StateModelChecker.java:437)
	at prism.StateModelChecker.checkExpression(StateModelChecker.java:264)
	at prism.StateModelChecker.checkExpressionBinaryOp(StateModelChecker.java:437)
	at prism.StateModelChecker.checkExpression(StateModelChecker.java:264)
	at prism.StateModelChecker.checkExpressionBinaryOp(StateModelChecker.java:437)
	at prism.StateModelChecker.checkExpression(StateModelChecker.java:264)
	at prism.StateModelChecker.checkExpressionBinaryOp(StateModelChecker.java:437)
	at prism.StateModelChecker.checkExpression(StateModelChecker.java:264)
	at prism.StateModelChecker.checkExpressionBinaryOp(StateModelChecker.java:437)
	at prism.StateModelChecker.checkExpression(StateModelChecker.java:264)
	at prism.StateModelChecker.checkExpressionBinaryOp(StateModelChecker.java:437)
	at prism.StateModelChecker.checkExpression(StateModelChecker.java:264)
	at prism.StateModelChecker.checkExpressionBinaryOp(StateModelChecker.java:437)
	at prism.StateModelChecker.checkExpression(StateModelChecker.java:264)
	at prism.StateModelChecker.checkExpressionBinaryOp(StateModelChecker.java:437)
	at prism.StateModelChecker.checkExpression(StateModelChecker.java:264)
	at prism.StateModelChecker.checkExpressionBinaryOp(StateModelChecker.java:437)
	at prism.StateModelChecker.checkExpression(StateModelChecker.java:264)
	at prism.StateModelChecker.checkExpressionBinaryOp(StateModelChecker.java:437)
	at prism.StateModelChecker.checkExpression(StateModelChecker.java:264)
	at prism.StateModelChecker.checkExpressionBinaryOp(StateModelChecker.java:437)
	at prism.StateModelChecker.checkExpression(StateModelChecker.java:264)
	at prism.StateModelChecker.checkExpressionBinaryOp(StateModelChecker.java:437)
	at prism.StateModelChecker.checkExpression(StateModelChecker.java:264)
	at prism.StateModelChecker.checkExpressionBinaryOp(StateModelChecker.java:437)
	at prism.StateModelChecker.checkExpression(StateModelChecker.java:264)
	at prism.StateModelChecker.checkExpressionBinaryOp(StateModelChecker.java:437)
	at prism.StateModelChecker.checkExpression(StateModelChecker.java:264)
	at prism.StateModelChecker.checkExpressionBinaryOp(StateModelChecker.java:437)
	at prism.StateModelChecker.checkExpression(StateModelChecker.java:264)
	at prism.StateModelChecker.checkExpressionBinaryOp(StateModelChecker.java:437)
	at prism.StateModelChecker.checkExpression(StateModelChecker.java:264)
	at prism.StateModelChecker.checkExpressionBinaryOp(StateModelChecker.java:437)
	at prism.StateModelChecker.checkExpression(StateModelChecker.java:264)
	at prism.StateModelChecker.checkExpressionBinaryOp(StateModelChecker.java:437)
	at prism.StateModelChecker.checkExpression(StateModelChecker.java:264)
	at prism.StateModelChecker.checkExpressionBinaryOp(StateModelChecker.java:437)
	at prism.StateModelChecker.checkExpression(StateModelChecker.java:264)
	at prism.StateModelChecker.checkExpressionBinaryOp(StateModelChecker.java:437)
	at prism.StateModelChecker.checkExpression(StateModelChecker.java:264)
	at prism.StateModelChecker.checkExpressionBinaryOp(StateModelChecker.java:437)
	at prism.StateModelChecker.checkExpression(StateModelChecker.java:264)
	at prism.StateModelChecker.checkExpressionBinaryOp(StateModelChecker.java:437)
	at prism.StateModelChecker.checkExpression(StateModelChecker.java:264)
	at prism.StateModelChecker.checkExpressionBinaryOp(StateModelChecker.java:437)
	at prism.StateModelChecker.checkExpression(StateModelChecker.java:264)
	at prism.StateModelChecker.checkExpressionBinaryOp(StateModelChecker.java:437)
	at prism.StateModelChecker.checkExpression(StateModelChecker.java:264)
	at prism.StateModelChecker.checkExpressionBinaryOp(StateModelChecker.java:437)
	at prism.StateModelChecker.checkExpression(StateModelChecker.java:264)
	at prism.StateModelChecker.checkExpressionBinaryOp(StateModelChecker.java:437)
	at prism.StateModelChecker.checkExpression(StateModelChecker.java:264)
	at prism.StateModelChecker.checkExpressionBinaryOp(StateModelChecker.java:437)
	at prism.StateModelChecker.checkExpression(StateModelChecker.java:264)
	at prism.StateModelChecker.checkExpressionBinaryOp(StateModelChecker.java:437)
	at prism.StateModelChecker.checkExpression(StateModelChecker.java:264)
	at prism.StateModelChecker.checkExpressionBinaryOp(StateModelChecker.java:437)
	at prism.StateModelChecker.checkExpression(StateModelChecker.java:264)
	at prism.StateModelChecker.checkExpressionBinaryOp(StateModelChecker.java:437)
	at prism.StateModelChecker.checkExpression(StateModelChecker.java:264)
	at prism.StateModelChecker.checkExpressionBinaryOp(StateModelChecker.java:437)
	at prism.StateModelChecker.checkExpression(StateModelChecker.java:264)
	at prism.StateModelChecker.checkExpressionBinaryOp(StateModelChecker.java:437)
	at prism.StateModelChecker.checkExpression(StateModelChecker.java:264)
	at prism.StateModelChecker.checkExpressionBinaryOp(StateModelChecker.java:437)
	at prism.StateModelChecker.checkExpression(StateModelChecker.java:264)
	at prism.StateModelChecker.checkExpressionBinaryOp(StateModelChecker.java:437)
	at prism.StateModelChecker.checkExpression(StateModelChecker.java:264)
	at prism.StateModelChecker.checkExpressionBinaryOp(StateModelChecker.java:437)
	at prism.StateModelChecker.checkExpression(StateModelChecker.java:264)
	at prism.StateModelChecker.checkExpressionBinaryOp(StateModelChecker.java:437)
	at prism.StateModelChecker.checkExpression(StateModelChecker.java:264)
	at prism.StateModelChecker.checkExpressionBinaryOp(StateModelChecker.java:437)
	at prism.StateModelChecker.checkExpression(StateModelChecker.java:264)
	at prism.StateModelChecker.checkExpressionBinaryOp(StateModelChecker.java:437)
	at prism.StateModelChecker.checkExpression(StateModelChecker.java:264)
	at prism.StateModelChecker.checkExpressionBinaryOp(StateModelChecker.java:437)
	at prism.StateModelChecker.checkExpression(StateModelChecker.java:264)
	at prism.StateModelChecker.checkExpressionBinaryOp(StateModelChecker.java:437)
	at prism.StateModelChecker.checkExpression(StateModelChecker.java:264)
	at prism.StateModelChecker.checkExpressionBinaryOp(StateModelChecker.java:437)
	at prism.StateModelChecker.checkExpression(StateModelChecker.java:264)
	at prism.StateModelChecker.checkExpressionBinaryOp(StateModelChecker.java:437)
	at prism.StateModelChecker.checkExpression(StateModelChecker.java:264)
	at prism.StateModelChecker.checkExpressionBinaryOp(StateModelChecker.java:437)
	at prism.StateModelChecker.checkExpression(StateModelChecker.java:264)
	at prism.StateModelChecker.checkExpressionBinaryOp(StateModelChecker.java:437)
	at prism.StateModelChecker.checkExpression(StateModelChecker.java:264)
	at prism.StateModelChecker.checkExpressionBinaryOp(StateModelChecker.java:437)
	at prism.StateModelChecker.checkExpression(StateModelChecker.java:264)
	at prism.StateModelChecker.checkExpressionBinaryOp(StateModelChecker.java:437)
	at prism.StateModelChecker.checkExpression(StateModelChecker.java:264)
	at prism.StateModelChecker.checkExpressionBinaryOp(StateModelChecker.java:437)
	at prism.StateModelChecker.checkExpression(StateModelChecker.java:264)
	at prism.StateModelChecker.checkExpressionBinaryOp(StateModelChecker.java:437)
	at prism.StateModelChecker.checkExpression(StateModelChecker.java:264)
	at prism.StateModelChecker.checkExpressionBinaryOp(StateModelChecker.java:437)
	at prism.StateModelChecker.checkExpression(StateModelChecker.java:264)
	at prism.StateModelChecker.checkExpressionBinaryOp(StateModelChecker.java:437)
	at prism.StateModelChecker.checkExpression(StateModelChecker.java:264)
	at prism.StateModelChecker.checkExpressionBinaryOp(StateModelChecker.java:437)
	at prism.StateModelChecker.checkExpression(StateModelChecker.java:264)
	at prism.StateModelChecker.checkExpressionBinaryOp(StateModelChecker.java:437)
	at prism.StateModelChecker.checkExpression(StateModelChecker.java:264)
	at prism.StateModelChecker.checkExpressionBinaryOp(StateModelChecker.java:437)
	at prism.StateModelChecker.checkExpression(StateModelChecker.java:264)
	at prism.StateModelChecker.checkExpressionBinaryOp(StateModelChecker.java:437)
	at prism.StateModelChecker.checkExpression(StateModelChecker.java:264)
	at prism.StateModelChecker.checkExpressionBinaryOp(StateModelChecker.java:437)
	at prism.StateModelChecker.checkExpression(StateModelChecker.java:264)
	at prism.StateModelChecker.checkExpressionBinaryOp(StateModelChecker.java:437)
	at prism.StateModelChecker.checkExpression(StateModelChecker.java:264)
	at prism.StateModelChecker.checkExpressionBinaryOp(StateModelChecker.java:437)
	at prism.StateModelChecker.checkExpression(StateModelChecker.java:264)
	at prism.StateModelChecker.checkExpressionBinaryOp(StateModelChecker.java:437)
	at prism.StateModelChecker.checkExpression(StateModelChecker.java:264)
	at prism.StateModelChecker.checkExpressionBinaryOp(StateModelChecker.java:437)
	at prism.StateModelChecker.checkExpression(StateModelChecker.java:264)
	at prism.StateModelChecker.checkExpressionBinaryOp(StateModelChecker.java:437)
	at prism.StateModelChecker.checkExpression(StateModelChecker.java:264)
	at prism.StateModelChecker.checkExpressionBinaryOp(StateModelChecker.java:437)
	at prism.StateModelChecker.checkExpression(StateModelChecker.java:264)
	at prism.StateModelChecker.checkExpressionBinaryOp(StateModelChecker.java:437)
	at prism.StateModelChecker.checkExpression(StateModelChecker.java:264)
	at prism.StateModelChecker.checkExpressionBinaryOp(StateModelChecker.java:437)
	at prism.StateModelChecker.checkExpression(StateModelChecker.java:264)
	at prism.StateModelChecker.checkExpressionBinaryOp(StateModelChecker.java:437)
	at prism.StateModelChecker.checkExpression(StateModelChecker.java:264)
	at prism.StateModelChecker.checkExpressionBinaryOp(StateModelChecker.java:437)
	at prism.StateModelChecker.checkExpression(StateModelChecker.java:264)
	at prism.StateModelChecker.checkExpressionBinaryOp(StateModelChecker.java:437)
	at prism.StateModelChecker.checkExpression(StateModelChecker.java:264)
	at prism.StateModelChecker.checkExpressionBinaryOp(StateModelChecker.java:437)
	at prism.StateModelChecker.checkExpression(StateModelChecker.java:264)
	at prism.StateModelChecker.checkExpressionBinaryOp(StateModelChecker.java:437)
	at prism.StateModelChecker.checkExpression(StateModelChecker.java:264)
	at prism.StateModelChecker.checkExpressionBinaryOp(StateModelChecker.java:437)
	at prism.StateModelChecker.checkExpression(StateModelChecker.java:264)
	at prism.StateModelChecker.checkExpressionBinaryOp(StateModelChecker.java:437)
	at prism.StateModelChecker.checkExpression(StateModelChecker.java:264)
	at prism.StateModelChecker.checkExpressionBinaryOp(StateModelChecker.java:437)
	at prism.StateModelChecker.checkExpression(StateModelChecker.java:264)
	at prism.StateModelChecker.checkExpressionBinaryOp(StateModelChecker.java:437)
	at prism.StateModelChecker.checkExpression(StateModelChecker.java:264)
	at prism.StateModelChecker.checkExpressionBinaryOp(StateModelChecker.java:437)
	at prism.StateModelChecker.checkExpression(StateModelChecker.java:264)
	at prism.StateModelChecker.checkExpressionBinaryOp(StateModelChecker.java:437)
	at prism.StateModelChecker.checkExpression(StateModelChecker.java:264)
	at prism.StateModelChecker.checkExpressionBinaryOp(StateModelChecker.java:437)
	at prism.StateModelChecker.checkExpression(StateModelChecker.java:264)
	at prism.StateModelChecker.checkExpressionBinaryOp(StateModelChecker.java:437)
	at prism.StateModelChecker.checkExpression(StateModelChecker.java:264)
	at prism.StateModelChecker.checkExpressionBinaryOp(StateModelChecker.java:437)
	at prism.StateModelChecker.checkExpression(StateModelChecker.java:264)
	at prism.StateModelChecker.checkExpressionBinaryOp(StateModelChecker.java:437)
	at prism.StateModelChecker.checkExpression(StateModelChecker.java:264)
	at prism.StateModelChecker.checkExpressionBinaryOp(StateModelChecker.java:437)
	at prism.StateModelChecker.checkExpression(StateModelChecker.java:264)
	at prism.StateModelChecker.checkExpressionBinaryOp(StateModelChecker.java:437)
	at prism.StateModelChecker.checkExpression(StateModelChecker.java:264)
	at prism.StateModelChecker.checkExpressionBinaryOp(StateModelChecker.java:437)
	at prism.StateModelChecker.checkExpression(StateModelChecker.java:264)
	at prism.StateModelChecker.checkExpressionBinaryOp(StateModelChecker.java:437)
	at prism.StateModelChecker.checkExpression(StateModelChecker.java:264)
	at prism.StateModelChecker.checkExpressionBinaryOp(StateModelChecker.java:437)
	at prism.StateModelChecker.checkExpression(StateModelChecker.java:264)
	at prism.StateModelChecker.checkExpressionBinaryOp(StateModelChecker.java:437)
	at prism.StateModelChecker.checkExpression(StateModelChecker.java:264)
	at prism.StateModelChecker.checkExpressionBinaryOp(StateModelChecker.java:437)
	at prism.StateModelChecker.checkExpression(StateModelChecker.java:264)
	at prism.StateModelChecker.checkExpressionBinaryOp(StateModelChecker.java:437)
	at prism.StateModelChecker.checkExpression(StateModelChecker.java:264)
	at prism.StateModelChecker.checkExpressionBinaryOp(StateModelChecker.java:437)
	at prism.StateModelChecker.checkExpression(StateModelChecker.java:264)
	at prism.StateModelChecker.checkExpressionBinaryOp(StateModelChecker.java:437)
	at prism.StateModelChecker.checkExpression(StateModelChecker.java:264)
	at prism.StateModelChecker.checkExpressionBinaryOp(StateModelChecker.java:437)
	at prism.StateModelChecker.checkExpression(StateModelChecker.java:264)
	at prism.StateModelChecker.checkExpressionBinaryOp(StateModelChecker.java:437)
	at prism.StateModelChecker.checkExpression(StateModelChecker.java:264)
	at prism.StateModelChecker.checkExpressionBinaryOp(StateModelChecker.java:437)
	at prism.StateModelChecker.checkExpression(StateModelChecker.java:264)
	at prism.StateModelChecker.checkExpressionBinaryOp(StateModelChecker.java:437)
	at prism.StateModelChecker.checkExpression(StateModelChecker.java:264)
	at prism.StateModelChecker.checkExpressionBinaryOp(StateModelChecker.java:437)
	at prism.StateModelChecker.checkExpression(StateModelChecker.java:264)
	at prism.StateModelChecker.checkExpressionBinaryOp(StateModelChecker.java:437)
	at prism.StateModelChecker.checkExpression(StateModelChecker.java:264)
	at prism.StateModelChecker.checkExpressionBinaryOp(StateModelChecker.java:437)
	at prism.StateModelChecker.checkExpression(StateModelChecker.java:264)
	at prism.StateModelChecker.checkExpressionBinaryOp(StateModelChecker.java:437)
	at prism.StateModelChecker.checkExpression(StateModelChecker.java:264)
	at prism.StateModelChecker.checkExpressionBinaryOp(StateModelChecker.java:437)
	at prism.StateModelChecker.checkExpression(StateModelChecker.java:264)
	at prism.StateModelChecker.checkExpressionBinaryOp(StateModelChecker.java:437)
	at prism.StateModelChecker.checkExpression(StateModelChecker.java:264)
	at prism.StateModelChecker.checkExpressionBinaryOp(StateModelChecker.java:437)
	at prism.StateModelChecker.checkExpression(StateModelChecker.java:264)
	at prism.StateModelChecker.checkExpressionBinaryOp(StateModelChecker.java:437)
	at prism.StateModelChecker.checkExpression(StateModelChecker.java:264)
	at prism.StateModelChecker.checkExpressionBinaryOp(StateModelChecker.java:437)
	at prism.StateModelChecker.checkExpression(StateModelChecker.java:264)
	at prism.StateModelChecker.checkExpressionBinaryOp(StateModelChecker.java:437)
	at prism.StateModelChecker.checkExpression(StateModelChecker.java:264)
	at prism.StateModelChecker.checkExpressionBinaryOp(StateModelChecker.java:437)
	at prism.StateModelChecker.checkExpression(StateModelChecker.java:264)
	at prism.StateModelChecker.checkExpressionBinaryOp(StateModelChecker.java:437)
	at prism.StateModelChecker.checkExpression(StateModelChecker.java:264)
	at prism.StateModelChecker.checkExpressionBinaryOp(StateModelChecker.java:437)
	at prism.StateModelChecker.checkExpression(StateModelChecker.java:264)
	at prism.StateModelChecker.checkExpressionBinaryOp(StateModelChecker.java:437)
	at prism.StateModelChecker.checkExpression(StateModelChecker.java:264)
	at prism.StateModelChecker.checkExpressionBinaryOp(StateModelChecker.java:437)
	at prism.StateModelChecker.checkExpression(StateModelChecker.java:264)
	at prism.StateModelChecker.checkExpressionBinaryOp(StateModelChecker.java:437)
	at prism.StateModelChecker.checkExpression(StateModelChecker.java:264)
	at prism.StateModelChecker.checkExpressionBinaryOp(StateModelChecker.java:437)
	at prism.StateModelChecker.checkExpression(StateModelChecker.java:264)
	at prism.StateModelChecker.checkExpressionBinaryOp(StateModelChecker.java:437)
	at prism.StateModelChecker.checkExpression(StateModelChecker.java:264)
	at prism.StateModelChecker.checkExpressionBinaryOp(StateModelChecker.java:437)
	at prism.StateModelChecker.checkExpression(StateModelChecker.java:264)
	at prism.StateModelChecker.checkExpressionBinaryOp(StateModelChecker.java:437)
	at prism.StateModelChecker.checkExpression(StateModelChecker.java:264)
	at prism.StateModelChecker.checkExpressionBinaryOp(StateModelChecker.java:437)
	at prism.StateModelChecker.checkExpression(StateModelChecker.java:264)
	at prism.StateModelChecker.checkExpressionBinaryOp(StateModelChecker.java:437)
	at prism.StateModelChecker.checkExpression(StateModelChecker.java:264)
	at prism.StateModelChecker.checkExpressionBinaryOp(StateModelChecker.java:437)
	at prism.StateModelChecker.checkExpression(StateModelChecker.java:264)
	at prism.StateModelChecker.checkExpressionBinaryOp(StateModelChecker.java:437)
	at prism.StateModelChecker.checkExpression(StateModelChecker.java:264)
	at prism.StateModelChecker.checkExpressionBinaryOp(StateModelChecker.java:437)
	at prism.StateModelChecker.checkExpression(StateModelChecker.java:264)
	at prism.StateModelChecker.checkExpressionBinaryOp(StateModelChecker.java:437)
	at prism.StateModelChecker.checkExpression(StateModelChecker.java:264)
	at prism.StateModelChecker.checkExpressionBinaryOp(StateModelChecker.java:437)
	at prism.StateModelChecker.checkExpression(StateModelChecker.java:264)
	at prism.StateModelChecker.checkExpressionBinaryOp(StateModelChecker.java:437)
	at prism.StateModelChecker.checkExpression(StateModelChecker.java:264)
	at prism.StateModelChecker.checkExpressionBinaryOp(StateModelChecker.java:437)
	at prism.StateModelChecker.checkExpression(StateModelChecker.java:264)
	at prism.StateModelChecker.checkExpressionBinaryOp(StateModelChecker.java:437)
	at prism.StateModelChecker.checkExpression(StateModelChecker.java:264)
	at prism.StateModelChecker.checkExpressionBinaryOp(StateModelChecker.java:437)
	at prism.StateModelChecker.checkExpression(StateModelChecker.java:264)
	at prism.StateModelChecker.checkExpressionBinaryOp(StateModelChecker.java:437)
	at prism.StateModelChecker.checkExpression(StateModelChecker.java:264)
	at prism.StateModelChecker.checkExpressionBinaryOp(StateModelChecker.java:437)
	at prism.StateModelChecker.checkExpression(StateModelChecker.java:264)
	at prism.StateModelChecker.checkExpressionBinaryOp(StateModelChecker.java:437)
	at prism.StateModelChecker.checkExpression(StateModelChecker.java:264)
	at prism.StateModelChecker.checkExpressionBinaryOp(StateModelChecker.java:437)
	at prism.StateModelChecker.checkExpression(StateModelChecker.java:264)
	at prism.StateModelChecker.checkExpressionBinaryOp(StateModelChecker.java:437)
	at prism.StateModelChecker.checkExpression(StateModelChecker.java:264)
	at prism.StateModelChecker.checkExpressionBinaryOp(StateModelChecker.java:437)
	at prism.StateModelChecker.checkExpression(StateModelChecker.java:264)
	at prism.StateModelChecker.checkExpressionBinaryOp(StateModelChecker.java:437)
	at prism.StateModelChecker.checkExpression(StateModelChecker.java:264)
	at prism.StateModelChecker.checkExpressionBinaryOp(StateModelChecker.java:437)
	at prism.StateModelChecker.checkExpression(StateModelChecker.java:264)
	at prism.StateModelChecker.checkExpressionBinaryOp(StateModelChecker.java:437)
	at prism.StateModelChecker.checkExpression(StateModelChecker.java:264)
	at prism.StateModelChecker.checkExpressionBinaryOp(StateModelChecker.java:437)
	at prism.StateModelChecker.checkExpression(StateModelChecker.java:264)
	at prism.StateModelChecker.checkExpressionBinaryOp(StateModelChecker.java:437)
	at prism.StateModelChecker.checkExpression(StateModelChecker.java:264)
	at prism.StateModelChecker.checkExpressionBinaryOp(StateModelChecker.java:437)
	at prism.StateModelChecker.checkExpression(StateModelChecker.java:264)
	at prism.StateModelChecker.checkExpressionBinaryOp(StateModelChecker.java:437)
	at prism.StateModelChecker.checkExpression(StateModelChecker.java:264)
	at prism.StateModelChecker.checkExpressionBinaryOp(StateModelChecker.java:437)
	at prism.StateModelChecker.checkExpression(StateModelChecker.java:264)
	at prism.StateModelChecker.checkExpressionBinaryOp(StateModelChecker.java:437)
	at prism.StateModelChecker.checkExpression(StateModelChecker.java:264)
	at prism.StateModelChecker.checkExpressionBinaryOp(StateModelChecker.java:437)
	at prism.StateModelChecker.checkExpression(StateModelChecker.java:264)
	at prism.StateModelChecker.checkExpressionBinaryOp(StateModelChecker.java:437)
	at prism.StateModelChecker.checkExpression(StateModelChecker.java:264)
	at prism.StateModelChecker.checkExpressionBinaryOp(StateModelChecker.java:437)
	at prism.StateModelChecker.checkExpression(StateModelChecker.java:264)
	at prism.StateModelChecker.checkExpressionBinaryOp(StateModelChecker.java:437)
	at prism.StateModelChecker.checkExpression(StateModelChecker.java:264)
	at prism.StateModelChecker.checkExpressionBinaryOp(StateModelChecker.java:437)
	at prism.StateModelChecker.checkExpression(StateModelChecker.java:264)
	at prism.StateModelChecker.checkExpressionBinaryOp(StateModelChecker.java:437)
	at prism.StateModelChecker.checkExpression(StateModelChecker.java:264)
	at prism.StateModelChecker.checkExpressionBinaryOp(StateModelChecker.java:437)
	at prism.StateModelChecker.checkExpression(StateModelChecker.java:264)
	at prism.StateModelChecker.checkExpressionBinaryOp(StateModelChecker.java:437)
	at prism.StateModelChecker.checkExpression(StateModelChecker.java:264)
	at prism.StateModelChecker.checkExpressionBinaryOp(StateModelChecker.java:437)
	at prism.StateModelChecker.checkExpression(StateModelChecker.java:264)
	at prism.StateModelChecker.checkExpressionBinaryOp(StateModelChecker.java:437)
	at prism.StateModelChecker.checkExpression(StateModelChecker.java:264)
	at prism.StateModelChecker.checkExpressionBinaryOp(StateModelChecker.java:437)
	at prism.StateModelChecker.checkExpression(StateModelChecker.java:264)
	at prism.StateModelChecker.checkExpressionBinaryOp(StateModelChecker.java:437)
	at prism.StateModelChecker.checkExpression(StateModelChecker.java:264)
	at prism.StateModelChecker.checkExpressionBinaryOp(StateModelChecker.java:437)
	at prism.StateModelChecker.checkExpression(StateModelChecker.java:264)
	at prism.StateModelChecker.checkExpressionBinaryOp(StateModelChecker.java:437)
	at prism.StateModelChecker.checkExpression(StateModelChecker.java:264)
	at prism.StateModelChecker.checkExpressionBinaryOp(StateModelChecker.java:437)
	at prism.StateModelChecker.checkExpression(StateModelChecker.java:264)
	at prism.StateModelChecker.checkExpressionBinaryOp(StateModelChecker.java:437)
	at prism.StateModelChecker.checkExpression(StateModelChecker.java:264)
	at prism.StateModelChecker.checkExpressionBinaryOp(StateModelChecker.java:437)
	at prism.StateModelChecker.checkExpression(StateModelChecker.java:264)
	at prism.StateModelChecker.checkExpressionBinaryOp(StateModelChecker.java:437)
	at prism.StateModelChecker.checkExpression(StateModelChecker.java:264)
	at prism.StateModelChecker.checkExpressionBinaryOp(StateModelChecker.java:437)
	at prism.StateModelChecker.checkExpression(StateModelChecker.java:264)
	at prism.StateModelChecker.checkExpressionBinaryOp(StateModelChecker.java:437)
	at prism.StateModelChecker.checkExpression(StateModelChecker.java:264)
	at prism.StateModelChecker.checkExpressionBinaryOp(StateModelChecker.java:437)
	at prism.StateModelChecker.checkExpression(StateModelChecker.java:264)
	at prism.StateModelChecker.checkExpressionBinaryOp(StateModelChecker.java:437)
	at prism.StateModelChecker.checkExpression(StateModelChecker.java:264)
	at prism.StateModelChecker.checkExpressionBinaryOp(StateModelChecker.java:437)
	at prism.StateModelChecker.checkExpression(StateModelChecker.java:264)
	at prism.StateModelChecker.checkExpressionBinaryOp(StateModelChecker.java:437)
	at prism.StateModelChecker.checkExpression(StateModelChecker.java:264)
	at prism.StateModelChecker.checkExpressionBinaryOp(StateModelChecker.java:437)
	at prism.StateModelChecker.checkExpression(StateModelChecker.java:264)
	at prism.StateModelChecker.checkExpressionBinaryOp(StateModelChecker.java:437)
	at prism.StateModelChecker.checkExpression(StateModelChecker.java:264)
	at prism.StateModelChecker.checkExpressionBinaryOp(StateModelChecker.java:437)
	at prism.StateModelChecker.checkExpression(StateModelChecker.java:264)
	at prism.StateModelChecker.checkExpressionBinaryOp(StateModelChecker.java:437)
	at prism.StateModelChecker.checkExpression(StateModelChecker.java:264)
	at prism.StateModelChecker.checkExpressionBinaryOp(StateModelChecker.java:437)
	at prism.StateModelChecker.checkExpression(StateModelChecker.java:264)
	at prism.StateModelChecker.checkExpressionBinaryOp(StateModelChecker.java:437)
	at prism.StateModelChecker.checkExpression(StateModelChecker.java:264)

real	2m50.155s
user	9m8.265s
sys	0m6.478s
