$ prism 8.pm prism.pctl -maxiters 1000000
PRISM
=====

Version: 4.4
Date: Fri Nov 16 01:25:53 EST 2018
Hostname: atlas-18
Memory limits: cudd=1g, java(heap)=964.5m
Command line: prism 8.pm prism.pctl -maxiters 1000000

Parsing model file "8.pm"...

Parsing properties file "prism.pctl"...

1 property:
(1) P=? [ F (__state__=0) ]

Type:        DTMC
Modules:     ProbNetKAT 
Variables:   __state__ pt sw 

---------------------------------------------------------------------

Model checking: P=? [ F (__state__=0) ]

Building model...

Computing reachable states...

Reachability (BFS): 16 iterations in 0.02 seconds (average 0.001125, setup 0.00)

Time for model construction: 1.043 seconds.

Type:        DTMC
States:      1397 (1 initial)
Transitions: 2228

Transition matrix: 5039 nodes (4 terminal), 2228 minterms, vars: 18r/18c

Prob0: 19 iterations in 0.03 seconds (average 0.001421, setup 0.00)

Prob1: 1 iterations in 0.00 seconds (average 0.001000, setup 0.00)

yes = 1397, no = 0, maybe = 0

Value in the initial state: 1.0

Time for model checking: 0.035 seconds.

Result: 1.0 (value in the initial state)


real	0m2.631s
user	0m6.368s
sys	0m0.552s
