$ prism 36.pm prism.pctl -maxiters 1000000
PRISM
=====

Version: 4.4
Date: Fri Nov 16 02:53:36 EST 2018
Hostname: atlas-18
Memory limits: cudd=1g, java(heap)=964.5m
Command line: prism 36.pm prism.pctl -maxiters 1000000

Parsing model file "36.pm"...

Parsing properties file "prism.pctl"...

1 property:
(1) P=? [ F (__state__=0) ]

Type:        DTMC
Modules:     ProbNetKAT 
Variables:   __state__ pt sw 

---------------------------------------------------------------------

Model checking: P=? [ F (__state__=0) ]

Building model...

Computing reachable states...

Reachability (BFS): 16 iterations in 0.72 seconds (average 0.045187, setup 0.00)

Time for model construction: 786.678 seconds.

Type:        DTMC
States:      128251 (1 initial)
Transitions: 530658

Transition matrix: 384016 nodes (4 terminal), 530658 minterms, vars: 29r/29c

Prob0: 19 iterations in 0.49 seconds (average 0.025579, setup 0.00)

Prob1: 1 iterations in 0.01 seconds (average 0.010000, setup 0.00)

yes = 128251, no = 0, maybe = 0

Value in the initial state: 1.0

Time for model checking: 0.512 seconds.

Result: 1.0 (value in the initial state)


real	13m18.145s
user	15m44.071s
sys	0m7.054s
