$ prism 18.pm prism.pctl -maxiters 1000000
PRISM
=====

Version: 4.4
Date: Fri Nov 16 01:08:40 EST 2018
Hostname: atlas-17
Memory limits: cudd=1g, java(heap)=964.5m
Command line: prism 18.pm prism.pctl -maxiters 1000000

Parsing model file "18.pm"...

Parsing properties file "prism.pctl"...

1 property:
(1) P=? [ F (__state__=0) ]

Type:        DTMC
Modules:     ProbNetKAT 
Variables:   __state__ pt sw up_0 up_1 up_10 up_11 up_12 up_13 up_14 up_15 up_16 up_17 up_2 up_3 up_4 up_5 up_6 up_7 up_8 up_9 

---------------------------------------------------------------------

Model checking: P=? [ F (__state__=0) ]

Building model...

Computing reachable states...

Reachability (BFS): 82 iterations in 3.56 seconds (average 0.043390, setup 0.00)

Time for model construction: 507.299 seconds.

Type:        DTMC
States:      2296204732 (1 initial)
Transitions: 7399566432

Transition matrix: 379391 nodes (6 terminal), 7399566432 minterms, vars: 45r/45c

Prob0: 86 iterations in 3.28 seconds (average 0.038093, setup 0.00)

Prob1: 34 iterations in 3.08 seconds (average 0.090676, setup 0.00)

yes = 23592978, no = 393452622, maybe = 1879159132

Computing remaining probabilities...
Engine: Hybrid

Error: The hybrid engine can currently only handle up to 2147483647 reachable states, model has 2296204732 states.


real	8m39.341s
user	8m46.119s
sys	0m4.083s
