$ prism 26.pm prism.pctl -maxiters 1000000
PRISM
=====

Version: 4.4
Date: Fri Nov 16 02:20:01 EST 2018
Hostname: atlas-18
Memory limits: cudd=1g, java(heap)=964.5m
Command line: prism 26.pm prism.pctl -maxiters 1000000

Parsing model file "26.pm"...

Parsing properties file "prism.pctl"...

1 property:
(1) P=? [ F (__state__=0) ]

Type:        DTMC
Modules:     ProbNetKAT 
Variables:   __state__ pt sw 

---------------------------------------------------------------------

Model checking: P=? [ F (__state__=0) ]

Building model...

Computing reachable states...

Reachability (BFS): 16 iterations in 0.25 seconds (average 0.015625, setup 0.00)

Time for model construction: 141.785 seconds.

Type:        DTMC
States:      48296 (1 initial)
Transitions: 155948

Transition matrix: 157269 nodes (4 terminal), 155948 minterms, vars: 26r/26c

Prob0: 19 iterations in 0.18 seconds (average 0.009579, setup 0.00)

Prob1: 1 iterations in 0.00 seconds (average 0.003000, setup 0.00)

yes = 48296, no = 0, maybe = 0

Value in the initial state: 1.0

Time for model checking: 0.195 seconds.

Result: 1.0 (value in the initial state)


real	2m26.900s
user	3m7.561s
sys	0m3.705s
