$ probnetkat.with_topo -fail-with 1/1000 -scheme ECMP -cps -fbound 2 ../../../examples/output/fattree_20_sw_500.dot
[compile server] /home/abilene/.opam/4.07.1/lib/probnetkat/../../bin/probnetkat.rpc_compile_branch -order (Meta9 Meta3 Meta2 Meta4 Meta8 Meta5 Meta6 Meta7 Meta1 Meta0 Meta10 Meta11 Meta14 Meta13 Meta15 Meta12 Meta16 Meta17 Meta19 Meta18 F2 F3 F4 F5 F6 F7 F8 F9 F10 F11 F12 F13 F14 F15 F16 F17 F18 F19 F1 F0) -cps true -j 32 -rj 32
[compile server] read: input 1 ... received.
[compile server] read: input 2 ... received.
[compile server] read: input 3 ... received.
[compile server] read: input 4 ... received.
[compile server] read: input 5 ... received.
[compile server] read: input 6 ... received.
[compile server] read: input 7 ... received.
[compile server] read: input 8 ... received.
[compile server] read: input 9 ... received.
[compile server] read: input 10 ... received.
[compile server] read: input 11 ... received.
[compile server] read: input 12 ... received.
[compile server] read: input 13 ... received.
[compile server] read: input 14 ... received.
[compile server] read: input 15 ... received.
[compile server] read: input 16 ... received.
[compile server] read: input 17 ... received.
[compile server] read: input 18 ... received.
[compile server] read: input 19 ... received.
[compile server] read: input 20 ... received.
[compile server] read: input 21 ... received.
[compile server] read: input 22 ... received.
[compile server] read: input 23 ... received.
[compile server] read: input 24 ... received.
[compile server] read: input 25 ... received.
[compile server] read: input 26 ... received.
[compile server] read: input 27 ... received.
[compile server] read: input 28 ... received.
[compile server] read: input 29 ... received.
[compile server] read: input 30 ... received.
[compile server] read: input 31 ... received.
[compile server] read: input 32 ... received.
[compile server] read: input 33 ... received.
[compile server] read: input 34 ... received.
[compile server] read: input 35 ... received.
[compile server] read: input 36 ... received.
[compile server] read: input 37 ... received.
[compile server] read: input 38 ... received.
[compile server] read: input 39 ... received.
[compile server] read: input 40 ... received.
[compile server] read: input 41 ... received.
[compile server] read: input 42 ... received.
[compile server] read: input 43 ... received.
[compile server] read: input 44 ... received.
[compile server] read: input 45 ... received.
[compile server] read: input 46 ... received.
[compile server] read: input 47 ... received.
[compile server] read: input 48 ... received.
[compile server] read: input 49 ... received.
[compile server] read: input 50 ... received.
[compile server] read: input 51 ... received.
[compile server] read: input 52 ... received.
[compile server] read: input 53 ... received.
[compile server] read: input 54 ... received.
[compile server] read: input 55 ... received.
[compile server] read: input 56 ... received.
[compile server] read: input 57 ... received.
[compile server] read: input 58 ... received.
[compile server] read: input 59 ... received.
[compile server] read: input 60 ... received.
[compile server] read: input 61 ... received.
[compile server] read: input 62 ... received.
[compile server] read: input 63 ... received.
[compile server] read: input 64 ... received.
(monitor.ml.Error
 ((rpc_error
   (Uncaught_exn
    ((location "server-side rpc computation")
     (exn
      (monitor.ml.Error
       (Failure
        "multicast not implemented! cannot add (in the sense of &) { [<F2> := 1, <F1> := 51, <F0> := 7] @ 0.00099; [<F2> := 1, <F1> := 52, <F0> := 7] @ 0.00099; [<F2> := 1, <F1> := 53, <F0> := 7] @ 0.00099; [<F2> := 1, <F1> := 54, <F0> := 7] @ 0.00099; [<F2> := 1, <F1> := 55, <F0> := 7] @ 0.00099; [<F2> := 1, <F1> := 56, <F0> := 7] @ 0.00099; [<F2> := 1, <F1> := 57, <F0> := 7] @ 0.00099; [<F2> := 1, <F1> := 58, <F0> := 7] @ 0.00099; [<F2> := 1, <F1> := 59, <F0> := 7] @ 0.00099; [<F2> := 1, <F1> := 60, <F0> := 7] @ 0.00099; [<F2> := 2, <F1> := 51, <F0> := 7] @ 4.5e-06; [<F2> := 2, <F1> := 52, <F0> := 7] @ 4.5e-06; [<F2> := 2, <F1> := 53, <F0> := 7] @ 4.5e-06; [<F2> := 2, <F1> := 54, <F0> := 7] @ 4.5e-06; [<F2> := 2, <F1> := 55, <F0> := 7] @ 4.5e-06; [<F2> := 2, <F1> := 56, <F0> := 7] @ 4.5e-06; [<F2> := 2, <F1> := 57, <F0> := 7] @ 4.5e-06; [<F2> := 2, <F1> := 58, <F0> := 7] @ 4.5e-06; [<F2> := 2, <F1> := 59, <F0> := 7] @ 4.5e-06; [<F2> := 2, <F1> := 60, <F0> := 7] @ 4.5e-06; [<F1> := 51, <F0> := 7] @ 0.099; [<F1> := 52, <F0> := 7] @ 0.099; [<F1> := 53, <F0> := 7] @ 0.099; [<F1> := 54, <F0> := 7] @ 0.099; [<F1> := 55, <F0> := 7] @ 0.099; [<F1> := 56, <F0> := 7] @ 0.099; [<F1> := 57, <F0> := 7] @ 0.099; [<F1> := 58, <F0> := 7] @ 0.099; [<F1> := 59, <F0> := 7] @ 0.099; [<F1> := 60, <F0> := 7] @ 0.099 } and { drop @ 0.001; [<F2> := 1, <F1> := 15, <F0> := 14] @ 0.019; [<F2> := 2, <F1> := 15, <F0> := 14] @ 0.00017; [<F1> := 15, <F0> := 14] @ 0.98 }")
       ("Raised at file \"stdlib.ml\", line 33, characters 17-33"
        "Called from file \"src/Vlr.ml\", line 180, characters 25-30"
        "Called from file \"src/Vlr.ml\", line 242, characters 15-43"
        "Called from file \"async/rpc_compile_branch.ml\", line 41, characters 18-25"
        "Called from file \"src/deferred0.ml\", line 61, characters 64-69"
        "Called from file \"src/job_queue.ml\", line 159, characters 6-47"))))))
  (connection_description ("Client connected via TCP" (atlas-16 33246)))
  (rpc_tag rpc_parallel_plain_0) (rpc_version 0))
 ("Raised at file \"src/error.ml\" (inlined), line 9, characters 14-30"
  "Called from file \"src/or_error.ml\", line 74, characters 17-32"
  "Called from file \"src/deferred1.ml\", line 20, characters 40-45"
  "Called from file \"src/job_queue.ml\", line 159, characters 6-47"))

real	0m48.192s
user	0m0.762s
sys	0m0.034s
