$ prism 30.pm prism.pctl -maxiters 1000000
PRISM
=====

Version: 4.4
Date: Fri Nov 16 02:27:22 EST 2018
Hostname: atlas-18
Memory limits: cudd=1g, java(heap)=964.5m
Command line: prism 30.pm prism.pctl -maxiters 1000000

Parsing model file "30.pm"...

Parsing properties file "prism.pctl"...

1 property:
(1) P=? [ F (__state__=0) ]

Type:        DTMC
Modules:     ProbNetKAT 
Variables:   __state__ pt sw 

---------------------------------------------------------------------

Model checking: P=? [ F (__state__=0) ]

Building model...

Computing reachable states...

Reachability (BFS): 16 iterations in 0.42 seconds (average 0.026250, setup 0.00)

Time for model construction: 315.441 seconds.

Type:        DTMC
States:      74206 (1 initial)
Transitions: 266580

Transition matrix: 246063 nodes (4 terminal), 266580 minterms, vars: 28r/28c

Prob0: 19 iterations in 0.28 seconds (average 0.014789, setup 0.00)

Prob1: 1 iterations in 0.01 seconds (average 0.005000, setup 0.00)

yes = 74206, no = 0, maybe = 0

Value in the initial state: 1.0

Time for model checking: 0.299 seconds.

Result: 1.0 (value in the initial state)


real	5m22.211s
user	6m21.448s
sys	0m7.413s
