$ prism 10.pm prism.pctl -maxiters 1000000
PRISM
=====

Version: 4.4
Date: Fri Nov 16 01:26:01 EST 2018
Hostname: atlas-18
Memory limits: cudd=1g, java(heap)=964.5m
Command line: prism 10.pm prism.pctl -maxiters 1000000

Parsing model file "10.pm"...

Parsing properties file "prism.pctl"...

1 property:
(1) P=? [ F (__state__=0) ]

Type:        DTMC
Modules:     ProbNetKAT 
Variables:   __state__ pt sw 

---------------------------------------------------------------------

Model checking: P=? [ F (__state__=0) ]

Building model...

Computing reachable states...

Reachability (BFS): 16 iterations in 0.02 seconds (average 0.001313, setup 0.00)

Time for model construction: 1.721 seconds.

Type:        DTMC
States:      2736 (1 initial)
Transitions: 4860

Transition matrix: 11860 nodes (4 terminal), 4860 minterms, vars: 19r/19c

Prob0: 19 iterations in 0.07 seconds (average 0.003684, setup 0.00)

Prob1: 1 iterations in 0.00 seconds (average 0.000000, setup 0.00)

yes = 2736, no = 0, maybe = 0

Value in the initial state: 1.0

Time for model checking: 0.079 seconds.

Result: 1.0 (value in the initial state)


real	0m3.506s
user	0m8.062s
sys	0m0.620s
