$ probnetkat.with_topo -fail-with 1/1000 -scheme ECMP -cps -fbound -1 ../../../examples/output/fattree_18_sw_405.dot
[compile server] /home/abilene/.opam/4.07.1+flambda/lib/probnetkat/../../bin/probnetkat.rpc_compile_branch -order (F1 F0 Meta8 Meta6 Meta7 Meta5 Meta3 Meta4 Meta2 Meta1 Meta0 Meta10 Meta9 Meta11 Meta12 Meta13 Meta17 Meta14 Meta15 Meta16 F2 F3 F4 F5 F6 F7 F8 F9 F10 F11 F12 F13 F14 F15 F16 F17 F18 F19 Meta18 Meta19) -cps true -j 3 -rj 3
[compile server] read: input 1 ... received.
[compile server] read: input 2 ... received.
[compile server] read: input 3 ... received.
[compile server] read: input 4 ... received.
[compile server] read: input 5 ... received.
[compile server] read: input 6 ... received.
[compile server] read: input 7 ... received.
[compile server] read: input 8 ... received.
[compile server] read: input 9 ... received.
[compile server] read: input 10 ... received.
[compile server] read: input 11 ... received.
[compile server] read: input 12 ... received.
[compile server] read: input 13 ... received.
[compile server] read: input 14 ... received.
[compile server] read: input 15 ... received.
[compile server] read: input 16 ... received.
[compile server] read: input 17 ... received.
[compile server] read: input 18 ... received.
[compile server] read: input 19 ... received.
[compile server] read: input 20 ... received.
[compile server] read: input 21 ... received.
[compile server] read: input 22 ... received.
[compile server] read: input 23 ... received.
[compile server] read: input 24 ... received.
[compile server] read: input 25 ... received.
[compile server] read: input 26 ... received.
[compile server] read: input 27 ... received.
[compile server] read: input 28 ... received.
[compile server] read: input 29 ... received.
[compile server] read: input 30 ... received.
[compile server] read: input 31 ... received.
[compile server] read: input 32 ... received.
[compile server] read: input 33 ... received.
[compile server] read: input 34 ... received.
[compile server] read: input 35 ... received.
[compile server] read: input 36 ... received.
[compile server] read: input 37 ... received.
[compile server] read: input 38 ... received.
[compile server] read: input 39 ... received.
[compile server] read: input 40 ... received.
[compile server] read: input 41 ... received.
[compile server] read: input 42 ... received.
[compile server] read: input 43 ... received.
[compile server] read: input 44 ... received.
[compile server] read: input 45 ... received.
[compile server] read: input 46 ... received.
[compile server] read: input 47 ... received.
[compile server] read: input 48 ... received.
[compile server] read: input 49 ... received.
[compile server] read: input 50 ... received.
[compile server] read: input 51 ... received.
[compile server] read: input 52 ... received.
[compile server] read: input 53 ... received.
[compile server] read: input 54 ... received.
[compile server] read: input 55 ... received.
[compile server] read: input 56 ... received.
[compile server] read: input 57 ... received.
[compile server] read: input 58 ... received.
[compile server] read: input 59 ... received.
[compile server] read: input 60 ... received.
[compile server] read: input 61 ... received.
[compile server] read: input 62 ... received.
(monitor.ml.Error
 ((rpc_error (Connection_closed ("EOF or connection closed")))
  (connection_description ("Client connected via TCP" (atlas-17 39293)))
  (rpc_tag rpc_parallel_plain_0) (rpc_version 0))
 ("Raised at file \"src/error.ml\" (inlined), line 9, characters 14-30"
  "Called from file \"src/or_error.ml\", line 74, characters 17-32"
  "Called from file \"src/deferred1.ml\", line 20, characters 40-45"
  "Called from file \"src/job_queue.ml\", line 159, characters 6-47"))

real	23m52.123s
user	0m1.158s
sys	0m0.051s
