$ prism 8.pm prism.pctl -maxiters 1000000
PRISM
=====

Version: 4.4
Date: Thu Nov 15 23:46:01 EST 2018
Hostname: atlas-17
Memory limits: cudd=1g, java(heap)=964.5m
Command line: prism 8.pm prism.pctl -maxiters 1000000

Parsing model file "8.pm"...

Parsing properties file "prism.pctl"...

1 property:
(1) P=? [ F (__state__=0) ]

Type:        DTMC
Modules:     ProbNetKAT 
Variables:   __state__ pt sw up_0 up_1 up_2 up_3 up_4 up_5 up_6 up_7 

---------------------------------------------------------------------

Model checking: P=? [ F (__state__=0) ]

Building model...

Computing reachable states...

Reachability (BFS): 47 iterations in 0.07 seconds (average 0.001596, setup 0.00)

Time for model construction: 3.882 seconds.

Type:        DTMC
States:      204677 (1 initial)
Transitions: 408872

Transition matrix: 23333 nodes (6 terminal), 408872 minterms, vars: 28r/28c

Prob0: 51 iterations in 0.09 seconds (average 0.001686, setup 0.00)

Prob1: 21 iterations in 0.07 seconds (average 0.003429, setup 0.00)

yes = 7648, no = 42544, maybe = 154485

Computing remaining probabilities...
Engine: Hybrid

Building hybrid MTBDD matrix... [levels=28, nodes=24912] [1.1 MB]
Adding explicit sparse matrices... [levels=16, num=1383, compact] [849.7 KB]
Creating vector for diagonals... [dist=2, compact] [399.8 KB]
Creating vector for RHS... [dist=2, compact] [399.8 KB]
Allocating iteration vectors... [2 x 1.6 MB]
TOTAL: [5.9 MB]

Starting iterations...

Jacobi: 71 iterations in 0.34 seconds (average 0.001930, setup 0.20)

Value in the initial state: 0.9980976774173683

Time for model checking: 0.526 seconds.

Result: 0.9980976774173683 (value in the initial state)


real	0m6.175s
user	0m10.650s
sys	0m0.638s
