$ prism 16.pm prism.pctl -maxiters 1000000
PRISM
=====

Version: 4.4
Date: Fri Nov 16 01:26:42 EST 2018
Hostname: atlas-18
Memory limits: cudd=1g, java(heap)=964.5m
Command line: prism 16.pm prism.pctl -maxiters 1000000

Parsing model file "16.pm"...

Parsing properties file "prism.pctl"...

1 property:
(1) P=? [ F (__state__=0) ]

Type:        DTMC
Modules:     ProbNetKAT 
Variables:   __state__ pt sw 

---------------------------------------------------------------------

Model checking: P=? [ F (__state__=0) ]

Building model...

Computing reachable states...

Reachability (BFS): 16 iterations in 0.10 seconds (average 0.006125, setup 0.00)

Time for model construction: 14.231 seconds.

Type:        DTMC
States:      11241 (1 initial)
Transitions: 26088

Transition matrix: 30010 nodes (4 terminal), 26088 minterms, vars: 23r/23c

Prob0: 19 iterations in 0.03 seconds (average 0.001632, setup 0.00)

Prob1: 1 iterations in 0.00 seconds (average 0.000000, setup 0.00)

yes = 11241, no = 0, maybe = 0

Value in the initial state: 1.0

Time for model checking: 0.038 seconds.

Result: 1.0 (value in the initial state)


real	0m16.353s
user	0m22.170s
sys	0m0.997s
