$ prism 6.pm prism.pctl -maxiters 1000000
PRISM
=====

Version: 4.4
Date: Thu Nov 15 23:14:09 EST 2018
Hostname: atlas-16
Memory limits: cudd=1g, java(heap)=964.5m
Command line: prism 6.pm prism.pctl -maxiters 1000000

Parsing model file "6.pm"...

Parsing properties file "prism.pctl"...

1 property:
(1) P=? [ F (__state__=0) ]

Type:        DTMC
Modules:     ProbNetKAT 
Variables:   __state__ f10s2 pt sw up_0 up_1 up_2 up_3 up_4 up_5 

---------------------------------------------------------------------

Model checking: P=? [ F (__state__=0) ]

Building model...

Computing reachable states...

Reachability (BFS): 43 iterations in 0.07 seconds (average 0.001535, setup 0.00)

Time for model construction: 4.995 seconds.

Type:        DTMC
States:      46153 (1 initial)
Transitions: 80937

Transition matrix: 21068 nodes (7 terminal), 80937 minterms, vars: 26r/26c

Prob0: 46 iterations in 0.07 seconds (average 0.001587, setup 0.00)

Prob1: 18 iterations in 0.06 seconds (average 0.003444, setup 0.00)

yes = 1158, no = 5951, maybe = 39044

Computing remaining probabilities...
Engine: Hybrid

Building hybrid MTBDD matrix... [levels=26, nodes=22022] [1.0 MB]
Adding explicit sparse matrices... [levels=26, num=1, compact] [288.1 KB]
Creating vector for diagonals... [dist=3, compact] [90.2 KB]
Creating vector for RHS... [dist=2, compact] [90.2 KB]
Allocating iteration vectors... [2 x 360.6 KB]
TOTAL: [2.2 MB]

Starting iterations...

Jacobi: 71 iterations in 0.15 seconds (average 0.000366, setup 0.13)

Value in the initial state: 0.9989991157467925

Time for model checking: 0.313 seconds.

Result: 0.9989991157467925 (value in the initial state)


real	0m6.607s
user	0m9.632s
sys	0m0.512s
