$ prism 4.pm prism.pctl -maxiters 1000000
PRISM
=====

Version: 4.4
Date: Thu Nov 15 23:14:02 EST 2018
Hostname: atlas-16
Memory limits: cudd=1g, java(heap)=964.5m
Command line: prism 4.pm prism.pctl -maxiters 1000000

Parsing model file "4.pm"...

Parsing properties file "prism.pctl"...

1 property:
(1) P=? [ F (__state__=0) ]

Type:        DTMC
Modules:     ProbNetKAT 
Variables:   __state__ f10s2 pt sw up_0 up_1 up_2 up_3 

---------------------------------------------------------------------

Model checking: P=? [ F (__state__=0) ]

Building model...

Computing reachable states...

Reachability (BFS): 36 iterations in 0.08 seconds (average 0.002333, setup 0.00)

Time for model construction: 0.79 seconds.

Type:        DTMC
States:      3011 (1 initial)
Transitions: 4252

Transition matrix: 5462 nodes (6 terminal), 4252 minterms, vars: 20r/20c

Prob0: 38 iterations in 0.04 seconds (average 0.000921, setup 0.00)

Prob1: 13 iterations in 0.01 seconds (average 0.000846, setup 0.00)

yes = 174, no = 674, maybe = 2163

Computing remaining probabilities...
Engine: Hybrid

Building hybrid MTBDD matrix... [levels=20, nodes=5160] [241.9 KB]
Adding explicit sparse matrices... [levels=20, num=1, compact] [14.4 KB]
Creating vector for diagonals... [dist=2, compact] [5.9 KB]
Creating vector for RHS... [dist=2, compact] [5.9 KB]
Allocating iteration vectors... [2 x 23.5 KB]
TOTAL: [315.1 KB]

Starting iterations...

Jacobi: 51 iterations in 0.01 seconds (average 0.000020, setup 0.01)

Value in the initial state: 0.9989964321479984

Time for model checking: 0.062 seconds.

Result: 0.9989964321479984 (value in the initial state)


real	0m2.220s
user	0m5.169s
sys	0m0.467s
