$ probnetkat.with_topo -fail-with 1/1000 -scheme F10 -cps ../../examples/output/abfattree_8_sw_80.dot
[compile server] /home/abilene/.opam/4.07.1/lib/probnetkat/../../bin/probnetkat.rpc_compile_branch -order (F1 F0 Meta0 Meta7 Meta5 Meta2 Meta3 Meta6 Meta1 Meta4 F2 F3 F4 F5 F6 F7 F8 F9 F10 F11 F12 F13 F14 F15 F16 F17 F18 F19 Meta8 Meta9 Meta10 Meta11 Meta12 Meta13 Meta14 Meta15 Meta16 Meta17 Meta18 Meta19) -cps true -j 32 -rj 32
[compile server] read: input 1 ... received.
[compile server] read: input 2 ... received.
[compile server] read: input 3 ... received.
[compile server] read: input 4 ... received.
[compile server] read: input 5 ... received.
[compile server] read: input 6 ... received.
[compile server] read: input 7 ... received.
[compile server] read: input 8 ... received.
[compile server] read: input 9 ... received.
[compile server] read: input 10 ... received.
[compile server] read: input 11 ... received.
[compile server] read: input 12 ... received.
[compile server] read: input 13 ... received.
[compile server] read: input 14 ... received.
[compile server] read: input 15 ... received.
[compile server] read: input 16 ... received.
[compile server] read: input 17 ... received.
[compile server] read: input 18 ... received.
[compile server] read: input 19 ... received.
[compile server] read: input 20 ... received.
[compile server] read: input 21 ... received.
[compile server] read: input 22 ... received.
[compile server] read: input 23 ... received.
[compile server] read: input 24 ... received.
[compile server] read: input 25 ... received.
[compile server] read: input 26 ... received.
[compile server] read: input 27 ... received.
[compile server] read: input 28 ... received.
[compile server] read: input 29 ... received.
[compile server] read: input 30 ... received.
[compile server] read: input 31 ... received.
[compile server] read: input 32 ... received.
[compile server] read: input 33 ... received.
[compile server] read: input 34 ... received.
[compile server] read: input 35 ... received.
[compile server] read: input 36 ... received.
[compile server] read: input 37 ... received.
[compile server] read: input 38 ... received.
[compile server] read: input 39 ... received.
[compile server] read: input 40 ... received.
[compile server] read: input 41 ... received.
[compile server] read: input 42 ... received.
[compile server] read: input 43 ... received.
[compile server] read: input 44 ... received.
[compile server] read: input 45 ... received.
[compile server] read: input 46 ... received.
[compile server] read: input 47 ... received.
[compile server] read: input 48 ... received.
[compile server] read: input 49 ... received.
[compile server] read: input 50 ... received.
[compile server] read: input 51 ... received.
[compile server] read: input 52 ... received.
[compile server] read: input 53 ... received.
[compile server] read: input 54 ... received.
[compile server] read: input 55 ... received.
[compile server] read: input 56 ... received.
[compile server] read: input 57 ... received.
[compile server] read: input 58 ... received.
[compile server] read: input 59 ... received.
[compile server] read: input 60 ... received.
[compile server] read: input 61 ... received.
[compile server] read: input 62 ... received.
[compile server] read: input 63 ... received.
[compile server] read: input 64 ... received.
[compile server] read: input 65 ... received.
[compile server] read: input 66 ... received.
[compile server] read: input 67 ... received.
[compile server] read: input 68 ... received.
[compile server] read: input 69 ... received.
[compile server] read: input 70 ... received.
[compile server] read: input 71 ... received.
[compile server] read: input 72 ... received.
[compile server] read: input 73 ... received.
[compile server] read: input 74 ... received.
[compile server] read: input 75 ... received.
[compile server] read: input 76 ... received.
[compile server] read: input 77 ... received.
[compile server] read: input 78 ... received.
[compile server] read: input 79 ... received.
[compile server] read: input 80 ... eof.
[compile server] -> all inputs received!
[compile server] sending back result...
[compile server] -> done.
[compile server] Shutting down. Bye.
start sending fdds as matrices to python...
start sending ap...
start naive fixpoint...
--> sending ap done! 0.682869 seconds
start sending not_a...
--> sending not_a done! 0.003430 seconds
--> sending fdds as matrices to python done! 0.686340 seconds
*** python won race!
start receive result from python...
--> receive result from python done! 0.115321 seconds
start matrix -> fdd conversion...
--> matrix -> fdd conversion done! 0.369831 seconds
E[delivered] = 15030329518257450658918835877200224836011432320428378668245290245269148496992201555101040122789969295655918119252417610478112473767161128264328533079780932484245168/15045374893192879785899654455650288170500011575437928970211998486935981646127064388552577466962974156393769574805873059250488156185985431849403075362058463690736325
E[delivered] ≈ 0.999000

real	0m5.859s
user	0m5.661s
sys	0m4.730s
